生成启动时间为 2016/6/20 15:47:28。
     1>项目“E:\testim\UiLib\DuiLib.vcxproj”在节点 2 上(build 个目标)。
     1>InitializeBuildStatus:
         正在创建“..\Bin\DuiLib\obj\Debug\DuiLib.unsuccessfulbuild”，因为已指定“AlwaysCreate”。
       ClCompile:
         所有输出均为最新。
         所有输出均为最新。
         所有输出均为最新。
         所有输出均为最新。
       Link:
         C:\Program Files (x86)\Microsoft Visual Studio 10.0\VC\bin\link.exe /ERRORREPORT:PROMPT /OUT:"..\Bin\UPIM\Debug\DuiLib_d.dll" /INCREMENTAL:NO /NOLOGO /LIBPATH:.\lib kernel32.lib user32.lib gdi32.lib winspool.lib comdlg32.lib advapi32.lib shell32.lib ole32.lib oleaut32.lib uuid.lib odbc32.lib odbccp32.lib /MANIFEST:NO /DEBUG /PDB:"..\Bin\UPIM\Debug\DuiLib_d.pdb" /TLBID:1 /BASE:"0x11000000" /DYNAMICBASE /NXCOMPAT /IMPLIB:"lib\DuiLib_d.lib" /MACHINE:X86 /DLL ..\Bin\DuiLib\obj\Debug\UIGifAnim.obj
         ..\Bin\DuiLib\obj\Debug\StdAfx.obj
         ..\Bin\DuiLib\obj\Debug\UIlib.obj
         ..\Bin\DuiLib\obj\Debug\UIShadow.obj
         ..\Bin\DuiLib\obj\Debug\WinImplBase.obj
         ..\Bin\DuiLib\obj\Debug\stb_image.obj
         ..\Bin\DuiLib\obj\Debug\UIDelegate.obj
         ..\Bin\DuiLib\obj\Debug\Utils.obj
         ..\Bin\DuiLib\obj\Debug\XUnzip.obj
         ..\Bin\DuiLib\obj\Debug\UIBase.obj
         ..\Bin\DuiLib\obj\Debug\UIContainer.obj
         ..\Bin\DuiLib\obj\Debug\UIControl.obj
         ..\Bin\DuiLib\obj\Debug\UIDlgBuilder.obj
         ..\Bin\DuiLib\obj\Debug\UIManager.obj
         ..\Bin\DuiLib\obj\Debug\UIMarkup.obj
         ..\Bin\DuiLib\obj\Debug\UIRender.obj
         ..\Bin\DuiLib\obj\Debug\UIChildLayout.obj
         ..\Bin\DuiLib\obj\Debug\UIHorizontalLayout.obj
         ..\Bin\DuiLib\obj\Debug\UITabLayout.obj
         ..\Bin\DuiLib\obj\Debug\UITileLayout.obj
         ..\Bin\DuiLib\obj\Debug\UIVerticalLayout.obj
         ..\Bin\DuiLib\obj\Debug\UIActiveX.obj
         ..\Bin\DuiLib\obj\Debug\UIButton.obj
         ..\Bin\DuiLib\obj\Debug\UICheckBox.obj
         ..\Bin\DuiLib\obj\Debug\UICombo.obj
         ..\Bin\DuiLib\obj\Debug\UIComboBox.obj
         ..\Bin\DuiLib\obj\Debug\UIDateTime.obj
         ..\Bin\DuiLib\obj\Debug\UIEdit.obj
         ..\Bin\DuiLib\obj\Debug\UIFlash.obj
         ..\Bin\DuiLib\obj\Debug\UILabel.obj
         ..\Bin\DuiLib\obj\Debug\UIList.obj
         ..\Bin\DuiLib\obj\Debug\UIOption.obj
         ..\Bin\DuiLib\obj\Debug\UIProgress.obj
         ..\Bin\DuiLib\obj\Debug\UIRichEdit.obj
         ..\Bin\DuiLib\obj\Debug\UIScrollBar.obj
         ..\Bin\DuiLib\obj\Debug\UISlider.obj
         ..\Bin\DuiLib\obj\Debug\UIText.obj
         ..\Bin\DuiLib\obj\Debug\UITreeView.obj
         ..\Bin\DuiLib\obj\Debug\UIWebBrowser.obj
            正在创建库 lib\DuiLib_d.lib 和对象 lib\DuiLib_d.exp
         DuiLib.vcxproj -> E:\testim\UiLib\..\Bin\UPIM\Debug\DuiLib_d.dll
       FinalizeBuildStatus:
         正在删除文件“..\Bin\DuiLib\obj\Debug\DuiLib.unsuccessfulbuild”。
         正在对“..\Bin\DuiLib\obj\Debug\DuiLib.lastbuildstate”执行 Touch 任务。
     1>已完成生成项目“E:\testim\UiLib\DuiLib.vcxproj”(build 个目标)的操作。

生成成功。

已用时间 00:00:00.55
