2016-03-03 16:37:38,347 InitRichEditCom Start!
2016-03-03 16:37:39,606 Socket Connect OK! [ConnID:1]
2016-03-03 16:37:39,700 RecvData: iLength:311 nLen:286 Req:5001
2016-03-03 16:37:39,716 Recv:[UPIM_REQ_CHECKPWD]
2016-03-03 16:37:39,732 Send:[UPIM_REQ_ALLTGROOM] userid:1142
2016-03-03 16:37:39,741 T_OFFMSG ADD
2016-03-03 16:37:39,755 RecvData: iLength:197 nLen:172 Req:5040
2016-03-03 16:37:39,766 Recv:[UPIM_REQ_ALLTGROOM] ItemNum:1
2016-03-03 16:37:39,778 Send:[UPIM_REQ_ALLROOMTOUSER] userid:1142 roomid:1143
2016-03-03 16:37:39,801 RecvData: iLength:2770 nLen:2745 Req:5042
2016-03-03 16:37:39,811 Recv:[UPIM_REQ_ALLROOMTOUSER] ItemNum:100
2016-03-03 16:37:39,825 Send:[UPIM_REQ_GETGROUP] userid:1142
2016-03-03 16:37:39,836 RecvData: iLength:2885 nLen:2860 Req:5042
2016-03-03 16:37:39,847 Recv:[UPIM_REQ_ALLROOMTOUSER] ItemNum:100
2016-03-03 16:37:39,868 FILE: [E:\WORK\Bin\UPIM\Release\UPIMUser\1142\head\my.jpg]
2016-03-03 16:37:39,873 Send:[UPIM_REQ_GETGROUP] userid:1142
2016-03-03 16:37:39,893 CreateTgRoomAccNode PID:1143 PNAME:大赢家（VIP） PNOTE:<p>大道至简，用专业改变格局！</p><p><br /></p>
2016-03-03 16:37:39,894 RecvData: iLength:1894 nLen:1869 Req:5042
2016-03-03 16:37:39,906 0--yaochen0827
2016-03-03 16:37:39,919 Recv:[UPIM_REQ_ALLROOMTOUSER] ItemNum:65
2016-03-03 16:37:39,931 1--zhongliugema
2016-03-03 16:37:39,943 ### Packet Separator ERROR!
2016-03-03 16:37:39,956 2--kikiwuqie
2016-03-03 16:37:39,968 RecvData: iLength:129 nLen:104 Req:5043
2016-03-03 16:37:39,980 3--591
2016-03-03 16:37:39,992 Recv:[UPIM_REQ_GETGROUP] ItemNum:2
2016-03-03 16:37:40,004 4--yzy.jhd
2016-03-03 16:37:40,017 Send:[UPIM_REQ_GETGUSER] userid:1142 ngroupid:115
2016-03-03 16:37:40,029 5--tougu888
2016-03-03 16:37:40,042 Send:[UPIM_REQ_GETGUSER] userid:1142 ngroupid:117
2016-03-03 16:37:40,054 6--80167
2016-03-03 16:37:40,067 RecvData: iLength:129 nLen:104 Req:5043
2016-03-03 16:37:40,079 7--1701
2016-03-03 16:37:40,090 Recv:[UPIM_REQ_GETGROUP] ItemNum:2
2016-03-03 16:37:40,104 8--728
2016-03-03 16:37:40,115 Send:[UPIM_REQ_GETGUSER] userid:1142 ngroupid:115
2016-03-03 16:37:40,129 9--michealowen
2016-03-03 16:37:40,140 Send:[UPIM_REQ_GETGUSER] userid:1142 ngroupid:117
2016-03-03 16:37:40,152 10--jmdcf1706
2016-03-03 16:37:40,167 RecvData: iLength:74 nLen:49 Req:5044
2016-03-03 16:37:40,196 11--6226
2016-03-03 16:37:40,198 Recv:[UPIM_REQ_GETGUSER] ItemNum:2 GroupId=115
2016-03-03 16:37:40,209 12--bccfkf
2016-03-03 16:37:40,221 RecvData: iLength:42 nLen:17 Req:5044
2016-03-03 16:37:40,234 13--jmdgjs
2016-03-03 16:37:40,246 RecvData: iLength:74 nLen:49 Req:5044
2016-03-03 16:37:40,259 14--775
2016-03-03 16:37:40,271 Recv:[UPIM_REQ_GETGUSER] ItemNum:2 GroupId=115
2016-03-03 16:37:40,292 15--kundera5010
2016-03-03 16:37:40,304 RecvData: iLength:42 nLen:17 Req:5044
2016-03-03 16:37:40,316 16--uptrade
2016-03-03 16:37:40,340 17--xiaodao006
2016-03-03 16:37:40,354 18--onleading
2016-03-03 16:37:40,366 19--jhdxx
2016-03-03 16:37:40,377 20--wgn10048547
2016-03-03 16:37:40,391 21--665066
2016-03-03 16:37:40,402 22--13935582984
2016-03-03 16:37:40,415 23--wwuqing
2016-03-03 16:37:40,427 24--cy1295
2016-03-03 16:37:40,439 25--jhdcf1688
2016-03-03 16:37:40,452 26--sunlightmjl
2016-03-03 16:37:40,496 27--wdh08859941
2016-03-03 16:37:40,518 28--y13719246136
2016-03-03 16:37:40,530 29--lilang
2016-03-03 16:37:40,543 30--ksmwx
2016-03-03 16:37:40,555 31--99977633
2016-03-03 16:37:40,566 32--jessen09
2016-03-03 16:37:40,579 33--ycchxs
2016-03-03 16:37:40,591 34--y080911
2016-03-03 16:37:40,604 35--ye202006
2016-03-03 16:37:40,616 36--zhanghuang
2016-03-03 16:37:40,628 37--531658080
2016-03-03 16:37:40,641 38--388
2016-03-03 16:37:40,654 39--lkx469440143
2016-03-03 16:37:40,666 40--dabobo
2016-03-03 16:37:40,711 41--8820678
2016-03-03 16:37:40,724 42--1095587911
2016-03-03 16:37:40,735 43--zhoumaohu
2016-03-03 16:37:40,747 44--chenhuaqing888
2016-03-03 16:37:40,761 45--15161
2016-03-03 16:37:40,772 46--ouyang666
2016-03-03 16:37:40,785 47--liao28
2016-03-03 16:37:40,797 48--yunlaowang
2016-03-03 16:37:40,809 49--huangjinlian88
2016-03-03 16:37:40,824 50--kewei2015
2016-03-03 16:37:40,834 51--muzili288
2016-03-03 16:37:40,847 52--yuwenhua123
2016-03-03 16:37:40,858 53--cnitx
2016-03-03 16:37:40,870 54--gene
2016-03-03 16:37:40,884 55--ddz1988
2016-03-03 16:37:40,895 56--up_call_m_010
2016-03-03 16:37:40,908 57--502
2016-03-03 16:37:40,920 58--maqi
2016-03-03 16:37:40,933 59--shazuer
2016-03-03 16:37:40,946 60--240192205
2016-03-03 16:37:40,957 61--ogame
2016-03-03 16:37:40,970 62--cxlbest6508
2016-03-03 16:37:40,983 63--1captain
2016-03-03 16:37:40,994 64--yangjn6189
2016-03-03 16:37:41,006 65--55zhang
2016-03-03 16:37:41,018 66--jinshouzhi
2016-03-03 16:37:41,033 67--zhoushengsen
2016-03-03 16:37:41,046 68--xiaoqian88
2016-03-03 16:37:41,059 69--up33333
2016-03-03 16:37:41,072 70--jhjh
2016-03-03 16:37:41,087 71--evagj
2016-03-03 16:37:41,097 72--zhouhua8311
2016-03-03 16:37:41,111 73--mingqwe
2016-03-03 16:37:41,123 74--baijian1963
2016-03-03 16:37:41,136 75--ljsheng90
2016-03-03 16:37:41,149 76--cherrygw
2016-03-03 16:37:41,162 77--hzwangzg
2016-03-03 16:37:41,175 78--bwin188
2016-03-03 16:37:41,225 79--hehu.16
2016-03-03 16:37:41,242 80--hy88122788
2016-03-03 16:37:41,254 81--cmt777
2016-03-03 16:37:41,268 82--jiamusi0454
2016-03-03 16:37:41,280 83--longxiaozheng
2016-03-03 16:37:41,294 84--791014j
2016-03-03 16:37:41,306 85--lhx1368
2016-03-03 16:37:41,319 86--120000114191
2016-03-03 16:37:41,331 87--em056457
2016-03-03 16:37:41,345 88--nana93648
2016-03-03 16:37:41,357 89--paleann
2016-03-03 16:37:41,371 90--660005411
2016-03-03 16:37:41,383 91--xyhh
2016-03-03 16:37:41,397 92--535757699
2016-03-03 16:37:41,409 93--cwb35100126.co
2016-03-03 16:37:41,423 94--wp23540ss
2016-03-03 16:37:41,435 95--skier
2016-03-03 16:37:41,448 96--foxyuer88
2016-03-03 16:37:41,462 97--jigivans
2016-03-03 16:37:41,473 98--123456789zx
2016-03-03 16:37:41,486 99--ysd_yz
2016-03-03 16:37:41,499 100--119168
2016-03-03 16:37:41,512 101--yuan007
2016-03-03 16:37:41,528 102--ywbtj
2016-03-03 16:37:41,546 103--zb15100330
2016-03-03 16:37:41,559 104--dy2236307
2016-03-03 16:37:41,572 105--458973003
2016-03-03 16:37:41,584 106--rsky2000
2016-03-03 16:37:41,606 107--pbx007
2016-03-03 16:37:41,618 108--196410271256
2016-03-03 16:37:41,632 109--070000001068
2016-03-03 16:37:41,644 110--youyudetiankon
2016-03-03 16:37:41,658 111--zdw123456789
2016-03-03 16:37:41,670 112--haoyun568
2016-03-03 16:37:41,686 113--huchongboce109
2016-03-03 16:37:41,716 114--19123707
2016-03-03 16:37:41,734 115--zhuyi1
2016-03-03 16:37:41,746 116--tangyingyu
2016-03-03 16:37:41,759 117--hyysu
2016-03-03 16:37:41,772 118--qmj334455
2016-03-03 16:37:41,785 119--41232619660626
2016-03-03 16:37:41,798 120--fc866866
2016-03-03 16:37:41,810 121--13859904048
2016-03-03 16:37:41,824 122--guminwangwang
2016-03-03 16:37:41,837 123--13901334316
2016-03-03 16:37:41,851 124--stock19800619
2016-03-03 16:37:41,862 125--13302900000
2016-03-03 16:37:41,875 126--wangcc132
2016-03-03 16:37:41,888 127--chaziyanhongqi
2016-03-03 16:37:41,901 128--abcd56789
2016-03-03 16:37:41,914 129--hbczcwh
2016-03-03 16:37:41,927 130--68754236
2016-03-03 16:37:41,940 131--sangqing
2016-03-03 16:37:41,953 132--ytx871238
2016-03-03 16:37:41,965 133--416903482
2016-03-03 16:37:41,977 134--luo124863
2016-03-03 16:37:41,992 135--ahczc00055
2016-03-03 16:37:42,003 136--zjh6000
2016-03-03 16:37:42,017 137--lqlxy001
2016-03-03 16:37:42,029 138--lqywd
2016-03-03 16:37:42,043 139--hnyifu
2016-03-03 16:37:42,055 140--18674800653
2016-03-03 16:37:42,069 141--mnbvcxz
2016-03-03 16:37:42,081 142--wwwzzz12345678
2016-03-03 16:37:42,094 143--13901051425
2016-03-03 16:37:42,106 144--nong8286
2016-03-03 16:37:42,121 145--15611818246
2016-03-03 16:37:42,132 146--lqx2759
2016-03-03 16:37:42,146 147--y1081088
2016-03-03 16:37:42,158 148--wu83978368
2016-03-03 16:37:42,172 149--ws7189
2016-03-03 16:37:42,184 150--hy369147
2016-03-03 16:37:42,198 151--284927800
2016-03-03 16:37:42,235 152--092112889
2016-03-03 16:37:42,247 153--53016545688
2016-03-03 16:37:42,269 154--13979081234
2016-03-03 16:37:42,281 155--guoling1210
2016-03-03 16:37:42,307 156--zvc
2016-03-03 16:37:42,320 157--15062246
2016-03-03 16:37:42,358 158--paabb1978
2016-03-03 16:37:42,386 159--robin188684696
2016-03-03 16:37:42,414 160--lw8897
2016-03-03 16:37:42,436 161--lcj68084685
2016-03-03 16:37:42,448 162--lsy22122
2016-03-03 16:37:42,462 163--hqdj262
2016-03-03 16:37:42,512 164--13773881023
2016-03-03 16:37:42,531 165--13755681799
2016-03-03 16:37:42,543 166--10135277
2016-03-03 16:37:42,557 167--1820209
2016-03-03 16:37:42,569 168--11330088
2016-03-03 16:37:42,582 169--jing0326
2016-03-03 16:37:42,595 170--yanhuasanyu
2016-03-03 16:37:42,608 171--15351756120
2016-03-03 16:37:42,621 172--490522
2016-03-03 16:37:42,634 173--flytiger2015
2016-03-03 16:37:42,648 174--wlcbdlgs
2016-03-03 16:37:42,660 175--qq35142320
2016-03-03 16:37:42,672 176--1444074764
2016-03-03 16:37:42,686 177--wz511066
2016-03-03 16:37:42,700 178--hsz789789
2016-03-03 16:37:42,734 179--13718813852
2016-03-03 16:37:42,749 180--wywziywy
2016-03-03 16:37:42,761 181--099909990999
2016-03-03 16:37:42,774 182--1202028668
2016-03-03 16:37:42,787 183--13701031280
2016-03-03 16:37:42,801 184--799132819
2016-03-03 16:37:42,812 185--wwyy123456789
2016-03-03 16:37:42,835 186--1269563321
2016-03-03 16:37:42,847 187--aolinsong
2016-03-03 16:37:42,860 188--zhangsh876
2016-03-03 16:37:42,873 189--13993195097
2016-03-03 16:37:42,886 190--a13753701987
2016-03-03 16:37:42,898 191--1365859312
2016-03-03 16:37:42,914 192--0602679
2016-03-03 16:37:42,924 193--as3399
2016-03-03 16:37:42,938 194--liaowangjiao
2016-03-03 16:37:43,037 T_OFFMSG DEL
2016-03-03 16:37:43,054 FILE: [E:\WORK\Bin\UPIM\Release\UPIMUser\1142\head\yaochen0827.jpg]
2016-03-03 16:37:43,055 Send:[UPIM_REQ_OFFMSG] userid:1142
2016-03-03 16:37:43,103 FILE: [E:\WORK\Bin\UPIM\Release\UPIMUser\1142\head\zhongliugema.jpg]
2016-03-03 16:37:43,129 FILE: [E:\WORK\Bin\UPIM\Release\UPIMUser\1142\head\zhongliugema.jpg]
2016-03-03 16:37:43,166 FILE: [E:\WORK\Bin\UPIM\Release\UPIMUser\1142\head\kikiwuqie.jpg]
2016-03-03 16:37:43,223 FILE: [E:\WORK\Bin\UPIM\Release\UPIMUser\1142\head\591.jpg]
2016-03-03 16:37:43,261 FILE: [E:\WORK\Bin\UPIM\Release\UPIMUser\1142\head\591.jpg]
2016-03-03 16:37:43,378 FILE: [E:\WORK\Bin\UPIM\Release\UPIMUser\1142\head\1701.jpg]
2016-03-03 16:37:43,442 FILE: [E:\WORK\Bin\UPIM\Release\UPIMUser\1142\head\728.jpg]
2016-03-03 16:37:43,518 FILE: [E:\WORK\Bin\UPIM\Release\UPIMUser\1142\head\jmdcf1706.jpg]
2016-03-03 16:37:43,568 FILE: [E:\WORK\Bin\UPIM\Release\UPIMUser\1142\head\6226.jpg]
2016-03-03 16:37:43,614 FILE: [E:\WORK\Bin\UPIM\Release\UPIMUser\1142\head\6226.jpg]
2016-03-03 16:37:43,630 FILE: [E:\WORK\Bin\UPIM\Release\UPIMUser\1142\head\bccfkf.jpg]
2016-03-03 16:37:43,722 FILE: [E:\WORK\Bin\UPIM\Release\UPIMUser\1142\head\jmdgjs.jpg]
2016-03-03 16:37:43,796 FILE: [E:\WORK\Bin\UPIM\Release\UPIMUser\1142\head\775.jpg]
2016-03-03 16:37:43,821 FILE: [E:\WORK\Bin\UPIM\Release\UPIMUser\1142\head\775.jpg]
2016-03-03 16:37:43,901 FILE: [E:\WORK\Bin\UPIM\Release\UPIMUser\1142\head\uptrade.jpg]
2016-03-03 16:37:43,949 FILE: [E:\WORK\Bin\UPIM\Release\UPIMUser\1142\head\xiaodao006.jpg]
2016-03-03 16:37:44,022 FILE: [E:\WORK\Bin\UPIM\Release\UPIMUser\1142\head\onleading.jpg]
2016-03-03 16:37:44,261 FILE: [E:\WORK\Bin\UPIM\Release\UPIMUser\1142\head\jhdcf1688.jpg]
2016-03-03 16:37:44,508 FILE: [E:\WORK\Bin\UPIM\Release\UPIMUser\1142\head\sunlightmjl.jpg]
2016-03-03 16:37:44,642 FILE: [E:\WORK\Bin\UPIM\Release\UPIMUser\1142\head\lilang.jpg]
2016-03-03 16:37:44,734 FILE: [E:\WORK\Bin\UPIM\Release\UPIMUser\1142\head\99977633.jpg]
2016-03-03 16:37:44,775 StopClient
2016-03-03 16:37:44,787 [SUCCESS]Socket Close ConnID:1
2016-03-03 16:37:44,790 FILE: [E:\WORK\Bin\UPIM\Release\UPIMUser\1142\head\jessen09.jpg]
2016-03-03 16:37:44,799 1# CMyClient::OnClose
