2016-03-03 17:06:31,981 InitRichEditCom Start!
2016-03-03 17:06:33,952 Socket Connect OK! [ConnID:1]
2016-03-03 17:06:33,982 RecvData: iLength:311 nLen:286 Req:5001
2016-03-03 17:06:33,999 Recv:[UPIM_REQ_CHECKPWD]
2016-03-03 17:06:34,019 Send:[UPIM_REQ_ALLTGROOM] userid:1142
2016-03-03 17:06:34,033 T_OFFMSG ADD
2016-03-03 17:06:34,046 RecvData: iLength:197 nLen:172 Req:5040
2016-03-03 17:06:34,058 Recv:[UPIM_REQ_ALLTGROOM] ItemNum:1
2016-03-03 17:06:34,070 Send:[UPIM_REQ_ALLROOMTOUSER] userid:1142 roomid:1143
2016-03-03 17:06:34,089 RecvData: iLength:2770 nLen:2745 Req:5042
2016-03-03 17:06:34,103 Recv:[UPIM_REQ_ALLROOMTOUSER] ItemNum:100
2016-03-03 17:06:34,118 Send:[UPIM_REQ_GETGROUP] userid:1142
2016-03-03 17:06:34,129 RecvData: iLength:2885 nLen:2860 Req:5042
2016-03-03 17:06:34,141 Recv:[UPIM_REQ_ALLROOMTOUSER] ItemNum:100
2016-03-03 17:06:34,159 FILE: [E:\WORK\Bin\UPIM\Release\UPIMUser\1142\head\my.jpg]
2016-03-03 17:06:34,160 Send:[UPIM_REQ_GETGROUP] userid:1142
2016-03-03 17:06:34,187 CreateTgRoomAccNode PID:1143 PNAME:大赢家（VIP） PNOTE:<p>大道至简，用专业改变格局！</p><p><br /></p>
2016-03-03 17:06:34,188 RecvData: iLength:1954 nLen:1929 Req:5042
2016-03-03 17:06:34,200 0--yaochen0827
2016-03-03 17:06:34,213 Recv:[UPIM_REQ_ALLROOMTOUSER] ItemNum:67
2016-03-03 17:06:34,225 1--zhongliugema
2016-03-03 17:06:34,237 ### Packet Separator ERROR!
2016-03-03 17:06:34,250 2--kikiwuqie
2016-03-03 17:06:34,264 RecvData: iLength:129 nLen:104 Req:5043
2016-03-03 17:06:34,277 3--591
2016-03-03 17:06:34,287 Recv:[UPIM_REQ_GETGROUP] ItemNum:2
2016-03-03 17:06:34,301 4--yzy.jhd
2016-03-03 17:06:34,312 Send:[UPIM_REQ_GETGUSER] userid:1142 ngroupid:115
2016-03-03 17:06:34,326 5--tougu888
2016-03-03 17:06:34,338 Send:[UPIM_REQ_GETGUSER] userid:1142 ngroupid:117
2016-03-03 17:06:34,350 6--80167
2016-03-03 17:06:34,363 RecvData: iLength:129 nLen:104 Req:5043
2016-03-03 17:06:34,375 7--1701
2016-03-03 17:06:34,388 Recv:[UPIM_REQ_GETGROUP] ItemNum:2
2016-03-03 17:06:34,400 8--728
2016-03-03 17:06:34,413 Send:[UPIM_REQ_GETGUSER] userid:1142 ngroupid:115
2016-03-03 17:06:34,425 9--michealowen
2016-03-03 17:06:34,437 Send:[UPIM_REQ_GETGUSER] userid:1142 ngroupid:117
2016-03-03 17:06:34,452 10--jmdcf1706
2016-03-03 17:06:34,464 RecvData: iLength:74 nLen:49 Req:5044
2016-03-03 17:06:34,477 11--6226
2016-03-03 17:06:34,487 Recv:[UPIM_REQ_GETGUSER] ItemNum:2 GroupId=115
2016-03-03 17:06:34,501 12--bccfkf
2016-03-03 17:06:34,512 RecvData: iLength:42 nLen:17 Req:5044
2016-03-03 17:06:34,525 13--jmdgjs
2016-03-03 17:06:34,538 RecvData: iLength:74 nLen:49 Req:5044
2016-03-03 17:06:34,550 14--775
2016-03-03 17:06:34,562 Recv:[UPIM_REQ_GETGUSER] ItemNum:2 GroupId=115
2016-03-03 17:06:34,575 15--kundera5010
2016-03-03 17:06:34,588 RecvData: iLength:42 nLen:17 Req:5044
2016-03-03 17:06:34,601 16--uptrade
2016-03-03 17:06:34,625 17--xiaodao006
2016-03-03 17:06:34,638 18--onleading
2016-03-03 17:06:34,650 19--jhdxx
2016-03-03 17:06:34,665 20--wgn10048547
2016-03-03 17:06:34,713 21--665066
2016-03-03 17:06:34,729 22--13935582984
2016-03-03 17:06:34,742 23--wwuqing
2016-03-03 17:06:34,754 24--cy1295
2016-03-03 17:06:34,765 25--jhdcf1688
2016-03-03 17:06:34,779 26--sunlightmjl
2016-03-03 17:06:34,792 27--wdh08859941
2016-03-03 17:06:34,805 28--y13719246136
2016-03-03 17:06:34,816 29--lilang
2016-03-03 17:06:34,829 30--ksmwx
2016-03-03 17:06:34,841 31--99977633
2016-03-03 17:06:34,853 32--jessen09
2016-03-03 17:06:34,866 33--ycchxs
2016-03-03 17:06:34,878 34--y080911
2016-03-03 17:06:34,892 35--ye202006
2016-03-03 17:06:34,904 36--zhanghuang
2016-03-03 17:06:34,918 37--531658080
2016-03-03 17:06:34,930 38--388
2016-03-03 17:06:34,941 39--lkx469440143
2016-03-03 17:06:34,954 40--dabobo
2016-03-03 17:06:34,966 41--8820678
2016-03-03 17:06:34,980 42--1095587911
2016-03-03 17:06:34,991 43--zhoumaohu
2016-03-03 17:06:35,004 44--chenhuaqing888
2016-03-03 17:06:35,016 45--15161
2016-03-03 17:06:35,028 46--ouyang666
2016-03-03 17:06:35,041 47--liao28
2016-03-03 17:06:35,053 48--yunlaowang
2016-03-03 17:06:35,067 49--huangjinlian88
2016-03-03 17:06:35,078 50--kewei2015
2016-03-03 17:06:35,092 51--muzili288
2016-03-03 17:06:35,104 52--yuwenhua123
2016-03-03 17:06:35,119 53--cnitx
2016-03-03 17:06:35,132 54--gene
2016-03-03 17:06:35,142 55--ddz1988
2016-03-03 17:06:35,156 56--up_call_m_010
2016-03-03 17:06:35,169 57--502
2016-03-03 17:06:35,203 58--maqi
2016-03-03 17:06:35,218 59--shazuer
2016-03-03 17:06:35,231 60--240192205
2016-03-03 17:06:35,243 61--ogame
2016-03-03 17:06:35,255 62--cxlbest6508
2016-03-03 17:06:35,268 63--1captain
2016-03-03 17:06:35,280 64--yangjn6189
2016-03-03 17:06:35,293 65--55zhang
2016-03-03 17:06:35,305 66--jinshouzhi
2016-03-03 17:06:35,318 67--zhoushengsen
2016-03-03 17:06:35,330 68--xiaoqian88
2016-03-03 17:06:35,342 69--up33333
2016-03-03 17:06:35,356 70--jhjh
2016-03-03 17:06:35,369 71--evagj
2016-03-03 17:06:35,382 72--zhouhua8311
2016-03-03 17:06:35,393 73--mingqwe
2016-03-03 17:06:35,406 74--baijian1963
2016-03-03 17:06:35,418 75--ljsheng90
2016-03-03 17:06:35,430 76--cherrygw
2016-03-03 17:06:35,443 77--hzwangzg
2016-03-03 17:06:35,455 78--bwin188
2016-03-03 17:06:35,545 79--hehu.16
2016-03-03 17:06:35,572 80--hy88122788
2016-03-03 17:06:35,585 81--cmt777
2016-03-03 17:06:35,597 82--jiamusi0454
2016-03-03 17:06:35,610 83--longxiaozheng
2016-03-03 17:06:35,622 84--791014j
2016-03-03 17:06:35,634 85--lhx1368
2016-03-03 17:06:35,647 86--120000114191
2016-03-03 17:06:35,659 87--em056457
2016-03-03 17:06:35,672 88--nana93648
2016-03-03 17:06:35,699 89--paleann
2016-03-03 17:06:35,714 90--660005411
2016-03-03 17:06:35,726 91--xyhh
2016-03-03 17:06:35,738 92--535757699
2016-03-03 17:06:35,751 93--cwb35100126.co
2016-03-03 17:06:35,763 94--wp23540ss
2016-03-03 17:06:35,776 95--skier
2016-03-03 17:06:35,788 96--foxyuer88
2016-03-03 17:06:35,803 97--jigivans
2016-03-03 17:06:35,813 98--123456789zx
2016-03-03 17:06:35,825 99--ysd_yz
2016-03-03 17:06:35,839 100--119168
2016-03-03 17:06:35,851 101--yuan007
2016-03-03 17:06:35,864 102--ywbtj
2016-03-03 17:06:35,876 103--zb15100330
2016-03-03 17:06:35,889 104--dy2236307
2016-03-03 17:06:35,901 105--458973003
2016-03-03 17:06:35,914 106--rsky2000
2016-03-03 17:06:35,934 107--pbx007
2016-03-03 17:06:35,946 108--196410271256
2016-03-03 17:06:35,959 109--070000001068
2016-03-03 17:06:35,972 110--youyudetiankon
2016-03-03 17:06:35,985 111--zdw123456789
2016-03-03 17:06:35,997 112--haoyun568
2016-03-03 17:06:36,010 113--huchongboce109
2016-03-03 17:06:36,022 114--19123707
2016-03-03 17:06:36,034 115--zhuyi1
2016-03-03 17:06:36,047 116--tangyingyu
2016-03-03 17:06:36,059 117--hyysu
2016-03-03 17:06:36,072 118--qmj334455
2016-03-03 17:06:36,084 119--41232619660626
2016-03-03 17:06:36,097 120--fc866866
2016-03-03 17:06:36,109 121--13859904048
2016-03-03 17:06:36,121 122--guminwangwang
2016-03-03 17:06:36,135 123--13901334316
2016-03-03 17:06:36,147 124--stock19800619
2016-03-03 17:06:36,160 125--13302900000
2016-03-03 17:06:36,171 126--wangcc132
2016-03-03 17:06:36,212 127--chaziyanhongqi
2016-03-03 17:06:36,221 128--abcd56789
2016-03-03 17:06:36,233 129--hbczcwh
2016-03-03 17:06:36,247 130--68754236
2016-03-03 17:06:36,259 131--sangqing
2016-03-03 17:06:36,272 132--ytx871238
2016-03-03 17:06:36,284 133--416903482
2016-03-03 17:06:36,297 134--luo124863
2016-03-03 17:06:36,309 135--ahczc00055
2016-03-03 17:06:36,321 136--zjh6000
2016-03-03 17:06:36,343 137--lqlxy001
2016-03-03 17:06:36,355 138--lqywd
2016-03-03 17:06:36,368 139--hnyifu
2016-03-03 17:06:36,380 140--18674800653
2016-03-03 17:06:36,393 141--mnbvcxz
2016-03-03 17:06:36,405 142--wwwzzz12345678
2016-03-03 17:06:36,418 143--13901051425
2016-03-03 17:06:36,430 144--nong8286
2016-03-03 17:06:36,442 145--15611818246
2016-03-03 17:06:36,455 146--lqx2759
2016-03-03 17:06:36,467 147--y1081088
2016-03-03 17:06:36,480 148--wu83978368
2016-03-03 17:06:36,492 149--ws7189
2016-03-03 17:06:36,505 150--hy369147
2016-03-03 17:06:36,517 151--284927800
2016-03-03 17:06:36,529 152--092112889
2016-03-03 17:06:36,543 153--53016545688
2016-03-03 17:06:36,555 154--13979081234
2016-03-03 17:06:36,570 155--guoling1210
2016-03-03 17:06:36,580 156--zvc
2016-03-03 17:06:36,593 157--15062246
2016-03-03 17:06:36,605 158--paabb1978
2016-03-03 17:06:36,617 159--robin188684696
2016-03-03 17:06:36,631 160--lw8897
2016-03-03 17:06:36,642 161--lcj68084685
2016-03-03 17:06:36,658 162--lsy22122
2016-03-03 17:06:36,670 163--hqdj262
2016-03-03 17:06:36,684 164--13773881023
2016-03-03 17:06:36,724 165--13755681799
2016-03-03 17:06:36,735 166--10135277
2016-03-03 17:06:36,748 167--1820209
2016-03-03 17:06:36,761 168--11330088
2016-03-03 17:06:36,774 169--jing0326
2016-03-03 17:06:36,788 170--yanhuasanyu
2016-03-03 17:06:36,801 171--15351756120
2016-03-03 17:06:36,815 172--490522
2016-03-03 17:06:36,827 173--flytiger2015
2016-03-03 17:06:36,841 174--wlcbdlgs
2016-03-03 17:06:36,853 175--qq35142320
2016-03-03 17:06:36,868 176--1444074764
2016-03-03 17:06:36,880 177--wz511066
2016-03-03 17:06:36,894 178--hsz789789
2016-03-03 17:06:36,906 179--13718813852
2016-03-03 17:06:36,920 180--wywziywy
2016-03-03 17:06:36,933 181--099909990999
2016-03-03 17:06:36,947 182--1202028668
2016-03-03 17:06:36,959 183--13701031280
2016-03-03 17:06:36,973 184--799132819
2016-03-03 17:06:36,985 185--wwyy123456789
2016-03-03 17:06:36,999 186--1269563321
2016-03-03 17:06:37,012 187--aolinsong
2016-03-03 17:06:37,026 188--zhangsh876
2016-03-03 17:06:37,040 189--13993195097
2016-03-03 17:06:37,052 190--a13753701987
2016-03-03 17:06:37,066 191--1365859312
2016-03-03 17:06:37,078 192--0602679
2016-03-03 17:06:37,092 193--as3399
2016-03-03 17:06:37,105 194--liaowangjiao
2016-03-03 17:06:37,184 T_OFFMSG DEL
2016-03-03 17:06:37,202 Send:[UPIM_REQ_OFFMSG] userid:1142
2016-03-03 17:06:38,428 StopClient
2016-03-03 17:06:38,457 [SUCCESS]Socket Close ConnID:1
2016-03-03 17:06:38,469 1# CMyClient::OnClose
