2016-03-07 09:32:57,857 InitRichEditCom Start!
2016-03-07 09:32:59,949 Socket Connect OK! [ConnID:1]
2016-03-07 09:32:59,994 RecvData: iLength:311 nLen:286 Req:5001
2016-03-07 09:33:00,004 Recv:[UPIM_REQ_CHECKPWD]
2016-03-07 09:33:00,018 Send:[UPIM_REQ_ALLTGROOM] userid:1155
2016-03-07 09:33:00,030 T_OFFMSG ADD
2016-03-07 09:33:00,043 RecvData: iLength:275 nLen:250 Req:5040
2016-03-07 09:33:00,056 Recv:[UPIM_REQ_ALLTGROOM] ItemNum:1
2016-03-07 09:33:00,068 Send:[UPIM_REQ_ALLROOMTOUSER] userid:1155 roomid:1149
2016-03-07 09:33:00,089 CreateTgRoomAccNode PID:1149 PNAME:步步为盈 PNOTE:<p>以日内短线交易为主，顺应趋势为操作思路。在这里，没有模糊的区间，只有精确的做单点位；只有稳定的盈利。步步为营方可步步为盈！</
2016-03-07 09:33:00,121 RecvData: iLength:2800 nLen:2775 Req:5042
2016-03-07 09:33:00,140 Recv:[UPIM_REQ_ALLROOMTOUSER] ItemNum:100
2016-03-07 09:33:00,154 Send:[UPIM_REQ_GETGROUP] userid:1155
2016-03-07 09:33:00,166 RecvData: iLength:2837 nLen:2812 Req:5042
2016-03-07 09:33:00,179 Recv:[UPIM_REQ_ALLROOMTOUSER] ItemNum:100
2016-03-07 09:33:00,195 Send:[UPIM_REQ_GETGROUP] userid:1155
2016-03-07 09:33:00,205 RecvData: iLength:2875 nLen:2850 Req:5042
2016-03-07 09:33:00,243 Recv:[UPIM_REQ_ALLROOMTOUSER] ItemNum:100
2016-03-07 09:33:00,250 FILE: [E:\WORK\Bin\UPIM\Release\UPIMUser\1155\head\my.jpg]
2016-03-07 09:33:00,261 Send:[UPIM_REQ_GETGROUP] userid:1155
2016-03-07 09:33:00,281 RecvData: iLength:2862 nLen:2837 Req:5042
2016-03-07 09:33:00,282 0--0119907474
2016-03-07 09:33:00,293 Recv:[UPIM_REQ_ALLROOMTOUSER] ItemNum:100
2016-03-07 09:33:00,307 1--03123526263liw
2016-03-07 09:33:00,326 Send:[UPIM_REQ_GETGROUP] userid:1155
2016-03-07 09:33:00,333 2--07512889439
2016-03-07 09:33:00,345 RecvData: iLength:2875 nLen:2850 Req:5042
2016-03-07 09:33:00,359 3--1017614320
2016-03-07 09:33:00,372 Recv:[UPIM_REQ_ALLROOMTOUSER] ItemNum:100
2016-03-07 09:33:00,386 4--1029738146
2016-03-07 09:33:00,398 ### Packet Separator ERROR!
2016-03-07 09:33:00,411 5--1057671281
2016-03-07 09:33:00,423 ### Packet Separator ERROR!
2016-03-07 09:33:00,438 6--1063713111
2016-03-07 09:33:00,453 RecvData: iLength:131 nLen:106 Req:5043
2016-03-07 09:33:00,491 Recv:[UPIM_REQ_GETGROUP] ItemNum:2
2016-03-07 09:33:00,493 7--1065823419
2016-03-07 09:33:00,504 Send:[UPIM_REQ_GETGUSER] userid:1155 ngroupid:118
2016-03-07 09:33:00,517 8--1095587911
2016-03-07 09:33:00,529 Send:[UPIM_REQ_GETGUSER] userid:1155 ngroupid:119
2016-03-07 09:33:00,543 9--110200000750
2016-03-07 09:33:00,555 RecvData: iLength:131 nLen:106 Req:5043
2016-03-07 09:33:00,568 10--1102046259
2016-03-07 09:33:00,580 Recv:[UPIM_REQ_GETGROUP] ItemNum:2
2016-03-07 09:33:00,595 11--1198411948
2016-03-07 09:33:00,606 Send:[UPIM_REQ_GETGUSER] userid:1155 ngroupid:118
2016-03-07 09:33:00,620 12--12056442
2016-03-07 09:33:00,632 Send:[UPIM_REQ_GETGUSER] userid:1155 ngroupid:119
2016-03-07 09:33:00,646 13--1234554321aaa
2016-03-07 09:33:00,658 RecvData: iLength:131 nLen:106 Req:5043
2016-03-07 09:33:00,671 14--123456wangfy
2016-03-07 09:33:00,683 Recv:[UPIM_REQ_GETGROUP] ItemNum:2
2016-03-07 09:33:00,697 15--1313800
2016-03-07 09:33:00,709 Send:[UPIM_REQ_GETGUSER] userid:1155 ngroupid:118
2016-03-07 09:33:00,724 16--13486332589
2016-03-07 09:33:00,736 Send:[UPIM_REQ_GETGUSER] userid:1155 ngroupid:119
2016-03-07 09:33:00,748 17--13554746868
2016-03-07 09:33:00,761 RecvData: iLength:131 nLen:106 Req:5043
2016-03-07 09:33:00,774 18--13603859213
2016-03-07 09:33:00,787 Recv:[UPIM_REQ_GETGROUP] ItemNum:2
2016-03-07 09:33:00,799 19--13629969045mkh
2016-03-07 09:33:00,813 Send:[UPIM_REQ_GETGUSER] userid:1155 ngroupid:118
2016-03-07 09:33:00,826 20--13676283358413
2016-03-07 09:33:00,839 Send:[UPIM_REQ_GETGUSER] userid:1155 ngroupid:119
2016-03-07 09:33:00,851 21--13678981788
2016-03-07 09:33:00,868 RecvData: iLength:112 nLen:87 Req:5044
2016-03-07 09:33:00,877 22--13801453322
2016-03-07 09:33:00,891 Recv:[UPIM_REQ_GETGUSER] ItemNum:4 GroupId=118
2016-03-07 09:33:00,902 23--13818383675
2016-03-07 09:33:00,916 RecvData: iLength:42 nLen:17 Req:5044
2016-03-07 09:33:00,929 24--13852913771
2016-03-07 09:33:00,942 RecvData: iLength:112 nLen:87 Req:5044
2016-03-07 09:33:00,955 25--13877338218
2016-03-07 09:33:00,968 Recv:[UPIM_REQ_GETGUSER] ItemNum:4 GroupId=118
2016-03-07 09:33:01,003 RecvData: iLength:42 nLen:17 Req:5044
2016-03-07 09:33:01,003 26--13893360230
2016-03-07 09:33:01,014 RecvData: iLength:112 nLen:87 Req:5044
2016-03-07 09:33:01,026 27--13961286060
2016-03-07 09:33:01,041 Recv:[UPIM_REQ_GETGUSER] ItemNum:4 GroupId=118
2016-03-07 09:33:01,054 28--13965993775lcl
2016-03-07 09:33:01,067 RecvData: iLength:42 nLen:17 Req:5044
2016-03-07 09:33:01,080 29--13998693491
2016-03-07 09:33:01,093 RecvData: iLength:112 nLen:87 Req:5044
2016-03-07 09:33:01,106 30--1444210836
2016-03-07 09:33:01,119 Recv:[UPIM_REQ_GETGUSER] ItemNum:4 GroupId=118
2016-03-07 09:33:01,132 31--15161
2016-03-07 09:33:01,145 RecvData: iLength:42 nLen:17 Req:5044
2016-03-07 09:33:01,158 32--15328836606
2016-03-07 09:33:01,209 33--1551184812
2016-03-07 09:33:01,234 34--15769405575
2016-03-07 09:33:01,247 35--15801505038
2016-03-07 09:33:01,272 36--15827576659
2016-03-07 09:33:01,357 37--159951asd
2016-03-07 09:33:01,431 38--1701
2016-03-07 09:33:01,445 39--17013226
2016-03-07 09:33:01,457 40--1720093125
2016-03-07 09:33:01,501 41--18358020759
2016-03-07 09:33:01,516 42--18523159713
2016-03-07 09:33:01,530 43--18709637618
2016-03-07 09:33:01,542 44--18906050399
2016-03-07 09:33:01,556 45--1892181
2016-03-07 09:33:01,568 46--18927469068
2016-03-07 09:33:01,581 47--195427lhy
2016-03-07 09:33:01,593 48--1captain
2016-03-07 09:33:01,606 49--20004804
2016-03-07 09:33:01,619 50--2206616977
2016-03-07 09:33:01,632 51--2229486452
2016-03-07 09:33:01,645 52--2299038
2016-03-07 09:33:01,660 53--23zx456
2016-03-07 09:33:01,674 54--240192205
2016-03-07 09:33:01,686 55--247751700
2016-03-07 09:33:01,700 56--2514891
2016-03-07 09:33:01,713 57--2595866
2016-03-07 09:33:01,726 58--2658103hyl1105
2016-03-07 09:33:01,739 59--27456850
2016-03-07 09:33:01,753 60--320301
2016-03-07 09:33:01,765 61--320524123000
2016-03-07 09:33:01,779 62--3301000010276
2016-03-07 09:33:01,792 63--33488
2016-03-07 09:33:01,806 64--349316958
2016-03-07 09:33:01,818 65--35009533
2016-03-07 09:33:01,832 66--350351223
2016-03-07 09:33:01,845 67--358503375
2016-03-07 09:33:01,858 68--38005860
2016-03-07 09:33:01,872 69--3829139000
2016-03-07 09:33:01,885 70--388
2016-03-07 09:33:01,897 71--388878888
2016-03-07 09:33:01,911 72--3dv6a
2016-03-07 09:33:01,924 73--501338513
2016-03-07 09:33:01,938 74--502
2016-03-07 09:33:01,950 75--520521528
2016-03-07 09:33:01,964 76--527399
2016-03-07 09:33:01,977 77--531658080
2016-03-07 09:33:02,016 78--549710
2016-03-07 09:33:02,028 79--55zhang
2016-03-07 09:33:02,042 80--591
2016-03-07 09:33:02,054 81--610597372
2016-03-07 09:33:02,068 82--6175153h153
2016-03-07 09:33:02,081 83--6222789
2016-03-07 09:33:02,095 84--6226
2016-03-07 09:33:02,107 85--644293083
2016-03-07 09:33:02,121 86--646222254
2016-03-07 09:33:02,134 87--6757
2016-03-07 09:33:02,147 88--69519021
2016-03-07 09:33:02,160 89--728
2016-03-07 09:33:02,174 90--729141877
2016-03-07 09:33:02,186 91--775
2016-03-07 09:33:02,201 92--77878
2016-03-07 09:33:02,213 93--789zxv
2016-03-07 09:33:02,227 94--79324609
2016-03-07 09:33:02,239 95--80000038885
2016-03-07 09:33:02,253 96--80167
2016-03-07 09:33:02,266 97--809351059
2016-03-07 09:33:02,279 98--8384997wmw
2016-03-07 09:33:02,292 99--862401466
2016-03-07 09:33:02,306 100--86461318
2016-03-07 09:33:02,318 101--8820678
2016-03-07 09:33:02,332 102--893422368
2016-03-07 09:33:02,345 103--911zhouhong
2016-03-07 09:33:02,359 104--943862434
2016-03-07 09:33:02,372 105--958437654
2016-03-07 09:33:02,385 106--95910584588
2016-03-07 09:33:02,398 107--971420817
2016-03-07 09:33:02,411 108--977075779
2016-03-07 09:33:02,424 109--99977633
2016-03-07 09:33:02,437 110--a2632673
2016-03-07 09:33:02,450 111--a290493341
2016-03-07 09:33:02,464 112--aa13998560778
2016-03-07 09:33:02,476 113--abc114384
2016-03-07 09:33:02,497 114--abcdefgycj
2016-03-07 09:33:02,511 115--asd12345asd543
2016-03-07 09:33:02,525 116--azsxdc1990
2016-03-07 09:33:02,538 117--baichuan_
2016-03-07 09:33:02,551 118--bccfkf
2016-03-07 09:33:02,564 119--bccfw_up
2016-03-07 09:33:02,578 120--bcg4567
2016-03-07 09:33:02,590 121--beihai678
2016-03-07 09:33:02,604 122--blblmyyl
2016-03-07 09:33:02,618 123--bnzyxql
2016-03-07 09:33:02,631 124--bwin188
2016-03-07 09:33:02,644 125--c197202050611
2016-03-07 09:33:02,657 126--call001007
2016-03-07 09:33:02,671 127--cfz123456cfz
2016-03-07 09:33:02,692 128--changkairui88
2016-03-07 09:33:02,706 129--chengli6060
2016-03-07 09:33:02,718 130--chenhuaqing888
2016-03-07 09:33:02,732 131--cherrygw
2016-03-07 09:33:02,745 132--chy7601
2016-03-07 09:33:02,759 133--cjlcy123
2016-03-07 09:33:02,771 134--clk201506
2016-03-07 09:33:02,785 135--cm0218
2016-03-07 09:33:02,798 136--cnitx
2016-03-07 09:33:02,811 137--cr490701
2016-03-07 09:33:02,824 138--cxlbest6508
2016-03-07 09:33:02,838 139--czr6912
2016-03-07 09:33:02,850 140--czsj001902
2016-03-07 09:33:02,866 141--dabobo
2016-03-07 09:33:02,878 142--dafuhaolail
2016-03-07 09:33:02,890 143--datangwlg
2016-03-07 09:33:02,971 144--ddf8
2016-03-07 09:33:03,030 145--ddz1988
2016-03-07 09:33:03,113 146--dengxuedong
2016-03-07 09:33:03,221 147--dongfanghong36
2016-03-07 09:33:03,267 148--easy0820
2016-03-07 09:33:03,396 149--evagj
2016-03-07 09:33:03,536 150--eweqeeee
2016-03-07 09:33:03,655 151--faqlxq
2016-03-07 09:33:03,687 152--farfalla
2016-03-07 09:33:03,788 153--fengliang8523
2016-03-07 09:33:03,973 154--ffs3839295
2016-03-07 09:33:04,078 155--ffxxchm
2016-03-07 09:33:04,232 156--flw20148
2016-03-07 09:33:04,245 157--g13816627635
2016-03-07 09:33:04,257 158--gaobingdong
2016-03-07 09:33:04,338 159--gene
2016-03-07 09:33:04,369 160--gfzhou641030
2016-03-07 09:33:04,454 161--ghqsyyyx
2016-03-07 09:33:04,546 162--glhejunlin
2016-03-07 09:33:04,625 163--gnxuyue
2016-03-07 09:33:04,659 164--gp989sjp939
2016-03-07 09:33:04,716 165--guan_ls
2016-03-07 09:33:04,750 166--guanxuexin
2016-03-07 09:33:04,816 167--gxgpgcy
2016-03-07 09:33:04,850 168--gymrll
2016-03-07 09:33:04,908 169--happy1989
2016-03-07 09:33:04,942 170--hhpwww
2016-03-07 09:33:04,999 171--hhxfx
2016-03-07 09:33:05,060 172--hjchjc678
2016-03-07 09:33:05,150 173--hjn_1970
2016-03-07 09:33:05,183 174--hktk11
2016-03-07 09:33:05,241 175--hlj7011
2016-03-07 09:33:05,290 176--htbf
2016-03-07 09:33:05,442 177--huangjinlian88
2016-03-07 09:33:05,945 178--huchongboce109
2016-03-07 09:33:05,995 179--hugd168
2016-03-07 09:33:06,202 180--hui987654321
2016-03-07 09:33:06,294 181--huiyiersan
2016-03-07 09:33:06,348 182--hushw888
2016-03-07 09:33:06,407 183--hwztiger
2016-03-07 09:33:06,448 184--hxm1972
2016-03-07 09:33:06,507 185--hxthpy
2016-03-07 09:33:06,548 186--hxttzt
2016-03-07 09:33:06,606 187--hzjddwj
2016-03-07 09:33:06,664 188--hzr123456
2016-03-07 09:33:06,698 189--iceknife
2016-03-07 09:33:06,756 190--itsocn68
2016-03-07 09:33:06,790 191--jbhbu
2016-03-07 09:33:06,847 192--jdm19681026
2016-03-07 09:33:06,881 193--jessen09
2016-03-07 09:33:06,939 194--jhdcf1688
2016-03-07 09:33:06,974 195--jhdxx
2016-03-07 09:33:07,039 196--jhjh
2016-03-07 09:33:07,104 197--jhyjzyf
2016-03-07 09:33:07,164 198--jinsexingkong
2016-03-07 09:33:07,224 199--jinshouzhi
2016-03-07 09:33:07,289 200--jinwd315
2016-03-07 09:33:07,680 201--jisheng7990
2016-03-07 09:33:07,992 202--jlcylxl
2016-03-07 09:33:08,234 203--jlgzx
2016-03-07 09:33:08,270 204--jmdcf1706
2016-03-07 09:33:08,514 205--jmdgjs
2016-03-07 09:33:08,616 206--kewei2015
2016-03-07 09:33:08,680 207--kikiwuqie
2016-03-07 09:33:08,721 208--kmduqing
2016-03-07 09:33:08,780 209--knight368
2016-03-07 09:33:08,821 210--ksmwx
2016-03-07 09:33:08,872 211--kundera5010
2016-03-07 09:33:08,912 212--l13972526198
2016-03-07 09:33:08,971 213--laner0627
2016-03-07 09:33:09,037 214--lantao1150
2016-03-07 09:33:09,071 215--laowangtx-lsq
2016-03-07 09:33:09,137 216--lbx18285
2016-03-07 09:33:09,171 217--leon-zrl
2016-03-07 09:33:09,282 218--li66777
2016-03-07 09:33:09,466 219--liao28
2016-03-07 09:33:09,740 220--lifang0823
2016-03-07 09:33:09,814 221--lijunwlx
2016-03-07 09:33:09,880 222--lilang
2016-03-07 09:33:09,936 223--lilii123456
2016-03-07 09:33:09,979 224--ling0655
2016-03-07 09:33:10,037 225--lionhu680529
2016-03-07 09:33:10,079 226--liufei999999
2016-03-07 09:33:10,145 227--liupq8716
2016-03-07 09:33:10,188 228--liuwuyi0501
2016-03-07 09:33:10,253 229--liyangsong
2016-03-07 09:33:10,296 230--lkx469440143
2016-03-07 09:33:10,361 231--llggcc123456
2016-03-07 09:33:10,404 232--lmjss003
2016-03-07 09:33:10,469 233--lqlzg
2016-03-07 09:33:10,654 234--ltlljl39735
2016-03-07 09:33:10,844 235--luliansong
2016-03-07 09:33:10,887 236--lxc621028
2016-03-07 09:33:10,952 237--lyloffice
2016-03-07 09:33:11,036 238--lym2020
2016-03-07 09:33:11,197 239--lza2211297
2016-03-07 09:33:11,270 240--maqi
2016-03-07 09:33:11,414 241--mayuhuimarty
2016-03-07 09:33:11,437 242--michaelowen
2016-03-07 09:33:11,449 243--michealowen
2016-03-07 09:33:11,463 244--michellezhou
2016-03-07 09:33:11,475 245--mingqwe
2016-03-07 09:33:11,488 246--mjh_stock
2016-03-07 09:33:11,572 247--muzili288
2016-03-07 09:33:11,600 248--nana93648
2016-03-07 09:33:11,680 249--nancy1398
2016-03-07 09:33:11,728 250--nanrenshihai_1
2016-03-07 09:33:11,822 251--nantianyidi
2016-03-07 09:33:11,878 252--nie2439026660
2016-03-07 09:33:11,943 253--ogame
2016-03-07 09:33:11,986 254--onleading
2016-03-07 09:33:12,051 255--ouyang666
2016-03-07 09:33:12,110 256--p78820511f
2016-03-07 09:33:12,173 257--paleann
2016-03-07 09:33:12,218 258--q13003633a
2016-03-07 09:33:12,277 259--qingdao123--
2016-03-07 09:33:12,326 260--qq_qiqiang
2016-03-07 09:33:12,385 261--qwertt1
2016-03-07 09:33:12,452 262--qy888com
2016-03-07 09:33:12,501 263--qz02756355
2016-03-07 09:33:12,560 264--rigzyj321
2016-03-07 09:33:12,609 265--ruofeiliyahoo
2016-03-07 09:33:12,669 266--samuel_yuan
2016-03-07 09:33:12,727 267--sdytmp
2016-03-07 09:33:12,793 268--sgalex
2016-03-07 09:33:12,835 269--shazuer
2016-03-07 09:33:12,900 270--shfsjq
2016-03-07 09:33:12,943 271--shihui01
2016-03-07 09:33:13,009 272--shua1234
2016-03-07 09:33:13,051 273--sofia-yang
2016-03-07 09:33:13,117 274--su123321
2016-03-07 09:33:13,174 275--sug168398
2016-03-07 09:33:13,261 276--sxdzrj
2016-03-07 09:33:13,382 277--syxs6636
2016-03-07 09:33:13,462 278--szhwzwz-163.co
2016-03-07 09:33:13,587 279--tb7539099_2011
2016-03-07 09:33:13,634 280--tingweng
2016-03-07 09:33:13,708 281--tougu888
2016-03-07 09:33:13,742 282--tqchengg
2016-03-07 09:33:13,816 283--tr5918290
2016-03-07 09:33:13,851 284--tyjcpljs
2016-03-07 09:33:13,924 285--tyyzfj
2016-03-07 09:33:13,967 286--tzfjkt998
2016-03-07 09:33:14,041 287--tzlyb
2016-03-07 09:33:14,092 288--tzweis56
2016-03-07 09:33:14,188 289--tzws01
2016-03-07 09:33:14,241 290--up_call_m_010
2016-03-07 09:33:14,309 291--upchina200
2016-03-07 09:33:14,400 292--uptrade
2016-03-07 09:33:14,511 293--w123_ww
2016-03-07 09:33:14,652 294--wan000000
2016-03-07 09:33:14,835 295--wang711116
2016-03-07 09:33:15,352 296--wanglj569
2016-03-07 09:33:15,480 297--wangxing100
2016-03-07 09:33:15,676 298--wangxinrui1976
2016-03-07 09:33:15,802 299--wanlitian
2016-03-07 09:33:15,915 300--wb2180833
2016-03-07 09:33:15,997 301--weigu9998
2016-03-07 09:33:16,082 302--weiqiang100
2016-03-07 09:33:16,268 303--wew505
2016-03-07 09:33:16,417 304--wgy0923
2016-03-07 09:33:16,496 305--whf771223
2016-03-07 09:33:16,564 306--whwhok
2016-03-07 09:33:16,623 307--wjgzhq
2016-03-07 09:33:16,740 308--wlda
2016-03-07 09:33:16,839 309--wly15008
2016-03-07 09:33:16,923 310--woniuzuogaotie
2016-03-07 09:33:17,014 311--wpm1885188
2016-03-07 09:33:17,081 312--wqb13193487146
2016-03-07 09:33:17,146 313--wtaotao11
2016-03-07 09:33:17,222 314--wudonglei
2016-03-07 09:33:17,305 315--wuhanzd
2016-03-07 09:33:17,692 316--wuye1002
2016-03-07 09:33:17,738 317--wuyoushenlong
2016-03-07 09:33:18,007 318--wx67909
2016-03-07 09:33:18,141 319--wxmww
2016-03-07 09:33:18,274 320--wyj994175248
2016-03-07 09:33:18,368 321--wys1399
2016-03-07 09:33:18,437 322--wywhl
2016-03-07 09:33:18,518 323--xiaodao006
2016-03-07 09:33:18,587 324--xiaoqian88
2016-03-07 09:33:18,668 325--xiehj611
2016-03-07 09:33:18,764 326--xjao2088
2016-03-07 09:33:18,861 327--xrong62
2016-03-07 09:33:18,935 328--xsdyangjun
2016-03-07 09:33:19,019 329--xshy19658
2016-03-07 09:33:19,119 330--xtsffjtg
2016-03-07 09:33:19,174 331--xubangxin
2016-03-07 09:33:19,277 332--xubaoqing12345
2016-03-07 09:33:19,398 333--xuzhifang
2016-03-07 09:33:19,503 334--xwl1234
2016-03-07 09:33:19,569 335--y080911
2016-03-07 09:33:19,669 336--y13719246136
2016-03-07 09:33:19,698 337--yanghuagp
2016-03-07 09:33:19,771 338--yangjn6189
2016-03-07 09:33:19,831 339--yaochen0827
2016-03-07 09:33:19,902 340--ycchxs
2016-03-07 09:33:19,968 341--ycdsld
2016-03-07 09:33:20,043 342--ye202006
2016-03-07 09:33:20,098 343--yemh1027
2016-03-07 09:33:20,201 344--yhtcrq
2016-03-07 09:33:20,231 345--yijun910215
2016-03-07 09:33:20,301 346--yinjr0110
2016-03-07 09:33:20,393 347--yjs033634
2016-03-07 09:33:20,464 348--youny
2016-03-07 09:33:20,556 349--youyouhe168
2016-03-07 09:33:20,631 350--ysasd
2016-03-07 09:33:20,693 351--ysk666666ysk
2016-03-07 09:33:20,730 352--ysz8899
2016-03-07 09:33:20,896 353--yt0535
2016-03-07 09:33:21,021 354--yuandelin20
2016-03-07 09:33:21,221 355--yuanqinghua
2016-03-07 09:33:21,371 356--yuch0926
2016-03-07 09:33:21,488 357--yudongxia
2016-03-07 09:33:21,605 358--yufu5
2016-03-07 09:33:21,705 359--yunfeiyang1234
2016-03-07 09:33:21,756 360--yunlaowang
2016-03-07 09:33:21,823 361--yushouguo898
2016-03-07 09:33:21,926 362--yuwenhua123
2016-03-07 09:33:21,984 363--ywpr_2008
2016-03-07 09:33:22,051 364--yxf44
2016-03-07 09:33:22,105 365--yxgchina
2016-03-07 09:33:22,176 366--z84226175h
2016-03-07 09:33:22,234 367--zbk588
2016-03-07 09:33:22,306 368--zcy7808971005
2016-03-07 09:33:22,367 369--zdd148
2016-03-07 09:33:22,434 370--zfrby8
2016-03-07 09:33:22,500 371--zfy1956
2016-03-07 09:33:22,601 372--zggxnnbh
2016-03-07 09:33:22,668 373--zhanghuang
2016-03-07 09:33:22,820 374--zhb328860
2016-03-07 09:33:23,046 375--zhiyuan.jmd
2016-03-07 09:33:23,238 376--zhizhu358
2016-03-07 09:33:23,329 377--zhongliang1818
2016-03-07 09:33:23,503 378--zhongliugema
2016-03-07 09:33:23,769 379--zhouchao1958
2016-03-07 09:33:23,969 380--zhoumaohu
2016-03-07 09:33:24,210 381--zhuxianghe
2016-03-07 09:33:24,291 382--zhuyi1
2016-03-07 09:33:24,378 383--ziyouzizai5757
2016-03-07 09:33:24,447 384--zjbsjzly
2016-03-07 09:33:24,536 385--zjf_0589
2016-03-07 09:33:24,603 386--zksmgc
2016-03-07 09:33:24,691 387--zou0708
2016-03-07 09:33:24,736 388--zqq4910
2016-03-07 09:33:24,781 389--zsqpost
2016-03-07 09:33:24,869 390--zszzsz5432100
2016-03-07 09:33:24,915 391--zwgxdm998
2016-03-07 09:33:24,974 392--zwp681208
2016-03-07 09:33:25,126 393--zym0908
2016-03-07 09:33:25,304 394--zzj135
2016-03-07 09:33:25,402 T_OFFMSG DEL
2016-03-07 09:33:26,449 Send:[UPIM_REQ_OFFMSG] userid:1155
2016-03-07 09:33:33,693 FILE: [E:\WORK\Bin\UPIM\Release\UPIMUser\1155\head\cr490701.jpg]
2016-03-07 09:33:34,165 FILE: [E:\WORK\Bin\UPIM\Release\UPIMUser\1155\head\cr490701.jpg]
2016-03-07 09:33:36,195 FILE: [E:\WORK\Bin\UPIM\Release\UPIMUser\1155\head\gymrll.jpg]
2016-03-07 09:33:40,782 FILE: [E:\WORK\Bin\UPIM\Release\UPIMUser\1155\head\nana93648.jpg]
2016-03-07 09:33:41,281 FILE: [E:\WORK\Bin\UPIM\Release\UPIMUser\1155\head\paleann.jpg]
2016-03-07 09:33:41,413 FILE: [E:\WORK\Bin\UPIM\Release\UPIMUser\1155\head\q13003633a.jpg]
2016-03-07 09:33:43,342 FILE: [E:\WORK\Bin\UPIM\Release\UPIMUser\1155\head\wanglj569.jpg]
2016-03-07 09:33:44,602 FILE: [E:\WORK\Bin\UPIM\Release\UPIMUser\1155\head\wxmww.jpg]
2016-03-07 09:33:46,088 FILE: [E:\WORK\Bin\UPIM\Release\UPIMUser\1155\head\yt0535.jpg]
2016-03-07 09:33:46,450 Pic size Error [http://q.qlogo.cn/qqapp/1101314223/33657C28A4B6C45293CBD85398D70AE1/40](915)
2016-03-07 09:33:46,555 Pic size Error [http://q.qlogo.cn/qqapp/1101314223/33657C28A4B6C45293CBD85398D70AE1/40](915)
2016-03-07 09:33:46,715 Pic size Error [http://q.qlogo.cn/qqapp/1101314223/33657C28A4B6C45293CBD85398D70AE1/40](915)
2016-03-07 09:33:46,750 Pic size Error [http://q.qlogo.cn/qqapp/1101314223/33657C28A4B6C45293CBD85398D70AE1/40](915)
2016-03-07 09:34:01,110 RecvData: iLength:61 nLen:36 Req:5033
2016-03-07 09:34:08,434 RecvData: iLength:202 nLen:177 Req:5011
2016-03-07 09:34:13,033 RecvData: iLength:200 nLen:175 Req:5011
2016-03-07 09:41:09,170 StopClient
2016-03-07 09:41:09,519 [SUCCESS]Socket Close ConnID:1
2016-03-07 09:41:09,587 1# CMyClient::OnClose
