2016-03-03 17:05:15,035 InitRichEditCom Start!
2016-03-03 17:05:16,791 Socket Connect OK! [ConnID:1]
2016-03-03 17:05:16,811 RecvData: iLength:311 nLen:286 Req:5001
2016-03-03 17:05:16,827 Recv:[UPIM_REQ_CHECKPWD]
2016-03-03 17:05:16,843 Send:[UPIM_REQ_ALLTGROOM] userid:1142
2016-03-03 17:05:16,860 T_OFFMSG ADD
2016-03-03 17:05:16,873 RecvData: iLength:197 nLen:172 Req:5040
2016-03-03 17:05:16,884 Recv:[UPIM_REQ_ALLTGROOM] ItemNum:1
2016-03-03 17:05:16,897 Send:[UPIM_REQ_ALLROOMTOUSER] userid:1142 roomid:1143
2016-03-03 17:05:16,917 RecvData: iLength:2770 nLen:2745 Req:5042
2016-03-03 17:05:16,931 Recv:[UPIM_REQ_ALLROOMTOUSER] ItemNum:100
2016-03-03 17:05:16,944 Send:[UPIM_REQ_GETGROUP] userid:1142
2016-03-03 17:05:16,956 RecvData: iLength:2885 nLen:2860 Req:5042
2016-03-03 17:05:16,968 Recv:[UPIM_REQ_ALLROOMTOUSER] ItemNum:100
2016-03-03 17:05:16,984 Send:[UPIM_REQ_GETGROUP] userid:1142
2016-03-03 17:05:17,002 RecvData: iLength:1954 nLen:1929 Req:5042
2016-03-03 17:05:17,013 Recv:[UPIM_REQ_ALLROOMTOUSER] ItemNum:67
2016-03-03 17:05:17,027 ### Packet Separator ERROR!
2016-03-03 17:05:17,040 FILE: [E:\WORK\Bin\UPIM\Release\UPIMUser\1142\head\my.jpg]
2016-03-03 17:05:17,041 RecvData: iLength:129 nLen:104 Req:5043
2016-03-03 17:05:17,052 Recv:[UPIM_REQ_GETGROUP] ItemNum:2
2016-03-03 17:05:17,076 Send:[UPIM_REQ_GETGUSER] userid:1142 ngroupid:115
2016-03-03 17:05:17,080 CreateTgRoomAccNode PID:1143 PNAME:大赢家（VIP） PNOTE:<p>大道至简，用专业改变格局！</p><p><br /></p>
2016-03-03 17:05:17,089 Send:[UPIM_REQ_GETGUSER] userid:1142 ngroupid:117
2016-03-03 17:05:17,101 0--yaochen0827
2016-03-03 17:05:17,114 RecvData: iLength:129 nLen:104 Req:5043
2016-03-03 17:05:17,126 1--zhongliugema
2016-03-03 17:05:17,140 Recv:[UPIM_REQ_GETGROUP] ItemNum:2
2016-03-03 17:05:17,152 2--kikiwuqie
2016-03-03 17:05:17,164 Send:[UPIM_REQ_GETGUSER] userid:1142 ngroupid:115
2016-03-03 17:05:17,179 3--591
2016-03-03 17:05:17,189 Send:[UPIM_REQ_GETGUSER] userid:1142 ngroupid:117
2016-03-03 17:05:17,202 4--yzy.jhd
2016-03-03 17:05:17,216 RecvData: iLength:74 nLen:49 Req:5044
2016-03-03 17:05:17,228 5--tougu888
2016-03-03 17:05:17,239 Recv:[UPIM_REQ_GETGUSER] ItemNum:2 GroupId=115
2016-03-03 17:05:17,253 6--80167
2016-03-03 17:05:17,264 RecvData: iLength:42 nLen:17 Req:5044
2016-03-03 17:05:17,277 7--1701
2016-03-03 17:05:17,289 RecvData: iLength:74 nLen:49 Req:5044
2016-03-03 17:05:17,302 8--728
2016-03-03 17:05:17,315 Recv:[UPIM_REQ_GETGUSER] ItemNum:2 GroupId=115
2016-03-03 17:05:17,327 9--michealowen
2016-03-03 17:05:17,340 RecvData: iLength:42 nLen:17 Req:5044
2016-03-03 17:05:17,352 10--jmdcf1706
2016-03-03 17:05:17,377 11--6226
2016-03-03 17:05:17,389 12--bccfkf
2016-03-03 17:05:17,402 13--jmdgjs
2016-03-03 17:05:17,415 14--775
2016-03-03 17:05:17,429 15--kundera5010
2016-03-03 17:05:17,439 16--uptrade
2016-03-03 17:05:17,451 17--xiaodao006
2016-03-03 17:05:17,539 18--onleading
2016-03-03 17:05:17,618 19--jhdxx
2016-03-03 17:05:17,657 20--wgn10048547
2016-03-03 17:05:17,676 21--665066
2016-03-03 17:05:17,689 22--13935582984
2016-03-03 17:05:17,701 23--wwuqing
2016-03-03 17:05:17,713 24--cy1295
2016-03-03 17:05:17,726 25--jhdcf1688
2016-03-03 17:05:17,739 26--sunlightmjl
2016-03-03 17:05:17,752 27--wdh08859941
2016-03-03 17:05:17,764 28--y13719246136
2016-03-03 17:05:17,779 29--lilang
2016-03-03 17:05:17,791 30--ksmwx
2016-03-03 17:05:17,805 31--99977633
2016-03-03 17:05:17,817 32--jessen09
2016-03-03 17:05:17,828 33--ycchxs
2016-03-03 17:05:17,841 34--y080911
2016-03-03 17:05:17,853 35--ye202006
2016-03-03 17:05:17,866 36--zhanghuang
2016-03-03 17:05:17,878 37--531658080
2016-03-03 17:05:17,891 38--388
2016-03-03 17:05:17,903 39--lkx469440143
2016-03-03 17:05:17,915 40--dabobo
2016-03-03 17:05:17,928 41--8820678
2016-03-03 17:05:17,940 42--1095587911
2016-03-03 17:05:17,953 43--zhoumaohu
2016-03-03 17:05:17,965 44--chenhuaqing888
2016-03-03 17:05:17,979 45--15161
2016-03-03 17:05:17,990 46--ouyang666
2016-03-03 17:05:18,002 47--liao28
2016-03-03 17:05:18,016 48--yunlaowang
2016-03-03 17:05:18,028 49--huangjinlian88
2016-03-03 17:05:18,041 50--kewei2015
2016-03-03 17:05:18,054 51--muzili288
2016-03-03 17:05:18,096 52--yuwenhua123
2016-03-03 17:05:18,111 53--cnitx
2016-03-03 17:05:18,123 54--gene
2016-03-03 17:05:18,136 55--ddz1988
2016-03-03 17:05:18,148 56--up_call_m_010
2016-03-03 17:05:18,163 57--502
2016-03-03 17:05:18,174 58--maqi
2016-03-03 17:05:18,187 59--shazuer
2016-03-03 17:05:18,199 60--240192205
2016-03-03 17:05:18,212 61--ogame
2016-03-03 17:05:18,224 62--cxlbest6508
2016-03-03 17:05:18,236 63--1captain
2016-03-03 17:05:18,249 64--yangjn6189
2016-03-03 17:05:18,261 65--55zhang
2016-03-03 17:05:18,274 66--jinshouzhi
2016-03-03 17:05:18,287 67--zhoushengsen
2016-03-03 17:05:18,299 68--xiaoqian88
2016-03-03 17:05:18,311 69--up33333
2016-03-03 17:05:18,323 70--jhjh
2016-03-03 17:05:18,336 71--evagj
2016-03-03 17:05:18,348 72--zhouhua8311
2016-03-03 17:05:18,362 73--mingqwe
2016-03-03 17:05:18,374 74--baijian1963
2016-03-03 17:05:18,387 75--ljsheng90
2016-03-03 17:05:18,399 76--cherrygw
2016-03-03 17:05:18,411 77--hzwangzg
2016-03-03 17:05:18,424 78--bwin188
2016-03-03 17:05:18,436 79--hehu.16
2016-03-03 17:05:18,449 80--hy88122788
2016-03-03 17:05:18,461 81--cmt777
2016-03-03 17:05:18,503 82--jiamusi0454
2016-03-03 17:05:18,521 83--longxiaozheng
2016-03-03 17:05:18,531 84--791014j
2016-03-03 17:05:18,545 85--lhx1368
2016-03-03 17:05:18,560 86--120000114191
2016-03-03 17:05:18,603 87--em056457
2016-03-03 17:05:18,640 88--nana93648
2016-03-03 17:05:18,653 89--paleann
2016-03-03 17:05:18,665 90--660005411
2016-03-03 17:05:18,679 91--xyhh
2016-03-03 17:05:18,692 92--535757699
2016-03-03 17:05:18,777 93--cwb35100126.co
2016-03-03 17:05:18,811 94--wp23540ss
2016-03-03 17:05:18,824 95--skier
2016-03-03 17:05:18,836 96--foxyuer88
2016-03-03 17:05:18,849 97--jigivans
2016-03-03 17:05:18,861 98--123456789zx
2016-03-03 17:05:18,874 99--ysd_yz
2016-03-03 17:05:18,886 100--119168
2016-03-03 17:05:18,898 101--yuan007
2016-03-03 17:05:18,911 102--ywbtj
2016-03-03 17:05:18,923 103--zb15100330
2016-03-03 17:05:18,936 104--dy2236307
2016-03-03 17:05:18,948 105--458973003
2016-03-03 17:05:18,962 106--rsky2000
2016-03-03 17:05:18,974 107--pbx007
2016-03-03 17:05:18,985 108--196410271256
2016-03-03 17:05:18,998 109--070000001068
2016-03-03 17:05:19,011 110--youyudetiankon
2016-03-03 17:05:19,024 111--zdw123456789
2016-03-03 17:05:19,036 112--haoyun568
2016-03-03 17:05:19,049 113--huchongboce109
2016-03-03 17:05:19,061 114--19123707
2016-03-03 17:05:19,108 115--zhuyi1
2016-03-03 17:05:19,127 116--tangyingyu
2016-03-03 17:05:19,139 117--hyysu
2016-03-03 17:05:19,153 118--qmj334455
2016-03-03 17:05:19,165 119--41232619660626
2016-03-03 17:05:19,178 120--fc866866
2016-03-03 17:05:19,190 121--13859904048
2016-03-03 17:05:19,203 122--guminwangwang
2016-03-03 17:05:19,215 123--13901334316
2016-03-03 17:05:19,227 124--stock19800619
2016-03-03 17:05:19,240 125--13302900000
2016-03-03 17:05:19,254 126--wangcc132
2016-03-03 17:05:19,265 127--chaziyanhongqi
2016-03-03 17:05:19,277 128--abcd56789
2016-03-03 17:05:19,291 129--hbczcwh
2016-03-03 17:05:19,302 130--68754236
2016-03-03 17:05:19,315 131--sangqing
2016-03-03 17:05:19,328 132--ytx871238
2016-03-03 17:05:19,353 133--416903482
2016-03-03 17:05:19,365 134--luo124863
2016-03-03 17:05:19,380 135--ahczc00055
2016-03-03 17:05:19,402 136--zjh6000
2016-03-03 17:05:19,430 137--lqlxy001
2016-03-03 17:05:19,444 138--lqywd
2016-03-03 17:05:19,457 139--hnyifu
2016-03-03 17:05:19,620 140--18674800653
2016-03-03 17:05:19,667 141--mnbvcxz
2016-03-03 17:05:19,680 142--wwwzzz12345678
2016-03-03 17:05:19,694 143--13901051425
2016-03-03 17:05:19,709 144--nong8286
2016-03-03 17:05:19,729 145--15611818246
2016-03-03 17:05:19,741 146--lqx2759
2016-03-03 17:05:19,756 147--y1081088
2016-03-03 17:05:19,767 148--wu83978368
2016-03-03 17:05:19,781 149--ws7189
2016-03-03 17:05:19,794 150--hy369147
2016-03-03 17:05:19,808 151--284927800
2016-03-03 17:05:19,820 152--092112889
2016-03-03 17:05:19,834 153--53016545688
2016-03-03 17:05:19,848 154--13979081234
2016-03-03 17:05:19,861 155--guoling1210
2016-03-03 17:05:19,873 156--zvc
2016-03-03 17:05:19,887 157--15062246
2016-03-03 17:05:19,899 158--paabb1978
2016-03-03 17:05:19,913 159--robin188684696
2016-03-03 17:05:19,926 160--lw8897
2016-03-03 17:05:19,940 161--lcj68084685
2016-03-03 17:05:19,952 162--lsy22122
2016-03-03 17:05:19,966 163--hqdj262
2016-03-03 17:05:19,979 164--13773881023
2016-03-03 17:05:19,992 165--13755681799
2016-03-03 17:05:20,005 166--10135277
2016-03-03 17:05:20,019 167--1820209
2016-03-03 17:05:20,031 168--11330088
2016-03-03 17:05:20,045 169--jing0326
2016-03-03 17:05:20,058 170--yanhuasanyu
2016-03-03 17:05:20,072 171--15351756120
2016-03-03 17:05:20,121 172--490522
2016-03-03 17:05:20,139 173--flytiger2015
2016-03-03 17:05:20,152 174--wlcbdlgs
2016-03-03 17:05:20,166 175--qq35142320
2016-03-03 17:05:20,179 176--1444074764
2016-03-03 17:05:20,194 177--wz511066
2016-03-03 17:05:20,205 178--hsz789789
2016-03-03 17:05:20,219 179--13718813852
2016-03-03 17:05:20,231 180--wywziywy
2016-03-03 17:05:20,245 181--099909990999
2016-03-03 17:05:20,258 182--1202028668
2016-03-03 17:05:20,272 183--13701031280
2016-03-03 17:05:20,285 184--799132819
2016-03-03 17:05:20,299 185--wwyy123456789
2016-03-03 17:05:20,311 186--1269563321
2016-03-03 17:05:20,324 187--aolinsong
2016-03-03 17:05:20,337 188--zhangsh876
2016-03-03 17:05:20,351 189--13993195097
2016-03-03 17:05:20,363 190--a13753701987
2016-03-03 17:05:20,377 191--1365859312
2016-03-03 17:05:20,390 192--0602679
2016-03-03 17:05:20,403 193--as3399
2016-03-03 17:05:20,416 194--liaowangjiao
2016-03-03 17:05:20,484 T_OFFMSG DEL
2016-03-03 17:05:20,517 Send:[UPIM_REQ_OFFMSG] userid:1142
2016-03-03 17:05:22,201 FILE: [E:\WORK\Bin\UPIM\Release\UPIMUser\1142\head\zhoumaohu.jpg]
2016-03-03 17:05:22,474 FILE: [E:\WORK\Bin\UPIM\Release\UPIMUser\1142\head\yunlaowang.jpg]
2016-03-03 17:05:22,657 FILE: [E:\WORK\Bin\UPIM\Release\UPIMUser\1142\head\muzili288.jpg]
2016-03-03 17:05:22,941 FILE: [E:\WORK\Bin\UPIM\Release\UPIMUser\1142\head\maqi.jpg]
2016-03-03 17:05:23,009 FILE: [E:\WORK\Bin\UPIM\Release\UPIMUser\1142\head\shazuer.jpg]
2016-03-03 17:05:23,025 FILE: [E:\WORK\Bin\UPIM\Release\UPIMUser\1142\head\shazuer.jpg]
2016-03-03 17:05:23,077 FILE: [E:\WORK\Bin\UPIM\Release\UPIMUser\1142\head\240192205.jpg]
2016-03-03 17:05:23,134 FILE: [E:\WORK\Bin\UPIM\Release\UPIMUser\1142\head\ogame.jpg]
2016-03-03 17:05:23,203 FILE: [E:\WORK\Bin\UPIM\Release\UPIMUser\1142\head\1captain.jpg]
2016-03-03 17:05:24,038 FILE: [E:\WORK\Bin\UPIM\Release\UPIMUser\1142\head\nana93648.jpg]
2016-03-03 17:05:24,118 FILE: [E:\WORK\Bin\UPIM\Release\UPIMUser\1142\head\paleann.jpg]
2016-03-03 17:05:24,596 FILE: [E:\WORK\Bin\UPIM\Release\UPIMUser\1142\head\jigivans.jpg]
2016-03-03 17:05:25,174 FILE: [E:\WORK\Bin\UPIM\Release\UPIMUser\1142\head\19123707.jpg]
2016-03-03 17:05:26,232 FILE: [E:\WORK\Bin\UPIM\Release\UPIMUser\1142\head\zjh6000.jpg]
2016-03-03 17:05:26,849 FILE: [E:\WORK\Bin\UPIM\Release\UPIMUser\1142\head\53016545688.jpg]
2016-03-03 17:05:26,961 FILE: [E:\WORK\Bin\UPIM\Release\UPIMUser\1142\head\guoling1210.jpg]
2016-03-03 17:05:27,071 FILE: [E:\WORK\Bin\UPIM\Release\UPIMUser\1142\head\15062246.jpg]
2016-03-03 17:05:27,324 FILE: [E:\WORK\Bin\UPIM\Release\UPIMUser\1142\head\hqdj262.jpg]
2016-03-03 17:05:27,428 FILE: [E:\WORK\Bin\UPIM\Release\UPIMUser\1142\head\13755681799.jpg]
2016-03-03 17:05:27,659 FILE: [E:\WORK\Bin\UPIM\Release\UPIMUser\1142\head\15351756120.jpg]
2016-03-03 17:05:27,970 FILE: [E:\WORK\Bin\UPIM\Release\UPIMUser\1142\head\13718813852.jpg]
2016-03-03 17:05:28,076 FILE: [E:\WORK\Bin\UPIM\Release\UPIMUser\1142\head\099909990999.jpg]
2016-03-03 17:05:50,785 StopClient
2016-03-03 17:05:50,837 [SUCCESS]Socket Close ConnID:1
2016-03-03 17:05:50,863 1# CMyClient::OnClose
