2016-03-07 09:31:09,525 InitRichEditCom Start!
2016-03-07 09:31:10,874 Socket Connect OK! [ConnID:1]
2016-03-07 09:31:10,962 RecvData: iLength:311 nLen:286 Req:5001
2016-03-07 09:31:11,010 Recv:[UPIM_REQ_CHECKPWD]
2016-03-07 09:31:11,131 Send:[UPIM_REQ_ALLTGROOM] userid:1155
2016-03-07 09:31:11,141 T_OFFMSG ADD
2016-03-07 09:31:11,156 RecvData: iLength:275 nLen:250 Req:5040
2016-03-07 09:31:11,166 Recv:[UPIM_REQ_ALLTGROOM] ItemNum:1
2016-03-07 09:31:11,178 Send:[UPIM_REQ_ALLROOMTOUSER] userid:1155 roomid:1149
2016-03-07 09:31:11,193 CreateTgRoomAccNode PID:1149 PNAME:步步为盈 PNOTE:<p>以日内短线交易为主，顺应趋势为操作思路。在这里，没有模糊的区间，只有精确的做单点位；只有稳定的盈利。步步为营方可步步为盈！</
2016-03-07 09:31:11,284 RecvData: iLength:2800 nLen:2775 Req:5042
2016-03-07 09:31:11,374 FILE: [E:\WORK\UPIM\..\Bin\UPIM\Release\UPIMUser\1155\head\my.jpg]
2016-03-07 09:31:11,522 Recv:[UPIM_REQ_ALLROOMTOUSER] ItemNum:100
2016-03-07 09:31:11,606 Send:[UPIM_REQ_GETGROUP] userid:1155
2016-03-07 09:31:11,606 0--1095587911
2016-03-07 09:31:11,648 RecvData: iLength:2837 nLen:2812 Req:5042
2016-03-07 09:31:11,659 1--1102046259
2016-03-07 09:31:11,672 Recv:[UPIM_REQ_ALLROOMTOUSER] ItemNum:100
2016-03-07 09:31:11,684 2--1198411948
2016-03-07 09:31:11,711 3--13678981788
2016-03-07 09:31:11,724 4--13877338218
2016-03-07 09:31:11,738 5--13998693491
2016-03-07 09:31:11,751 6--1701
2016-03-07 09:31:11,751 Send:[UPIM_REQ_GETGROUP] userid:1155
2016-03-07 09:31:11,762 7--13818383675
2016-03-07 09:31:11,779 RecvData: iLength:2875 nLen:2850 Req:5042
2016-03-07 09:31:11,788 8--13852913771
2016-03-07 09:31:11,801 Recv:[UPIM_REQ_ALLROOMTOUSER] ItemNum:100
2016-03-07 09:31:11,815 10--13965993775lcl
2016-03-07 09:31:11,827 ### Packet Separator ERROR!
2016-03-07 09:31:11,839 12--15161
2016-03-07 09:31:11,851 ### Packet Separator ERROR!
2016-03-07 09:31:11,865 13--15328836606
2016-03-07 09:31:11,877 ### Packet Separator ERROR!
2016-03-07 09:31:11,891 14--15827576659
2016-03-07 09:31:11,911 ### Packet Separator ERROR!
2016-03-07 09:31:11,926 16--17013226
2016-03-07 09:31:11,941 RecvData: iLength:131 nLen:106 Req:5043
2016-03-07 09:31:11,962 Recv:[UPIM_REQ_GETGROUP] ItemNum:2
2016-03-07 09:31:11,964 17--18358020759
2016-03-07 09:31:11,977 Send:[UPIM_REQ_GETGUSER] userid:1155 ngroupid:118
2016-03-07 09:31:11,989 18--18709637618
2016-03-07 09:31:12,002 Send:[UPIM_REQ_GETGUSER] userid:1155 ngroupid:119
2016-03-07 09:31:12,015 19--1892181
2016-03-07 09:31:12,028 RecvData: iLength:131 nLen:106 Req:5043
2016-03-07 09:31:12,041 20--18927469068
2016-03-07 09:31:12,052 Recv:[UPIM_REQ_GETGROUP] ItemNum:2
2016-03-07 09:31:12,066 21--1captain
2016-03-07 09:31:12,078 Send:[UPIM_REQ_GETGUSER] userid:1155 ngroupid:118
2016-03-07 09:31:12,093 22--20004804
2016-03-07 09:31:12,104 Send:[UPIM_REQ_GETGUSER] userid:1155 ngroupid:119
2016-03-07 09:31:12,119 23--2206616977
2016-03-07 09:31:12,133 RecvData: iLength:112 nLen:87 Req:5044
2016-03-07 09:31:12,145 24--2299038
2016-03-07 09:31:12,156 Recv:[UPIM_REQ_GETGUSER] ItemNum:4 GroupId=118
2016-03-07 09:31:12,170 25--23zx456
2016-03-07 09:31:12,183 RecvData: iLength:42 nLen:17 Req:5044
2016-03-07 09:31:12,196 26--240192205
2016-03-07 09:31:12,208 RecvData: iLength:112 nLen:87 Req:5044
2016-03-07 09:31:12,222 27--320301
2016-03-07 09:31:12,233 Recv:[UPIM_REQ_GETGUSER] ItemNum:4 GroupId=118
2016-03-07 09:31:12,247 28--35009533
2016-03-07 09:31:12,259 RecvData: iLength:42 nLen:17 Req:5044
2016-03-07 09:31:12,278 29--350351223
2016-03-07 09:31:12,331 30--388
2016-03-07 09:31:12,344 31--502
2016-03-07 09:31:12,356 32--531658080
2016-03-07 09:31:12,370 33--549710
2016-03-07 09:31:12,383 34--55zhang
2016-03-07 09:31:12,397 35--591
2016-03-07 09:31:12,409 36--610597372
2016-03-07 09:31:12,423 37--6175153h153
2016-03-07 09:31:12,435 38--6226
2016-03-07 09:31:12,473 39--644293083
2016-03-07 09:31:12,484 40--728
2016-03-07 09:31:12,498 41--729141877
2016-03-07 09:31:12,510 42--775
2016-03-07 09:31:12,524 43--79324609
2016-03-07 09:31:12,536 44--80167
2016-03-07 09:31:12,548 45--8384997wmw
2016-03-07 09:31:12,562 46--862401466
2016-03-07 09:31:12,574 47--86461318
2016-03-07 09:31:12,587 48--8820678
2016-03-07 09:31:12,608 49--943862434
2016-03-07 09:31:12,621 50--99977633
2016-03-07 09:31:12,634 51--a2632673
2016-03-07 09:31:12,647 52--aa13998560778
2016-03-07 09:31:12,660 53--abc114384
2016-03-07 09:31:12,673 54--abcdefgycj
2016-03-07 09:31:12,685 55--asd12345asd543
2016-03-07 09:31:12,699 56--bccfkf
2016-03-07 09:31:12,711 57--bccfw_up
2016-03-07 09:31:12,725 58--bcg4567
2016-03-07 09:31:12,737 59--beihai678
2016-03-07 09:31:12,750 60--bnzyxql
2016-03-07 09:31:12,763 61--chenhuaqing888
2016-03-07 09:31:12,776 62--cjlcy123
2016-03-07 09:31:12,788 63--clk201506
2016-03-07 09:31:12,801 64--cm0218
2016-03-07 09:31:12,814 65--cnitx
2016-03-07 09:31:12,827 66--cxlbest6508
2016-03-07 09:31:12,840 67--czr6912
2016-03-07 09:31:12,852 68--czsj001902
2016-03-07 09:31:12,866 69--dabobo
2016-03-07 09:31:12,878 70--dafuhaolail
2016-03-07 09:31:12,892 71--ddf8
2016-03-07 09:31:12,904 72--ddz1988
2016-03-07 09:31:12,917 73--dongfanghong36
2016-03-07 09:31:12,943 74--easy0820
2016-03-07 09:31:12,995 75--faqlxq
2016-03-07 09:31:13,020 76--farfalla
2016-03-07 09:31:13,032 77--fengliang8523
2016-03-07 09:31:13,044 78--ffs3839295
2016-03-07 09:31:13,058 79--g13816627635
2016-03-07 09:31:13,070 80--gene
2016-03-07 09:31:13,085 81--ghqsyyyx
2016-03-07 09:31:13,106 82--glhejunlin
2016-03-07 09:31:13,119 83--gnxuyue
2016-03-07 09:31:13,132 84--gp989sjp939
2016-03-07 09:31:13,145 85--guanxuexin
2016-03-07 09:31:13,157 86--hhpwww
2016-03-07 09:31:13,171 87--hjchjc678
2016-03-07 09:31:13,183 88--hjn_1970
2016-03-07 09:31:13,197 89--huangjinlian88
2016-03-07 09:31:13,209 90--huiyiersan
2016-03-07 09:31:13,223 91--hwztiger
2016-03-07 09:31:13,235 92--hxttzt
2016-03-07 09:31:13,249 93--jessen09
2016-03-07 09:31:13,261 94--jhdcf1688
2016-03-07 09:31:13,388 95--jhdxx
2016-03-07 09:31:13,477 96--jhjh
2016-03-07 09:31:13,507 97--jinshouzhi
2016-03-07 09:31:13,521 98--jinwd315
2016-03-07 09:31:13,533 99--jmdcf1706
2016-03-07 09:31:13,546 100--jmdgjs
2016-03-07 09:31:13,558 101--kewei2015
2016-03-07 09:31:13,572 102--kikiwuqie
2016-03-07 09:31:13,584 103--kmduqing
2016-03-07 09:31:13,598 104--knight368
2016-03-07 09:31:13,610 105--ksmwx
2016-03-07 09:31:13,624 106--kundera5010
2016-03-07 09:31:13,641 107--li66777
2016-03-07 09:31:13,658 108--liao28
2016-03-07 09:31:13,671 109--lijunwlx
2016-03-07 09:31:13,684 110--lilang
2016-03-07 09:31:13,696 111--lilii123456
2016-03-07 09:31:13,708 112--lionhu680529
2016-03-07 09:31:13,730 113--liufei999999
2016-03-07 09:31:13,742 114--liupq8716
2016-03-07 09:31:13,756 115--liuwuyi0501
2016-03-07 09:31:13,768 116--lkx469440143
2016-03-07 09:31:13,782 117--lqlzg
2016-03-07 09:31:13,795 118--ltlljl39735
2016-03-07 09:31:13,807 119--luliansong
2016-03-07 09:31:13,820 120--lxc621028
2016-03-07 09:31:13,833 121--lyloffice
2016-03-07 09:31:13,845 122--lza2211297
2016-03-07 09:31:13,859 123--maqi
2016-03-07 09:31:13,871 124--mayuhuimarty
2016-03-07 09:31:13,885 125--michaelowen
2016-03-07 09:31:13,897 126--michealowen
2016-03-07 09:31:13,911 127--michellezhou
2016-03-07 09:31:13,923 128--mjh_stock
2016-03-07 09:31:13,937 129--muzili288
2016-03-07 09:31:13,952 130--ogame
2016-03-07 09:31:13,986 131--onleading
2016-03-07 09:31:14,033 132--ouyang666
2016-03-07 09:31:14,045 133--qingdao123--
2016-03-07 09:31:14,058 134--samuel_yuan
2016-03-07 09:31:14,071 135--sdytmp
2016-03-07 09:31:14,084 136--sgalex
2016-03-07 09:31:14,097 137--shazuer
2016-03-07 09:31:14,110 138--su123321
2016-03-07 09:31:14,122 139--syxs6636
2016-03-07 09:31:14,136 140--tb7539099_2011
2016-03-07 09:31:14,181 141--tougu888
2016-03-07 09:31:14,195 142--tqchengg
2016-03-07 09:31:14,207 143--tyjcpljs
2016-03-07 09:31:14,229 144--tzlyb
2016-03-07 09:31:14,241 145--tzws01
2016-03-07 09:31:14,257 146--up_call_m_010
2016-03-07 09:31:14,269 147--upchina200
2016-03-07 09:31:14,310 148--uptrade
2016-03-07 09:31:14,336 149--w123_ww
2016-03-07 09:31:14,348 150--wang711116
2016-03-07 09:31:14,362 151--wangxing100
2016-03-07 09:31:14,373 152--weigu9998
2016-03-07 09:31:14,387 153--whf771223
2016-03-07 09:31:14,398 154--wlda
2016-03-07 09:31:14,412 155--woniuzuogaotie
2016-03-07 09:31:14,424 156--wuhanzd
2016-03-07 09:31:14,438 157--wuyoushenlong
2016-03-07 09:31:14,450 158--wyj994175248
2016-03-07 09:31:14,464 159--wywhl
2016-03-07 09:31:14,500 160--xiaodao006
2016-03-07 09:31:14,514 161--xiaoqian88
2016-03-07 09:31:14,535 162--xiehj611
2016-03-07 09:31:14,549 163--xrong62
2016-03-07 09:31:14,561 164--xubangxin
2016-03-07 09:31:14,573 165--xuzhifang
2016-03-07 09:31:14,587 166--y080911
2016-03-07 09:31:14,599 167--y13719246136
2016-03-07 09:31:14,613 168--yanghuagp
2016-03-07 09:31:14,625 169--yangjn6189
2016-03-07 09:31:14,638 170--yaochen0827
2016-03-07 09:31:14,651 171--ycchxs
2016-03-07 09:31:14,664 172--ye202006
2016-03-07 09:31:14,676 173--yemh1027
2016-03-07 09:31:14,690 174--yhtcrq
2016-03-07 09:31:14,702 175--youny
2016-03-07 09:31:14,716 176--yuandelin20
2016-03-07 09:31:14,728 177--yuch0926
2016-03-07 09:31:14,768 178--yunlaowang
2016-03-07 09:31:14,793 179--yuwenhua123
2016-03-07 09:31:14,817 180--ywpr_2008
2016-03-07 09:31:14,832 181--zdd148
2016-03-07 09:31:14,844 182--zfrby8
2016-03-07 09:31:14,857 183--zhanghuang
2016-03-07 09:31:14,869 184--zhiyuan.jmd
2016-03-07 09:31:14,882 185--zhizhu358
2016-03-07 09:31:14,895 186--zhongliugema
2016-03-07 09:31:14,906 187--zhouchao1958
2016-03-07 09:31:14,919 188--zhoumaohu
2016-03-07 09:31:14,930 189--zjf_0589
2016-03-07 09:31:14,943 190--zksmgc
2016-03-07 09:31:14,955 191--zsqpost
2016-03-07 09:31:14,967 192--zwgxdm998
2016-03-07 09:31:14,981 193--zwp681208
2016-03-07 09:31:14,993 194--zym0908
2016-03-07 09:31:15,005 195--zzj135
2016-03-07 09:31:15,113 1--110200000750
2016-03-07 09:31:15,167 4--123456wangfy
2016-03-07 09:31:15,178 5--1313800
2016-03-07 09:31:15,226 T_OFFMSG DEL
2016-03-07 09:31:15,236 Send:[UPIM_REQ_OFFMSG] userid:1155
2016-03-07 09:31:15,535 FILE: [E:\WORK\UPIM\..\Bin\UPIM\Release\UPIMUser\1155\head\1102046259.jpg]
2016-03-07 09:31:16,222 FILE: [E:\WORK\UPIM\..\Bin\UPIM\Release\UPIMUser\1155\head\1701.jpg]
2016-03-07 09:31:16,247 FILE: [E:\WORK\UPIM\..\Bin\UPIM\Release\UPIMUser\1155\head\1701.jpg]
2016-03-07 09:31:16,400 FILE: [E:\WORK\UPIM\..\Bin\UPIM\Release\UPIMUser\1155\head\1892181.jpg]
2016-03-07 09:31:16,517 FILE: [E:\WORK\UPIM\..\Bin\UPIM\Release\UPIMUser\1155\head\1captain.jpg]
2016-03-07 09:31:16,557 FILE: [E:\WORK\UPIM\..\Bin\UPIM\Release\UPIMUser\1155\head\1captain.jpg]
2016-03-07 09:31:16,776 FILE: [E:\WORK\UPIM\..\Bin\UPIM\Release\UPIMUser\1155\head\240192205.jpg]
2016-03-07 09:31:16,918 FILE: [E:\WORK\UPIM\..\Bin\UPIM\Release\UPIMUser\1155\head\388.jpg]
2016-03-07 09:31:17,080 FILE: [E:\WORK\UPIM\..\Bin\UPIM\Release\UPIMUser\1155\head\531658080.jpg]
2016-03-07 09:31:17,211 FILE: [E:\WORK\UPIM\..\Bin\UPIM\Release\UPIMUser\1155\head\591.jpg]
2016-03-07 09:31:17,339 FILE: [E:\WORK\UPIM\..\Bin\UPIM\Release\UPIMUser\1155\head\6226.jpg]
2016-03-07 09:31:17,501 FILE: [E:\WORK\UPIM\..\Bin\UPIM\Release\UPIMUser\1155\head\728.jpg]
2016-03-07 09:31:17,646 FILE: [E:\WORK\UPIM\..\Bin\UPIM\Release\UPIMUser\1155\head\775.jpg]
2016-03-07 09:31:17,932 FILE: [E:\WORK\UPIM\..\Bin\UPIM\Release\UPIMUser\1155\head\862401466.jpg]
2016-03-07 09:31:18,012 FILE: [E:\WORK\UPIM\..\Bin\UPIM\Release\UPIMUser\1155\head\862401466.jpg]
2016-03-07 09:31:18,113 FILE: [E:\WORK\UPIM\..\Bin\UPIM\Release\UPIMUser\1155\head\99977633.jpg]
2016-03-07 09:31:18,409 FILE: [E:\WORK\UPIM\..\Bin\UPIM\Release\UPIMUser\1155\head\bccfkf.jpg]
2016-03-07 09:31:18,466 FILE: [E:\WORK\UPIM\..\Bin\UPIM\Release\UPIMUser\1155\head\bccfkf.jpg]
2016-03-07 09:31:18,742 FILE: [E:\WORK\UPIM\..\Bin\UPIM\Release\UPIMUser\1155\head\clk201506.jpg]
2016-03-07 09:31:19,118 FILE: [E:\WORK\UPIM\..\Bin\UPIM\Release\UPIMUser\1155\head\easy0820.jpg]
2016-03-07 09:31:19,496 FILE: [E:\WORK\UPIM\..\Bin\UPIM\Release\UPIMUser\1155\head\farfalla.jpg]
2016-03-07 09:31:20,999 FILE: [E:\WORK\UPIM\..\Bin\UPIM\Release\UPIMUser\1155\head\jessen09.jpg]
2016-03-07 09:31:21,093 FILE: [E:\WORK\UPIM\..\Bin\UPIM\Release\UPIMUser\1155\head\jhdcf1688.jpg]
2016-03-07 09:31:21,137 FILE: [E:\WORK\UPIM\..\Bin\UPIM\Release\UPIMUser\1155\head\jhdcf1688.jpg]
2016-03-07 09:31:21,393 FILE: [E:\WORK\UPIM\..\Bin\UPIM\Release\UPIMUser\1155\head\jmdcf1706.jpg]
2016-03-07 09:31:21,452 FILE: [E:\WORK\UPIM\..\Bin\UPIM\Release\UPIMUser\1155\head\jmdgjs.jpg]
2016-03-07 09:31:21,577 FILE: [E:\WORK\UPIM\..\Bin\UPIM\Release\UPIMUser\1155\head\kikiwuqie.jpg]
2016-03-07 09:31:21,919 FILE: [E:\WORK\UPIM\..\Bin\UPIM\Release\UPIMUser\1155\head\lilang.jpg]
2016-03-07 09:31:22,268 FILE: [E:\WORK\UPIM\..\Bin\UPIM\Release\UPIMUser\1155\head\luliansong.jpg]
2016-03-07 09:31:22,314 FILE: [E:\WORK\UPIM\..\Bin\UPIM\Release\UPIMUser\1155\head\luliansong.jpg]
2016-03-07 09:31:22,462 FILE: [E:\WORK\UPIM\..\Bin\UPIM\Release\UPIMUser\1155\head\maqi.jpg]
2016-03-07 09:31:22,531 FILE: [E:\WORK\UPIM\..\Bin\UPIM\Release\UPIMUser\1155\head\maqi.jpg]
2016-03-07 09:31:22,627 FILE: [E:\WORK\UPIM\..\Bin\UPIM\Release\UPIMUser\1155\head\michaelowen.jpg]
2016-03-07 09:31:22,934 FILE: [E:\WORK\UPIM\..\Bin\UPIM\Release\UPIMUser\1155\head\mjh_stock.jpg]
2016-03-07 09:31:23,025 FILE: [E:\WORK\UPIM\..\Bin\UPIM\Release\UPIMUser\1155\head\mjh_stock.jpg]
2016-03-07 09:31:23,075 FILE: [E:\WORK\UPIM\..\Bin\UPIM\Release\UPIMUser\1155\head\muzili288.jpg]
2016-03-07 09:31:23,192 FILE: [E:\WORK\UPIM\..\Bin\UPIM\Release\UPIMUser\1155\head\ogame.jpg]
2016-03-07 09:31:23,274 FILE: [E:\WORK\UPIM\..\Bin\UPIM\Release\UPIMUser\1155\head\onleading.jpg]
2016-03-07 09:31:23,388 FILE: [E:\WORK\UPIM\..\Bin\UPIM\Release\UPIMUser\1155\head\qingdao123--.jpg]
2016-03-07 09:31:23,667 FILE: [E:\WORK\UPIM\..\Bin\UPIM\Release\UPIMUser\1155\head\shazuer.jpg]
2016-03-07 09:31:23,695 FILE: [E:\WORK\UPIM\..\Bin\UPIM\Release\UPIMUser\1155\head\shazuer.jpg]
2016-03-07 09:31:24,064 FILE: [E:\WORK\UPIM\..\Bin\UPIM\Release\UPIMUser\1155\head\upchina200.jpg]
2016-03-07 09:31:24,191 FILE: [E:\WORK\UPIM\..\Bin\UPIM\Release\UPIMUser\1155\head\uptrade.jpg]
2016-03-07 09:31:24,618 FILE: [E:\WORK\UPIM\..\Bin\UPIM\Release\UPIMUser\1155\head\xiaodao006.jpg]
2016-03-07 09:31:24,899 FILE: [E:\WORK\UPIM\..\Bin\UPIM\Release\UPIMUser\1155\head\y080911.jpg]
2016-03-07 09:31:25,064 FILE: [E:\WORK\UPIM\..\Bin\UPIM\Release\UPIMUser\1155\head\yaochen0827.jpg]
2016-03-07 09:31:25,597 FILE: [E:\WORK\UPIM\..\Bin\UPIM\Release\UPIMUser\1155\head\ye202006.jpg]
2016-03-07 09:31:26,236 Pic size Error [http://q.qlogo.cn/qqapp/1101314223/33657C28A4B6C45293CBD85398D70AE1/40](915)
2016-03-07 09:31:26,265 Pic size Error [http://q.qlogo.cn/qqapp/1101314223/33657C28A4B6C45293CBD85398D70AE1/40](915)
2016-03-07 09:31:26,338 FILE: [E:\WORK\UPIM\..\Bin\UPIM\Release\UPIMUser\1155\head\yunlaowang.jpg]
2016-03-07 09:31:26,556 FILE: [E:\WORK\UPIM\..\Bin\UPIM\Release\UPIMUser\1155\head\zdd148.jpg]
2016-03-07 09:31:26,653 FILE: [E:\WORK\UPIM\..\Bin\UPIM\Release\UPIMUser\1155\head\zhanghuang.jpg]
2016-03-07 09:31:26,743 FILE: [E:\WORK\UPIM\..\Bin\UPIM\Release\UPIMUser\1155\head\zhiyuan.jmd.jpg]
2016-03-07 09:31:26,941 FILE: [E:\WORK\UPIM\..\Bin\UPIM\Release\UPIMUser\1155\head\zhongliugema.jpg]
2016-03-07 09:31:27,180 FILE: [E:\WORK\UPIM\..\Bin\UPIM\Release\UPIMUser\1155\head\zhoumaohu.jpg]
2016-03-07 09:31:27,224 FILE: [E:\WORK\UPIM\..\Bin\UPIM\Release\UPIMUser\1155\head\zhoumaohu.jpg]
2016-03-07 09:31:27,320 FILE: [E:\WORK\UPIM\..\Bin\UPIM\Release\UPIMUser\1155\head\zksmgc.jpg]
2016-03-07 09:31:27,644 FILE: [E:\WORK\UPIM\..\Bin\UPIM\Release\UPIMUser\1155\head\zzj135.jpg]
