2016-03-03 16:37:46,023 InitRichEditCom Start!
2016-03-03 16:37:47,806 Socket Connect OK! [ConnID:1]
2016-03-03 16:37:47,901 RecvData: iLength:311 nLen:286 Req:5001
2016-03-03 16:37:47,934 Recv:[UPIM_REQ_CHECKPWD]
2016-03-03 16:37:47,965 Send:[UPIM_REQ_ALLTGROOM] userid:1142
2016-03-03 16:37:47,980 T_OFFMSG ADD
2016-03-03 16:37:47,995 RecvData: iLength:197 nLen:172 Req:5040
2016-03-03 16:37:48,006 Recv:[UPIM_REQ_ALLTGROOM] ItemNum:1
2016-03-03 16:37:48,020 Send:[UPIM_REQ_ALLROOMTOUSER] userid:1142 roomid:1143
2016-03-03 16:37:48,042 RecvData: iLength:2770 nLen:2745 Req:5042
2016-03-03 16:37:48,054 Recv:[UPIM_REQ_ALLROOMTOUSER] ItemNum:100
2016-03-03 16:37:48,068 Send:[UPIM_REQ_GETGROUP] userid:1142
2016-03-03 16:37:48,080 RecvData: iLength:2885 nLen:2860 Req:5042
2016-03-03 16:37:48,092 Recv:[UPIM_REQ_ALLROOMTOUSER] ItemNum:100
2016-03-03 16:37:48,095 FILE: [E:\WORK\Bin\UPIM\Release\UPIMUser\1142\head\my.jpg]
2016-03-03 16:37:48,110 Send:[UPIM_REQ_GETGROUP] userid:1142
2016-03-03 16:37:48,130 CreateTgRoomAccNode PID:1143 PNAME:大赢家（VIP） PNOTE:<p>大道至简，用专业改变格局！</p><p><br /></p>
2016-03-03 16:37:48,132 RecvData: iLength:1894 nLen:1869 Req:5042
2016-03-03 16:37:48,144 0--yaochen0827
2016-03-03 16:37:48,156 Recv:[UPIM_REQ_ALLROOMTOUSER] ItemNum:65
2016-03-03 16:37:48,170 1--zhongliugema
2016-03-03 16:37:48,182 ### Packet Separator ERROR!
2016-03-03 16:37:48,196 2--kikiwuqie
2016-03-03 16:37:48,210 RecvData: iLength:129 nLen:104 Req:5043
2016-03-03 16:37:48,222 3--591
2016-03-03 16:37:48,233 Recv:[UPIM_REQ_GETGROUP] ItemNum:2
2016-03-03 16:37:48,248 4--yzy.jhd
2016-03-03 16:37:48,260 Send:[UPIM_REQ_GETGUSER] userid:1142 ngroupid:115
2016-03-03 16:37:48,273 5--tougu888
2016-03-03 16:37:48,285 Send:[UPIM_REQ_GETGUSER] userid:1142 ngroupid:117
2016-03-03 16:37:48,310 RecvData: iLength:129 nLen:104 Req:5043
2016-03-03 16:37:48,316 6--80167
2016-03-03 16:37:48,325 Recv:[UPIM_REQ_GETGROUP] ItemNum:2
2016-03-03 16:37:48,337 7--1701
2016-03-03 16:37:48,350 Send:[UPIM_REQ_GETGUSER] userid:1142 ngroupid:115
2016-03-03 16:37:48,362 8--728
2016-03-03 16:37:48,376 Send:[UPIM_REQ_GETGUSER] userid:1142 ngroupid:117
2016-03-03 16:37:48,388 9--michealowen
2016-03-03 16:37:48,403 RecvData: iLength:74 nLen:49 Req:5044
2016-03-03 16:37:48,416 10--jmdcf1706
2016-03-03 16:37:48,427 Recv:[UPIM_REQ_GETGUSER] ItemNum:2 GroupId=115
2016-03-03 16:37:48,440 11--6226
2016-03-03 16:37:48,454 RecvData: iLength:42 nLen:17 Req:5044
2016-03-03 16:37:48,572 12--bccfkf
2016-03-03 16:37:48,613 RecvData: iLength:74 nLen:49 Req:5044
2016-03-03 16:37:48,630 13--jmdgjs
2016-03-03 16:37:48,643 Recv:[UPIM_REQ_GETGUSER] ItemNum:2 GroupId=115
2016-03-03 16:37:48,655 14--775
2016-03-03 16:37:48,668 RecvData: iLength:42 nLen:17 Req:5044
2016-03-03 16:37:48,680 15--kundera5010
2016-03-03 16:37:48,705 16--uptrade
2016-03-03 16:37:48,716 17--xiaodao006
2016-03-03 16:37:48,729 18--onleading
2016-03-03 16:37:48,741 19--jhdxx
2016-03-03 16:37:48,753 20--wgn10048547
2016-03-03 16:37:48,766 21--665066
2016-03-03 16:37:48,778 22--13935582984
2016-03-03 16:37:48,798 23--wwuqing
2016-03-03 16:37:48,811 24--cy1295
2016-03-03 16:37:48,824 25--jhdcf1688
2016-03-03 16:37:48,836 26--sunlightmjl
2016-03-03 16:37:48,847 27--wdh08859941
2016-03-03 16:37:48,860 28--y13719246136
2016-03-03 16:37:48,872 29--lilang
2016-03-03 16:37:48,885 30--ksmwx
2016-03-03 16:37:48,897 31--99977633
2016-03-03 16:37:48,909 32--jessen09
2016-03-03 16:37:48,922 33--ycchxs
2016-03-03 16:37:48,933 34--y080911
2016-03-03 16:37:48,947 35--ye202006
2016-03-03 16:37:48,958 36--zhanghuang
2016-03-03 16:37:48,972 37--531658080
2016-03-03 16:37:48,984 38--388
2016-03-03 16:37:48,996 39--lkx469440143
2016-03-03 16:37:49,008 40--dabobo
2016-03-03 16:37:49,020 41--8820678
2016-03-03 16:37:49,033 42--1095587911
2016-03-03 16:37:49,045 43--zhoumaohu
2016-03-03 16:37:49,057 44--chenhuaqing888
2016-03-03 16:37:49,070 45--15161
2016-03-03 16:37:49,081 46--ouyang666
2016-03-03 16:37:49,094 47--liao28
2016-03-03 16:37:49,106 48--yunlaowang
2016-03-03 16:37:49,118 49--huangjinlian88
2016-03-03 16:37:49,131 50--kewei2015
2016-03-03 16:37:49,143 51--muzili288
2016-03-03 16:37:49,156 52--yuwenhua123
2016-03-03 16:37:49,168 53--cnitx
2016-03-03 16:37:49,183 54--gene
2016-03-03 16:37:49,193 55--ddz1988
2016-03-03 16:37:49,204 56--up_call_m_010
2016-03-03 16:37:49,218 57--502
2016-03-03 16:37:49,229 58--maqi
2016-03-03 16:37:49,242 59--shazuer
2016-03-03 16:37:49,254 60--240192205
2016-03-03 16:37:49,266 61--ogame
2016-03-03 16:37:49,280 62--cxlbest6508
2016-03-03 16:37:49,294 63--1captain
2016-03-03 16:37:49,331 64--yangjn6189
2016-03-03 16:37:49,340 65--55zhang
2016-03-03 16:37:49,352 66--jinshouzhi
2016-03-03 16:37:49,365 67--zhoushengsen
2016-03-03 16:37:49,377 68--xiaoqian88
2016-03-03 16:37:49,390 69--up33333
2016-03-03 16:37:49,404 70--jhjh
2016-03-03 16:37:49,416 71--evagj
2016-03-03 16:37:49,427 72--zhouhua8311
2016-03-03 16:37:49,439 73--mingqwe
2016-03-03 16:37:49,452 74--baijian1963
2016-03-03 16:37:49,465 75--ljsheng90
2016-03-03 16:37:49,476 76--cherrygw
2016-03-03 16:37:49,488 77--hzwangzg
2016-03-03 16:37:49,500 78--bwin188
2016-03-03 16:37:49,513 79--hehu.16
2016-03-03 16:37:49,525 80--hy88122788
2016-03-03 16:37:49,538 81--cmt777
2016-03-03 16:37:49,550 82--jiamusi0454
2016-03-03 16:37:49,561 83--longxiaozheng
2016-03-03 16:37:49,574 84--791014j
2016-03-03 16:37:49,586 85--lhx1368
2016-03-03 16:37:49,599 86--120000114191
2016-03-03 16:37:49,611 87--em056457
2016-03-03 16:37:49,626 88--nana93648
2016-03-03 16:37:49,640 89--paleann
2016-03-03 16:37:49,656 90--660005411
2016-03-03 16:37:49,669 91--xyhh
2016-03-03 16:37:49,681 92--535757699
2016-03-03 16:37:49,694 93--cwb35100126.co
2016-03-03 16:37:49,706 94--wp23540ss
2016-03-03 16:37:49,717 95--skier
2016-03-03 16:37:49,731 96--foxyuer88
2016-03-03 16:37:49,742 97--jigivans
2016-03-03 16:37:49,755 98--123456789zx
2016-03-03 16:37:49,767 99--ysd_yz
2016-03-03 16:37:49,780 100--119168
2016-03-03 16:37:49,793 101--yuan007
2016-03-03 16:37:49,831 102--ywbtj
2016-03-03 16:37:49,841 103--zb15100330
2016-03-03 16:37:49,853 104--dy2236307
2016-03-03 16:37:49,866 105--458973003
2016-03-03 16:37:49,878 106--rsky2000
2016-03-03 16:37:49,890 107--pbx007
2016-03-03 16:37:49,903 108--196410271256
2016-03-03 16:37:49,915 109--070000001068
2016-03-03 16:37:49,928 110--youyudetiankon
2016-03-03 16:37:49,940 111--zdw123456789
2016-03-03 16:37:49,952 112--haoyun568
2016-03-03 16:37:49,964 113--huchongboce109
2016-03-03 16:37:49,976 114--19123707
2016-03-03 16:37:49,989 115--zhuyi1
2016-03-03 16:37:50,001 116--tangyingyu
2016-03-03 16:37:50,014 117--hyysu
2016-03-03 16:37:50,026 118--qmj334455
2016-03-03 16:37:50,038 119--41232619660626
2016-03-03 16:37:50,051 120--fc866866
2016-03-03 16:37:50,062 121--13859904048
2016-03-03 16:37:50,075 122--guminwangwang
2016-03-03 16:37:50,087 123--13901334316
2016-03-03 16:37:50,099 124--stock19800619
2016-03-03 16:37:50,114 125--13302900000
2016-03-03 16:37:50,126 126--wangcc132
2016-03-03 16:37:50,139 127--chaziyanhongqi
2016-03-03 16:37:50,152 128--abcd56789
2016-03-03 16:37:50,162 129--hbczcwh
2016-03-03 16:37:50,185 130--68754236
2016-03-03 16:37:50,195 131--sangqing
2016-03-03 16:37:50,208 132--ytx871238
2016-03-03 16:37:50,220 133--416903482
2016-03-03 16:37:50,234 134--luo124863
2016-03-03 16:37:50,245 135--ahczc00055
2016-03-03 16:37:50,257 136--zjh6000
2016-03-03 16:37:50,270 137--lqlxy001
2016-03-03 16:37:50,282 138--lqywd
2016-03-03 16:37:50,295 139--hnyifu
2016-03-03 16:37:50,308 140--18674800653
2016-03-03 16:37:50,346 141--mnbvcxz
2016-03-03 16:37:50,356 142--wwwzzz12345678
2016-03-03 16:37:50,368 143--13901051425
2016-03-03 16:37:50,381 144--nong8286
2016-03-03 16:37:50,393 145--15611818246
2016-03-03 16:37:50,406 146--lqx2759
2016-03-03 16:37:50,418 147--y1081088
2016-03-03 16:37:50,429 148--wu83978368
2016-03-03 16:37:50,442 149--ws7189
2016-03-03 16:37:50,454 150--hy369147
2016-03-03 16:37:50,608 151--284927800
2016-03-03 16:37:50,629 152--092112889
2016-03-03 16:37:50,656 153--53016545688
2016-03-03 16:37:50,679 154--13979081234
2016-03-03 16:37:50,690 155--guoling1210
2016-03-03 16:37:50,702 156--zvc
2016-03-03 16:37:50,716 157--15062246
2016-03-03 16:37:50,729 158--paabb1978
2016-03-03 16:37:50,741 159--robin188684696
2016-03-03 16:37:50,753 160--lw8897
2016-03-03 16:37:50,767 161--lcj68084685
2016-03-03 16:37:50,778 162--lsy22122
2016-03-03 16:37:50,789 163--hqdj262
2016-03-03 16:37:50,802 164--13773881023
2016-03-03 16:37:50,816 165--13755681799
2016-03-03 16:37:50,856 166--10135277
2016-03-03 16:37:50,872 167--1820209
2016-03-03 16:37:50,884 168--11330088
2016-03-03 16:37:50,897 169--jing0326
2016-03-03 16:37:50,909 170--yanhuasanyu
2016-03-03 16:37:50,922 171--15351756120
2016-03-03 16:37:50,934 172--490522
2016-03-03 16:37:50,945 173--flytiger2015
2016-03-03 16:37:50,958 174--wlcbdlgs
2016-03-03 16:37:50,970 175--qq35142320
2016-03-03 16:37:50,983 176--1444074764
2016-03-03 16:37:50,995 177--wz511066
2016-03-03 16:37:51,010 178--hsz789789
2016-03-03 16:37:51,020 179--13718813852
2016-03-03 16:37:51,032 180--wywziywy
2016-03-03 16:37:51,045 181--099909990999
2016-03-03 16:37:51,056 182--1202028668
2016-03-03 16:37:51,069 183--13701031280
2016-03-03 16:37:51,081 184--799132819
2016-03-03 16:37:51,093 185--wwyy123456789
2016-03-03 16:37:51,106 186--1269563321
2016-03-03 16:37:51,118 187--aolinsong
2016-03-03 16:37:51,131 188--zhangsh876
2016-03-03 16:37:51,143 189--13993195097
2016-03-03 16:37:51,156 190--a13753701987
2016-03-03 16:37:51,168 191--1365859312
2016-03-03 16:37:51,179 192--0602679
2016-03-03 16:37:51,192 193--as3399
2016-03-03 16:37:51,204 194--liaowangjiao
2016-03-03 16:37:51,280 T_OFFMSG DEL
2016-03-03 16:37:51,295 Send:[UPIM_REQ_OFFMSG] userid:1142
2016-03-03 16:37:52,667 FILE: [E:\WORK\Bin\UPIM\Release\UPIMUser\1142\head\y080911.jpg]
2016-03-03 16:37:52,699 FILE: [E:\WORK\Bin\UPIM\Release\UPIMUser\1142\head\y080911.jpg]
2016-03-03 16:37:52,747 FILE: [E:\WORK\Bin\UPIM\Release\UPIMUser\1142\head\ye202006.jpg]
2016-03-03 16:37:52,801 FILE: [E:\WORK\Bin\UPIM\Release\UPIMUser\1142\head\zhanghuang.jpg]
2016-03-03 16:37:52,851 FILE: [E:\WORK\Bin\UPIM\Release\UPIMUser\1142\head\zhanghuang.jpg]
2016-03-03 16:37:52,885 FILE: [E:\WORK\Bin\UPIM\Release\UPIMUser\1142\head\531658080.jpg]
2016-03-03 16:37:52,957 FILE: [E:\WORK\Bin\UPIM\Release\UPIMUser\1142\head\388.jpg]
2016-03-03 16:37:53,038 StopClient
2016-03-03 16:37:53,100 [SUCCESS]Socket Close ConnID:1
2016-03-03 16:37:53,124 1# CMyClient::OnClose
