2016-03-03 17:06:39,839 InitRichEditCom Start!
2016-03-03 17:06:40,354 Socket Connect OK! [ConnID:1]
2016-03-03 17:06:40,395 RecvData: iLength:311 nLen:286 Req:5001
2016-03-03 17:06:40,406 Recv:[UPIM_REQ_CHECKPWD]
2016-03-03 17:06:40,500 Send:[UPIM_REQ_ALLTGROOMEX] userid:kikiwuqie market:1
2016-03-03 17:06:40,511 T_OFFMSG ADD
2016-03-03 17:06:40,531 RecvData: iLength:1721 nLen:1696 Req:5041
2016-03-03 17:06:40,546 Recv:[UPIM_REQ_ALLTGROOMEX] ItemNum:5
2016-03-03 17:06:40,610 FILE: [E:\WORK\Bin\UPIM\Release\UPIMUser\kikiwuqie\head\my.jpg]
2016-03-03 17:06:40,662 FILE: [E:\WORK\Bin\UPIM\Release\UPIMUser\kikiwuqie\head\1144.jpg]
2016-03-03 17:06:40,706 FILE: [E:\WORK\Bin\UPIM\Release\UPIMUser\kikiwuqie\head\1142.jpg]
2016-03-03 17:06:40,740 FILE: [E:\WORK\Bin\UPIM\Release\UPIMUser\kikiwuqie\head\1150.jpg]
2016-03-03 17:06:40,795 FILE: [E:\WORK\Bin\UPIM\Release\UPIMUser\kikiwuqie\head\1181.jpg]
2016-03-03 17:06:40,847 FILE: [E:\WORK\Bin\UPIM\Release\UPIMUser\kikiwuqie\head\1143.jpg]
2016-03-03 17:06:40,909 FILE: [E:\WORK\Bin\UPIM\Release\UPIMUser\kikiwuqie\head\1146.jpg]
2016-03-03 17:06:40,946 FILE: [E:\WORK\Bin\UPIM\Release\UPIMUser\kikiwuqie\head\1147.jpg]
2016-03-03 17:06:40,977 FILE: [E:\WORK\Bin\UPIM\Release\UPIMUser\kikiwuqie\head\1145.jpg]
2016-03-03 17:06:41,005 FILE: [E:\WORK\Bin\UPIM\Release\UPIMUser\kikiwuqie\head\1141.jpg]
2016-03-03 17:06:41,040 FILE: [E:\WORK\Bin\UPIM\Release\UPIMUser\kikiwuqie\head\1148.jpg]
2016-03-03 17:06:41,087 FILE: [E:\WORK\Bin\UPIM\Release\UPIMUser\kikiwuqie\head\1155.jpg]
2016-03-03 17:06:41,122 FILE: [E:\WORK\Bin\UPIM\Release\UPIMUser\kikiwuqie\head\1157.jpg]
2016-03-03 17:06:41,158 FILE: [E:\WORK\Bin\UPIM\Release\UPIMUser\kikiwuqie\head\1154.jpg]
2016-03-03 17:06:43,025 T_OFFMSG DEL
2016-03-03 17:06:43,278 Send:[UPIM_REQ_OFFMSG] userid:kikiwuqie
2016-03-03 17:06:49,297 StopClient
2016-03-03 17:06:49,325 [SUCCESS]Socket Close ConnID:1
2016-03-03 17:06:49,340 1# CMyClient::OnClose
