2016-03-07 09:58:50,124 InitRichEditCom Start!
2016-03-07 09:59:44,801 Socket Connect OK! [ConnID:1]
2016-03-07 09:59:44,855 RecvData: iLength:311 nLen:286 Req:5001
2016-03-07 09:59:44,873 Recv:[UPIM_REQ_CHECKPWD]
2016-03-07 09:59:44,890 Send:[UPIM_REQ_ALLTGROOM] userid:1155
2016-03-07 09:59:44,905 T_OFFMSG ADD
2016-03-07 09:59:44,920 RecvData: iLength:275 nLen:250 Req:5040
2016-03-07 09:59:44,930 Recv:[UPIM_REQ_ALLTGROOM] ItemNum:1
2016-03-07 09:59:44,943 Send:[UPIM_REQ_ALLROOMTOUSER] userid:1155 roomid:1149
2016-03-07 09:59:44,996 CreateTgRoomAccNode PID:1149 PNAME:步步为盈 PNOTE:<p>以日内短线交易为主，顺应趋势为操作思路。在这里，没有模糊的区间，只有精确的做单点位；只有稳定的盈利。步步为营方可步步为盈！</
2016-03-07 09:59:45,003 RecvData: iLength:2800 nLen:2775 Req:5042
2016-03-07 09:59:45,022 Recv:[UPIM_REQ_ALLROOMTOUSER] ItemNum:100
2016-03-07 09:59:45,082 FILE: [E:\WORK\UPIM\..\Bin\UPIM\Release\UPIMUser\1155\head\my.jpg]
2016-03-07 09:59:45,162 Send:[UPIM_REQ_GETGROUP] userid:1155
2016-03-07 09:59:45,167 0--1095587911
2016-03-07 09:59:45,179 RecvData: iLength:2837 nLen:2812 Req:5042
2016-03-07 09:59:45,190 1--1102046259
2016-03-07 09:59:45,201 Recv:[UPIM_REQ_ALLROOMTOUSER] ItemNum:100
2016-03-07 09:59:45,215 2--1198411948
2016-03-07 09:59:45,244 3--13678981788
2016-03-07 09:59:45,268 Send:[UPIM_REQ_GETGROUP] userid:1155
2016-03-07 09:59:45,269 4--13877338218
2016-03-07 09:59:45,284 RecvData: iLength:2875 nLen:2850 Req:5042
2016-03-07 09:59:45,294 5--1313800
2016-03-07 09:59:45,306 Recv:[UPIM_REQ_ALLROOMTOUSER] ItemNum:100
2016-03-07 09:59:45,322 7--13818383675
2016-03-07 09:59:45,337 ### Packet Separator ERROR!
2016-03-07 09:59:45,347 8--13852913771
2016-03-07 09:59:45,359 ### Packet Separator ERROR!
2016-03-07 09:59:45,374 9--13877338218
2016-03-07 09:59:45,386 ### Packet Separator ERROR!
2016-03-07 09:59:45,400 10--13965993775lcl
2016-03-07 09:59:45,413 ### Packet Separator ERROR!
2016-03-07 09:59:45,427 11--13998693491
2016-03-07 09:59:45,443 RecvData: iLength:131 nLen:106 Req:5043
2016-03-07 09:59:45,454 12--15161
2016-03-07 09:59:45,465 Recv:[UPIM_REQ_GETGROUP] ItemNum:2
2016-03-07 09:59:45,480 13--15328836606
2016-03-07 09:59:45,501 Send:[UPIM_REQ_GETGUSER] userid:1155 ngroupid:118
2016-03-07 09:59:45,514 14--15827576659
2016-03-07 09:59:45,526 Send:[UPIM_REQ_GETGUSER] userid:1155 ngroupid:119
2016-03-07 09:59:45,541 15--1701
2016-03-07 09:59:45,553 RecvData: iLength:131 nLen:106 Req:5043
2016-03-07 09:59:45,568 16--17013226
2016-03-07 09:59:45,579 Recv:[UPIM_REQ_GETGROUP] ItemNum:2
2016-03-07 09:59:45,595 17--18358020759
2016-03-07 09:59:45,615 Send:[UPIM_REQ_GETGUSER] userid:1155 ngroupid:118
2016-03-07 09:59:45,623 18--18709637618
2016-03-07 09:59:45,632 Send:[UPIM_REQ_GETGUSER] userid:1155 ngroupid:119
2016-03-07 09:59:45,650 19--1892181
2016-03-07 09:59:45,661 RecvData: iLength:112 nLen:87 Req:5044
2016-03-07 09:59:45,673 20--18927469068
2016-03-07 09:59:45,684 Recv:[UPIM_REQ_GETGUSER] ItemNum:4 GroupId=118
2016-03-07 09:59:45,701 21--1captain
2016-03-07 09:59:45,727 RecvData: iLength:42 nLen:17 Req:5044
2016-03-07 09:59:45,731 22--20004804
2016-03-07 09:59:45,738 RecvData: iLength:112 nLen:87 Req:5044
2016-03-07 09:59:45,755 23--2206616977
2016-03-07 09:59:45,764 Recv:[UPIM_REQ_GETGUSER] ItemNum:4 GroupId=118
2016-03-07 09:59:45,802 RecvData: iLength:42 nLen:17 Req:5044
2016-03-07 09:59:45,803 24--2299038
2016-03-07 09:59:45,835 25--23zx456
2016-03-07 09:59:45,847 26--240192205
2016-03-07 09:59:45,860 27--320301
2016-03-07 09:59:45,873 28--35009533
2016-03-07 09:59:45,886 29--350351223
2016-03-07 09:59:45,900 30--388
2016-03-07 09:59:45,913 31--502
2016-03-07 09:59:45,928 32--531658080
2016-03-07 09:59:45,941 33--549710
2016-03-07 09:59:45,956 34--55zhang
2016-03-07 09:59:45,975 35--591
2016-03-07 09:59:45,989 36--610597372
2016-03-07 09:59:46,003 37--6175153h153
2016-03-07 09:59:46,015 38--6226
2016-03-07 09:59:46,029 39--644293083
2016-03-07 09:59:46,041 40--728
2016-03-07 09:59:46,054 41--729141877
2016-03-07 09:59:46,067 42--775
2016-03-07 09:59:46,080 43--79324609
2016-03-07 09:59:46,093 44--80167
2016-03-07 09:59:46,107 45--8384997wmw
2016-03-07 09:59:46,120 46--862401466
2016-03-07 09:59:46,133 47--86461318
2016-03-07 09:59:46,146 48--8820678
2016-03-07 09:59:46,160 49--943862434
2016-03-07 09:59:46,172 50--99977633
2016-03-07 09:59:46,186 51--a2632673
2016-03-07 09:59:46,199 52--aa13998560778
2016-03-07 09:59:46,213 53--abc114384
2016-03-07 09:59:46,225 54--abcdefgycj
2016-03-07 09:59:46,239 55--asd12345asd543
2016-03-07 09:59:46,252 56--bccfkf
2016-03-07 09:59:46,265 57--bccfw_up
2016-03-07 09:59:46,307 58--bcg4567
2016-03-07 09:59:46,325 59--beihai678
2016-03-07 09:59:46,337 60--bnzyxql
2016-03-07 09:59:46,352 61--chenhuaqing888
2016-03-07 09:59:46,364 62--cjlcy123
2016-03-07 09:59:46,378 63--clk201506
2016-03-07 09:59:46,392 64--cm0218
2016-03-07 09:59:46,405 65--cnitx
2016-03-07 09:59:46,417 66--cxlbest6508
2016-03-07 09:59:46,431 67--czr6912
2016-03-07 09:59:46,443 68--czsj001902
2016-03-07 09:59:46,457 69--dabobo
2016-03-07 09:59:46,470 70--dafuhaolail
2016-03-07 09:59:46,484 71--ddf8
2016-03-07 09:59:46,496 72--ddz1988
2016-03-07 09:59:46,510 73--dongfanghong36
2016-03-07 09:59:46,522 74--easy0820
2016-03-07 09:59:46,536 75--faqlxq
2016-03-07 09:59:46,549 76--farfalla
2016-03-07 09:59:46,564 77--fengliang8523
2016-03-07 09:59:46,577 78--ffs3839295
2016-03-07 09:59:46,591 79--g13816627635
2016-03-07 09:59:46,603 80--gene
2016-03-07 09:59:46,617 81--ghqsyyyx
2016-03-07 09:59:46,630 82--glhejunlin
2016-03-07 09:59:46,644 83--gnxuyue
2016-03-07 09:59:46,656 84--gp989sjp939
2016-03-07 09:59:46,670 85--guanxuexin
2016-03-07 09:59:46,682 86--hhpwww
2016-03-07 09:59:46,696 87--hjchjc678
2016-03-07 09:59:46,709 88--hjn_1970
2016-03-07 09:59:46,723 89--huangjinlian88
2016-03-07 09:59:46,735 90--huiyiersan
2016-03-07 09:59:46,749 91--hwztiger
2016-03-07 09:59:46,762 92--hxttzt
2016-03-07 09:59:46,776 93--jessen09
2016-03-07 09:59:46,824 94--jhdcf1688
2016-03-07 09:59:46,835 95--jhdxx
2016-03-07 09:59:46,848 96--jhjh
2016-03-07 09:59:46,862 97--jinshouzhi
2016-03-07 09:59:46,874 98--jinwd315
2016-03-07 09:59:46,888 99--jmdcf1706
2016-03-07 09:59:46,900 100--jmdgjs
2016-03-07 09:59:46,914 101--kewei2015
2016-03-07 09:59:46,927 102--kikiwuqie
2016-03-07 09:59:46,941 103--kmduqing
2016-03-07 09:59:46,954 104--knight368
2016-03-07 09:59:46,967 105--ksmwx
2016-03-07 09:59:46,981 106--kundera5010
2016-03-07 09:59:46,994 107--li66777
2016-03-07 09:59:47,008 108--liao28
2016-03-07 09:59:47,020 109--lijunwlx
2016-03-07 09:59:47,034 110--lilang
2016-03-07 09:59:47,047 111--lilii123456
2016-03-07 09:59:47,062 112--lionhu680529
2016-03-07 09:59:47,073 113--liufei999999
2016-03-07 09:59:47,087 114--liupq8716
2016-03-07 09:59:47,099 115--liuwuyi0501
2016-03-07 09:59:47,113 116--lkx469440143
2016-03-07 09:59:47,125 117--lqlzg
2016-03-07 09:59:47,139 118--ltlljl39735
2016-03-07 09:59:47,152 119--luliansong
2016-03-07 09:59:47,166 120--lxc621028
2016-03-07 09:59:47,178 121--lyloffice
2016-03-07 09:59:47,192 122--lza2211297
2016-03-07 09:59:47,205 123--maqi
2016-03-07 09:59:47,219 124--mayuhuimarty
2016-03-07 09:59:47,232 125--michaelowen
2016-03-07 09:59:47,245 126--michealowen
2016-03-07 09:59:47,258 127--michellezhou
2016-03-07 09:59:47,271 128--mjh_stock
2016-03-07 09:59:47,284 129--muzili288
2016-03-07 09:59:47,310 130--ogame
2016-03-07 09:59:47,327 131--onleading
2016-03-07 09:59:47,341 132--ouyang666
2016-03-07 09:59:47,354 133--qingdao123--
2016-03-07 09:59:47,367 134--samuel_yuan
2016-03-07 09:59:47,380 135--sdytmp
2016-03-07 09:59:47,394 136--sgalex
2016-03-07 09:59:47,406 137--shazuer
2016-03-07 09:59:47,420 138--su123321
2016-03-07 09:59:47,432 139--syxs6636
2016-03-07 09:59:47,446 140--tb7539099_2011
2016-03-07 09:59:47,459 141--tougu888
2016-03-07 09:59:47,475 142--tqchengg
2016-03-07 09:59:47,486 143--tyjcpljs
2016-03-07 09:59:47,500 144--tzlyb
2016-03-07 09:59:47,513 145--tzws01
2016-03-07 09:59:47,526 146--up_call_m_010
2016-03-07 09:59:47,539 147--upchina200
2016-03-07 09:59:47,553 148--uptrade
2016-03-07 09:59:47,565 149--w123_ww
2016-03-07 09:59:47,579 150--wang711116
2016-03-07 09:59:47,591 151--wangxing100
2016-03-07 09:59:47,605 152--weigu9998
2016-03-07 09:59:47,617 153--whf771223
2016-03-07 09:59:47,631 154--wlda
2016-03-07 09:59:47,644 155--woniuzuogaotie
2016-03-07 09:59:47,658 156--wuhanzd
2016-03-07 09:59:47,670 157--wuyoushenlong
2016-03-07 09:59:47,684 158--wyj994175248
2016-03-07 09:59:47,697 159--wywhl
2016-03-07 09:59:47,711 160--xiaodao006
2016-03-07 09:59:47,723 161--xiaoqian88
2016-03-07 09:59:47,737 162--xiehj611
2016-03-07 09:59:47,749 163--xrong62
2016-03-07 09:59:47,764 164--xubangxin
2016-03-07 09:59:47,776 165--xuzhifang
2016-03-07 09:59:47,791 166--y080911
2016-03-07 09:59:47,835 167--y13719246136
2016-03-07 09:59:47,849 168--yanghuagp
2016-03-07 09:59:47,862 169--yangjn6189
2016-03-07 09:59:47,875 170--yaochen0827
2016-03-07 09:59:47,887 171--ycchxs
2016-03-07 09:59:47,899 172--ye202006
2016-03-07 09:59:47,912 173--yemh1027
2016-03-07 09:59:47,924 174--yhtcrq
2016-03-07 09:59:47,937 175--youny
2016-03-07 09:59:47,952 176--yuandelin20
2016-03-07 09:59:47,970 177--yuch0926
2016-03-07 09:59:47,983 178--yunlaowang
2016-03-07 09:59:47,995 179--yuwenhua123
2016-03-07 09:59:48,007 180--ywpr_2008
2016-03-07 09:59:48,019 181--zdd148
2016-03-07 09:59:48,033 182--zfrby8
2016-03-07 09:59:48,044 183--zhanghuang
2016-03-07 09:59:48,059 184--zhiyuan.jmd
2016-03-07 09:59:48,070 185--zhizhu358
2016-03-07 09:59:48,083 186--zhongliugema
2016-03-07 09:59:48,095 187--zhouchao1958
2016-03-07 09:59:48,107 188--zhoumaohu
2016-03-07 09:59:48,120 189--zjf_0589
2016-03-07 09:59:48,132 190--zksmgc
2016-03-07 09:59:48,145 191--zsqpost
2016-03-07 09:59:48,157 192--zwgxdm998
2016-03-07 09:59:48,170 193--zwp681208
2016-03-07 09:59:48,182 194--zym0908
2016-03-07 09:59:48,194 195--zzj135
2016-03-07 09:59:48,212 1--110200000750
2016-03-07 09:59:48,310 T_OFFMSG DEL
2016-03-07 09:59:48,410 Send:[UPIM_REQ_OFFMSG] userid:1155
2016-03-07 09:59:55,847 Pic size Error [http://q.qlogo.cn/qqapp/1101314223/33657C28A4B6C45293CBD85398D70AE1/40](915)
2016-03-07 09:59:56,012 Pic size Error [http://q.qlogo.cn/qqapp/1101314223/33657C28A4B6C45293CBD85398D70AE1/40](915)
