2016-03-21 14:40:10,346 InitRichEditCom Start!
2016-03-21 14:40:11,623 Socket Connect OK! [ConnID:1]
2016-03-21 14:40:11,659 RecvData: iLength:311 nLen:286 Req:5001
2016-03-21 14:40:11,671 Recv:[UPIM_REQ_CHECKPWD]
2016-03-21 14:40:11,771 Send:[UPIM_REQ_ALLTGROOM] userid:1155
2016-03-21 14:40:11,782 T_OFFMSG ADD
2016-03-21 14:40:11,818 RecvData: iLength:275 nLen:250 Req:5040
2016-03-21 14:40:11,833 Recv:[UPIM_REQ_ALLTGROOM] ItemNum:1
2016-03-21 14:40:11,845 Send:[UPIM_REQ_ALLROOMTOUSER] userid:1155 roomid:1149
2016-03-21 14:40:11,859 CreateTgRoomAccNode PID:1149 PNAME:步步为盈 PNOTE:<p>以日内短线交易为主，顺应趋势为操作思路。在这里，没有模糊的区间，只有精确的做单点位；只有稳定的盈利。步步为营方可步步为盈！</
2016-03-21 14:40:11,907 FILE: [E:\WORK\Bin\UPIM\Release\fxs\UPIMUser\1155\head\my.jpg]
2016-03-21 14:40:11,910 RecvData: iLength:2800 nLen:2775 Req:5042
2016-03-21 14:40:11,930 Recv:[UPIM_REQ_ALLROOMTOUSER] ItemNum:100
2016-03-21 14:40:11,946 Send:[UPIM_REQ_GETGROUP] userid:1155
2016-03-21 14:40:11,946 CreateRoomClientNode:kikiwuqie
2016-03-21 14:40:11,956 RecvData: iLength:2833 nLen:2808 Req:5042
2016-03-21 14:40:11,970 CreateRoomClientNode:youny
2016-03-21 14:40:11,982 Recv:[UPIM_REQ_ALLROOMTOUSER] ItemNum:100
2016-03-21 14:40:11,997 CreateRoomClientNode:1095587911
2016-03-21 14:40:12,020 Send:[UPIM_REQ_GETGROUP] userid:1155
2016-03-21 14:40:12,022 CreateRoomClientNode:110200000750
2016-03-21 14:40:12,034 RecvData: iLength:2880 nLen:2855 Req:5042
2016-03-21 14:40:12,048 CreateRoomClientNode:1102046259
2016-03-21 14:40:12,059 Recv:[UPIM_REQ_ALLROOMTOUSER] ItemNum:100
2016-03-21 14:40:12,092 CreateRoomClientNode:1198411948
2016-03-21 14:40:12,093 Send:[UPIM_REQ_GETGROUP] userid:1155
2016-03-21 14:40:12,106 CreateRoomClientNode:1198411948
2016-03-21 14:40:12,119 RecvData: iLength:2857 nLen:2832 Req:5042
2016-03-21 14:40:12,132 CreateRoomClientNode:12056442
2016-03-21 14:40:12,145 Recv:[UPIM_REQ_ALLROOMTOUSER] ItemNum:100
2016-03-21 14:40:12,158 CreateRoomClientNode:123456wangfy
2016-03-21 14:40:12,171 ### Packet Separator ERROR!
2016-03-21 14:40:12,185 CreateRoomClientNode:1313800
2016-03-21 14:40:12,197 ### Packet Separator ERROR!
2016-03-21 14:40:12,209 CreateRoomClientNode:13629969045mkh
2016-03-21 14:40:12,223 ### Packet Separator ERROR!
2016-03-21 14:40:12,235 CreateRoomClientNode:13678981788
2016-03-21 14:40:12,260 CreateRoomClientNode:13801453322
2016-03-21 14:40:12,273 RecvData: iLength:241 nLen:216 Req:5043
2016-03-21 14:40:12,296 CreateRoomClientNode:13818383675
2016-03-21 14:40:12,399 Recv:[UPIM_REQ_GETGROUP] ItemNum:5
2016-03-21 14:40:12,435 CreateRoomClientNode:13852913771
2016-03-21 14:40:12,445 Send:[UPIM_REQ_GETGUSER] userid:1155 ngroupid:12
2016-03-21 14:40:12,461 CreateRoomClientNode:13877338218
2016-03-21 14:40:12,473 Send:[UPIM_REQ_GETGUSER] userid:1155 ngroupid:18
2016-03-21 14:40:12,485 CreateRoomClientNode:13965993775lcl
2016-03-21 14:40:12,497 Send:[UPIM_REQ_GETGUSER] userid:1155 ngroupid:23
2016-03-21 14:40:12,511 CreateRoomClientNode:13998693491
2016-03-21 14:40:12,523 Send:[UPIM_REQ_GETGUSER] userid:1155 ngroupid:24
2016-03-21 14:40:12,534 CreateRoomClientNode:15161
2016-03-21 14:40:12,546 Send:[UPIM_REQ_GETGUSER] userid:1155 ngroupid:25
2016-03-21 14:40:12,560 CreateRoomClientNode:15328836606
2016-03-21 14:40:12,571 RecvData: iLength:241 nLen:216 Req:5043
2016-03-21 14:40:12,595 Recv:[UPIM_REQ_GETGROUP] ItemNum:5
2016-03-21 14:40:12,604 CreateRoomClientNode:15769405575
2016-03-21 14:40:12,607 Send:[UPIM_REQ_GETGUSER] userid:1155 ngroupid:12
2016-03-21 14:40:12,621 CreateRoomClientNode:15801505038
2016-03-21 14:40:12,632 Send:[UPIM_REQ_GETGUSER] userid:1155 ngroupid:18
2016-03-21 14:40:12,645 CreateRoomClientNode:15827576659
2016-03-21 14:40:12,657 Send:[UPIM_REQ_GETGUSER] userid:1155 ngroupid:23
2016-03-21 14:40:12,670 CreateRoomClientNode:159951asd
2016-03-21 14:40:12,681 Send:[UPIM_REQ_GETGUSER] userid:1155 ngroupid:24
2016-03-21 14:40:12,693 CreateRoomClientNode:1701
2016-03-21 14:40:12,706 Send:[UPIM_REQ_GETGUSER] userid:1155 ngroupid:25
2016-03-21 14:40:12,718 CreateRoomClientNode:17013226
2016-03-21 14:40:12,731 RecvData: iLength:241 nLen:216 Req:5043
2016-03-21 14:40:12,743 CreateRoomClientNode:18358020759
2016-03-21 14:40:12,755 Recv:[UPIM_REQ_GETGROUP] ItemNum:5
2016-03-21 14:40:12,768 CreateRoomClientNode:18523159713
2016-03-21 14:40:12,780 Send:[UPIM_REQ_GETGUSER] userid:1155 ngroupid:12
2016-03-21 14:40:12,793 CreateRoomClientNode:18709637618
2016-03-21 14:40:12,805 Send:[UPIM_REQ_GETGUSER] userid:1155 ngroupid:18
2016-03-21 14:40:12,816 CreateRoomClientNode:1892181
2016-03-21 14:40:12,829 Send:[UPIM_REQ_GETGUSER] userid:1155 ngroupid:23
2016-03-21 14:40:12,841 CreateRoomClientNode:18927469068
2016-03-21 14:40:12,854 Send:[UPIM_REQ_GETGUSER] userid:1155 ngroupid:24
2016-03-21 14:40:12,868 CreateRoomClientNode:1captain
2016-03-21 14:40:12,879 Send:[UPIM_REQ_GETGUSER] userid:1155 ngroupid:25
2016-03-21 14:40:12,891 CreateRoomClientNode:20004804
2016-03-21 14:40:12,915 CreateRoomClientNode:2206616977
2016-03-21 14:40:12,926 RecvData: iLength:42 nLen:17 Req:5044
2016-03-21 14:40:12,927 CreateRoomClientNode:2229486452
2016-03-21 14:40:12,952 CreateRoomClientNode:2299038
2016-03-21 14:40:12,965 CreateRoomClientNode:23zx456
2016-03-21 14:40:12,977 CreateRoomClientNode:240192205
2016-03-21 14:40:12,989 CreateRoomClientNode:247751700
2016-03-21 14:40:13,002 CreateRoomClientNode:320301
2016-03-21 14:40:13,013 CreateRoomClientNode:320524123000
2016-03-21 14:40:13,025 CreateRoomClientNode:33488
2016-03-21 14:40:13,039 CreateRoomClientNode:35009533
2016-03-21 14:40:13,050 CreateRoomClientNode:350351223
2016-03-21 14:40:13,063 CreateRoomClientNode:38005860
2016-03-21 14:40:13,104 CreateRoomClientNode:388
2016-03-21 14:40:13,121 CreateRoomClientNode:388878888
2016-03-21 14:40:13,133 CreateRoomClientNode:502
2016-03-21 14:40:13,145 CreateRoomClientNode:520521528
2016-03-21 14:40:13,151 RecvData: iLength:42 nLen:17 Req:5044
2016-03-21 14:40:13,159 CreateRoomClientNode:531658080
2016-03-21 14:40:13,170 RecvData: iLength:42 nLen:17 Req:5044
2016-03-21 14:40:13,183 CreateRoomClientNode:549710
2016-03-21 14:40:13,195 RecvData: iLength:42 nLen:17 Req:5044
2016-03-21 14:40:13,207 CreateRoomClientNode:55zhang
2016-03-21 14:40:13,219 RecvData: iLength:42 nLen:17 Req:5044
2016-03-21 14:40:13,231 CreateRoomClientNode:591
2016-03-21 14:40:13,244 RecvData: iLength:42 nLen:17 Req:5044
2016-03-21 14:40:13,256 CreateRoomClientNode:610597372
2016-03-21 14:40:13,269 RecvData: iLength:42 nLen:17 Req:5044
2016-03-21 14:40:13,281 CreateRoomClientNode:6175153h153
2016-03-21 14:40:13,292 RecvData: iLength:42 nLen:17 Req:5044
2016-03-21 14:40:13,306 CreateRoomClientNode:6222789
2016-03-21 14:40:13,317 RecvData: iLength:42 nLen:17 Req:5044
2016-03-21 14:40:13,330 CreateRoomClientNode:6226
2016-03-21 14:40:13,342 RecvData: iLength:42 nLen:17 Req:5044
2016-03-21 14:40:13,354 CreateRoomClientNode:644293083
2016-03-21 14:40:13,367 RecvData: iLength:42 nLen:17 Req:5044
2016-03-21 14:40:13,379 CreateRoomClientNode:646222254
2016-03-21 14:40:13,392 RecvData: iLength:42 nLen:17 Req:5044
2016-03-21 14:40:13,404 CreateRoomClientNode:728
2016-03-21 14:40:13,415 RecvData: iLength:42 nLen:17 Req:5044
2016-03-21 14:40:13,429 CreateRoomClientNode:729141877
2016-03-21 14:40:13,440 RecvData: iLength:42 nLen:17 Req:5044
2016-03-21 14:40:13,454 CreateRoomClientNode:775
2016-03-21 14:40:13,465 RecvData: iLength:42 nLen:17 Req:5044
2016-03-21 14:40:13,478 CreateRoomClientNode:77878
2016-03-21 14:40:13,502 CreateRoomClientNode:79324609
2016-03-21 14:40:13,515 CreateRoomClientNode:80167
2016-03-21 14:40:13,527 CreateRoomClientNode:8384997wmw
2016-03-21 14:40:13,541 CreateRoomClientNode:862401466
2016-03-21 14:40:13,551 CreateRoomClientNode:86461318
2016-03-21 14:40:13,563 CreateRoomClientNode:8820678
2016-03-21 14:40:13,576 CreateRoomClientNode:911zhouhong
2016-03-21 14:40:13,591 CreateRoomClientNode:943862434
2016-03-21 14:40:13,624 CreateRoomClientNode:958437654
2016-03-21 14:40:13,637 CreateRoomClientNode:977075779
2016-03-21 14:40:13,688 CreateRoomClientNode:99977633
2016-03-21 14:40:13,713 CreateRoomClientNode:a2632673
2016-03-21 14:40:13,737 CreateRoomClientNode:aa13998560778
2016-03-21 14:40:13,749 CreateRoomClientNode:abc114384
2016-03-21 14:40:13,760 CreateRoomClientNode:abcdefgycj
2016-03-21 14:40:13,775 CreateRoomClientNode:asd12345asd543
2016-03-21 14:40:13,785 CreateRoomClientNode:azsxdc1990
2016-03-21 14:40:13,799 CreateRoomClientNode:bccfkf
2016-03-21 14:40:13,810 CreateRoomClientNode:bccfw_up
2016-03-21 14:40:13,822 CreateRoomClientNode:bcg4567
2016-03-21 14:40:13,848 CreateRoomClientNode:beihai678
2016-03-21 14:40:13,863 CreateRoomClientNode:bnzyxql
2016-03-21 14:40:13,876 CreateRoomClientNode:bwin188
2016-03-21 14:40:13,888 CreateRoomClientNode:c197202050611
2016-03-21 14:40:13,901 CreateRoomClientNode:cfz123456cfz
2016-03-21 14:40:13,915 CreateRoomClientNode:changkairui88
2016-03-21 14:40:13,925 CreateRoomClientNode:chenhuaqing888
2016-03-21 14:40:13,938 CreateRoomClientNode:cherrygw
2016-03-21 14:40:13,950 CreateRoomClientNode:cjlcy123
2016-03-21 14:40:13,963 CreateRoomClientNode:clk201506
2016-03-21 14:40:13,975 CreateRoomClientNode:cm0218
2016-03-21 14:40:13,986 CreateRoomClientNode:cnitx
2016-03-21 14:40:13,999 CreateRoomClientNode:cr490701
2016-03-21 14:40:14,011 CreateRoomClientNode:cxlbest6508
2016-03-21 14:40:14,024 CreateRoomClientNode:czr6912
2016-03-21 14:40:14,036 CreateRoomClientNode:czsj001902
2016-03-21 14:40:14,048 CreateRoomClientNode:dabobo
2016-03-21 14:40:14,063 CreateRoomClientNode:dafuhaolail
2016-03-21 14:40:14,074 CreateRoomClientNode:datangwlg
2016-03-21 14:40:14,089 CreateRoomClientNode:ddf8
2016-03-21 14:40:14,117 CreateRoomClientNode:ddz1988
2016-03-21 14:40:14,129 CreateRoomClientNode:dengxuedong
2016-03-21 14:40:14,140 CreateRoomClientNode:dongfanghong36
2016-03-21 14:40:14,152 CreateRoomClientNode:easy0820
2016-03-21 14:40:14,165 CreateRoomClientNode:evagj
2016-03-21 14:40:14,177 CreateRoomClientNode:eweqeeee
2016-03-21 14:40:14,191 CreateRoomClientNode:faqlxq
2016-03-21 14:40:14,202 CreateRoomClientNode:farfalla
2016-03-21 14:40:14,214 CreateRoomClientNode:fengliang8523
2016-03-21 14:40:14,227 CreateRoomClientNode:ffs3839295
2016-03-21 14:40:14,238 CreateRoomClientNode:flw20148
2016-03-21 14:40:14,252 CreateRoomClientNode:g13816627635
2016-03-21 14:40:14,263 CreateRoomClientNode:gaobingdong
2016-03-21 14:40:14,275 CreateRoomClientNode:gene
2016-03-21 14:40:14,356 CreateRoomClientNode:gfzhou641030
2016-03-21 14:40:14,375 CreateRoomClientNode:ghqsyyyx
2016-03-21 14:40:14,388 CreateRoomClientNode:glhejunlin
2016-03-21 14:40:14,400 CreateRoomClientNode:gnxuyue
2016-03-21 14:40:14,413 CreateRoomClientNode:gp989sjp939
2016-03-21 14:40:14,425 CreateRoomClientNode:guanxuexin
2016-03-21 14:40:14,436 CreateRoomClientNode:gxgpgcy
2016-03-21 14:40:14,458 CreateRoomClientNode:gymrll
2016-03-21 14:40:14,469 CreateRoomClientNode:happy1989
2016-03-21 14:40:14,483 CreateRoomClientNode:hhpwww
2016-03-21 14:40:14,494 CreateRoomClientNode:hjchjc678
2016-03-21 14:40:14,507 CreateRoomClientNode:hjn_1970
2016-03-21 14:40:14,519 CreateRoomClientNode:hktk11
2016-03-21 14:40:14,531 CreateRoomClientNode:htbf
2016-03-21 14:40:14,544 CreateRoomClientNode:huangjinlian88
2016-03-21 14:40:14,556 CreateRoomClientNode:huiyiersan
2016-03-21 14:40:14,569 CreateRoomClientNode:hushw888
2016-03-21 14:40:14,581 CreateRoomClientNode:hwztiger
2016-03-21 14:40:14,592 CreateRoomClientNode:hxthpy
2016-03-21 14:40:14,633 CreateRoomClientNode:hxttzt
2016-03-21 14:40:14,642 CreateRoomClientNode:hzjddwj
2016-03-21 14:40:14,655 CreateRoomClientNode:hzr123456
2016-03-21 14:40:14,667 CreateRoomClientNode:itsocn68
2016-03-21 14:40:14,679 CreateRoomClientNode:jbhbu
2016-03-21 14:40:14,692 CreateRoomClientNode:jessen09
2016-03-21 14:40:14,715 CreateRoomClientNode:jhdcf1688
2016-03-21 14:40:14,733 CreateRoomClientNode:jhdxx
2016-03-21 14:40:14,745 CreateRoomClientNode:jhjh
2016-03-21 14:40:14,756 CreateRoomClientNode:jinsexingkong
2016-03-21 14:40:14,770 CreateRoomClientNode:jinshouzhi
2016-03-21 14:40:14,781 CreateRoomClientNode:jinwd315
2016-03-21 14:40:14,795 CreateRoomClientNode:jisheng7990
2016-03-21 14:40:14,807 CreateRoomClientNode:jmdcf1706
2016-03-21 14:40:14,819 CreateRoomClientNode:jmdgjs
2016-03-21 14:40:14,833 CreateRoomClientNode:kewei2015
2016-03-21 14:40:14,843 CreateRoomClientNode:kmduqing
2016-03-21 14:40:14,856 CreateRoomClientNode:knight368
2016-03-21 14:40:14,868 CreateRoomClientNode:ksmwx
2016-03-21 14:40:14,881 CreateRoomClientNode:kundera5010
2016-03-21 14:40:14,893 CreateRoomClientNode:l13972526198
2016-03-21 14:40:14,904 CreateRoomClientNode:laowangtx-lsq
2016-03-21 14:40:14,917 CreateRoomClientNode:leon-zrl
2016-03-21 14:40:14,929 CreateRoomClientNode:li66777
2016-03-21 14:40:14,943 CreateRoomClientNode:liao28
2016-03-21 14:40:14,954 CreateRoomClientNode:lifang0823
2016-03-21 14:40:14,966 CreateRoomClientNode:lijunwlx
2016-03-21 14:40:14,979 CreateRoomClientNode:lilang
2016-03-21 14:40:14,991 CreateRoomClientNode:lilii123456
2016-03-21 14:40:15,004 CreateRoomClientNode:lionhu680529
2016-03-21 14:40:15,015 CreateRoomClientNode:liupq8716
2016-03-21 14:40:15,029 CreateRoomClientNode:liuwuyi0501
2016-03-21 14:40:15,040 CreateRoomClientNode:lkx469440143
2016-03-21 14:40:15,052 CreateRoomClientNode:llggcc123456
2016-03-21 14:40:15,081 CreateRoomClientNode:lmjss003
2016-03-21 14:40:15,093 CreateRoomClientNode:lqlzg
2016-03-21 14:40:15,114 CreateRoomClientNode:ltlljl39735
2016-03-21 14:40:15,126 CreateRoomClientNode:luliansong
2016-03-21 14:40:15,138 CreateRoomClientNode:lxc621028
2016-03-21 14:40:15,152 CreateRoomClientNode:lyloffice
2016-03-21 14:40:15,163 CreateRoomClientNode:lym2020
2016-03-21 14:40:15,177 CreateRoomClientNode:lza2211297
2016-03-21 14:40:15,188 CreateRoomClientNode:maqi
2016-03-21 14:40:15,201 CreateRoomClientNode:mayuhuimarty
2016-03-21 14:40:15,213 CreateRoomClientNode:michaelowen
2016-03-21 14:40:15,225 CreateRoomClientNode:michealowen
2016-03-21 14:40:15,238 CreateRoomClientNode:michellezhou
2016-03-21 14:40:15,250 CreateRoomClientNode:mingqwe
2016-03-21 14:40:15,263 CreateRoomClientNode:mjh_stock
2016-03-21 14:40:15,274 CreateRoomClientNode:muzili288
2016-03-21 14:40:15,286 CreateRoomClientNode:nana93648
2016-03-21 14:40:15,299 CreateRoomClientNode:nancy1398
2016-03-21 14:40:15,311 CreateRoomClientNode:nanrenshihai_1
2016-03-21 14:40:15,324 CreateRoomClientNode:nantianyidi
2016-03-21 14:40:15,336 CreateRoomClientNode:ogame
2016-03-21 14:40:15,347 CreateRoomClientNode:onleading
2016-03-21 14:40:15,361 CreateRoomClientNode:ouyang666
2016-03-21 14:40:15,372 CreateRoomClientNode:paleann
2016-03-21 14:40:15,385 CreateRoomClientNode:qingdao123--
2016-03-21 14:40:15,397 CreateRoomClientNode:qwertt1
2016-03-21 14:40:15,411 CreateRoomClientNode:rigzyj321
2016-03-21 14:40:15,422 CreateRoomClientNode:ruofeiliyahoo
2016-03-21 14:40:15,434 CreateRoomClientNode:samuel_yuan
2016-03-21 14:40:15,447 CreateRoomClientNode:sdytmp
2016-03-21 14:40:15,458 CreateRoomClientNode:sgalex
2016-03-21 14:40:15,471 CreateRoomClientNode:shazuer
2016-03-21 14:40:15,483 CreateRoomClientNode:sofia-yang
2016-03-21 14:40:15,495 CreateRoomClientNode:su123321
2016-03-21 14:40:15,508 CreateRoomClientNode:sxdzrj
2016-03-21 14:40:15,520 CreateRoomClientNode:syxs6636
2016-03-21 14:40:15,533 CreateRoomClientNode:szhwzwz-163.co
2016-03-21 14:40:15,545 CreateRoomClientNode:tb7539099_2011
2016-03-21 14:40:15,556 CreateRoomClientNode:tingweng
2016-03-21 14:40:15,570 CreateRoomClientNode:tougu888
2016-03-21 14:40:15,581 CreateRoomClientNode:tqchengg
2016-03-21 14:40:15,595 CreateRoomClientNode:tyjcpljs
2016-03-21 14:40:15,606 CreateRoomClientNode:tyyzfj
2016-03-21 14:40:15,636 CreateRoomClientNode:tzlyb
2016-03-21 14:40:15,648 CreateRoomClientNode:tzweis56
2016-03-21 14:40:15,660 CreateRoomClientNode:tzws01
2016-03-21 14:40:15,672 CreateRoomClientNode:up_call_m_010
2016-03-21 14:40:15,684 CreateRoomClientNode:upchina200
2016-03-21 14:40:15,697 CreateRoomClientNode:uptrade
2016-03-21 14:40:15,710 CreateRoomClientNode:w123_ww
2016-03-21 14:40:15,723 CreateRoomClientNode:wan000000
2016-03-21 14:40:15,736 CreateRoomClientNode:wang711116
2016-03-21 14:40:15,749 CreateRoomClientNode:wanglj569
2016-03-21 14:40:15,762 CreateRoomClientNode:wangxing100
2016-03-21 14:40:15,774 CreateRoomClientNode:wangxinrui1976
2016-03-21 14:40:15,788 CreateRoomClientNode:wanlitian
2016-03-21 14:40:15,802 CreateRoomClientNode:weigu9998
2016-03-21 14:40:15,814 CreateRoomClientNode:whf771223
2016-03-21 14:40:15,826 CreateRoomClientNode:whwhok
2016-03-21 14:40:15,840 CreateRoomClientNode:wjgzhq
2016-03-21 14:40:15,853 CreateRoomClientNode:wlda
2016-03-21 14:40:15,865 CreateRoomClientNode:woniuzuogaotie
2016-03-21 14:40:15,878 CreateRoomClientNode:wudonglei
2016-03-21 14:40:15,891 CreateRoomClientNode:wuhanzd
2016-03-21 14:40:15,903 CreateRoomClientNode:wuye1002
2016-03-21 14:40:15,917 CreateRoomClientNode:wuyoushenlong
2016-03-21 14:40:15,929 CreateRoomClientNode:wyj994175248
2016-03-21 14:40:15,941 CreateRoomClientNode:wywhl
2016-03-21 14:40:15,955 CreateRoomClientNode:xiaodao006
2016-03-21 14:40:15,967 CreateRoomClientNode:xiaoqian88
2016-03-21 14:40:15,981 CreateRoomClientNode:xiehj611
2016-03-21 14:40:15,993 CreateRoomClientNode:xrong62
2016-03-21 14:40:16,007 CreateRoomClientNode:xsdyangjun
2016-03-21 14:40:16,019 CreateRoomClientNode:xshy19658
2016-03-21 14:40:16,032 CreateRoomClientNode:xtsffjtg
2016-03-21 14:40:16,044 CreateRoomClientNode:xubangxin
2016-03-21 14:40:16,058 CreateRoomClientNode:xubaoqing12345
2016-03-21 14:40:16,070 CreateRoomClientNode:xuzhifang
2016-03-21 14:40:16,084 CreateRoomClientNode:xwl1234
2016-03-21 14:40:16,096 CreateRoomClientNode:y080911
2016-03-21 14:40:16,110 CreateRoomClientNode:y13719246136
2016-03-21 14:40:16,124 CreateRoomClientNode:yanghuagp
2016-03-21 14:40:16,136 CreateRoomClientNode:yangjn6189
2016-03-21 14:40:16,148 CreateRoomClientNode:yaochen0827
2016-03-21 14:40:16,163 CreateRoomClientNode:ycchxs
2016-03-21 14:40:16,184 CreateRoomClientNode:ye202006
2016-03-21 14:40:16,194 CreateRoomClientNode:yemh1027
2016-03-21 14:40:16,207 CreateRoomClientNode:yhtcrq
2016-03-21 14:40:16,222 CreateRoomClientNode:yinjr0110
2016-03-21 14:40:16,233 CreateRoomClientNode:yjs033634
2016-03-21 14:40:16,246 CreateRoomClientNode:ysasd
2016-03-21 14:40:16,259 CreateRoomClientNode:ysk666666ysk
2016-03-21 14:40:16,271 CreateRoomClientNode:yt0535
2016-03-21 14:40:16,360 CreateRoomClientNode:yuandelin20
2016-03-21 14:40:16,380 CreateRoomClientNode:yuch0926
2016-03-21 14:40:16,394 CreateRoomClientNode:yunfeiyang1234
2016-03-21 14:40:16,408 CreateRoomClientNode:yunlaowang
2016-03-21 14:40:16,420 CreateRoomClientNode:yuwenhua123
2016-03-21 14:40:16,432 CreateRoomClientNode:ywpr_2008
2016-03-21 14:40:16,446 CreateRoomClientNode:yxgchina
2016-03-21 14:40:16,458 CreateRoomClientNode:z84226175h
2016-03-21 14:40:16,471 CreateRoomClientNode:zbk588
2016-03-21 14:40:16,484 CreateRoomClientNode:zcy7808971005
2016-03-21 14:40:16,496 CreateRoomClientNode:zdd148
2016-03-21 14:40:16,510 CreateRoomClientNode:zfrby8
2016-03-21 14:40:16,522 CreateRoomClientNode:zhanghuang
2016-03-21 14:40:16,536 CreateRoomClientNode:zhiyuan.jmd
2016-03-21 14:40:16,548 CreateRoomClientNode:zhizhu358
2016-03-21 14:40:16,561 CreateRoomClientNode:zhongliugema
2016-03-21 14:40:16,573 CreateRoomClientNode:zhouchao1958
2016-03-21 14:40:16,587 CreateRoomClientNode:zhoumaohu
2016-03-21 14:40:16,600 CreateRoomClientNode:ziyouzizai5757
2016-03-21 14:40:16,614 CreateRoomClientNode:zjbsjzly
2016-03-21 14:40:16,627 CreateRoomClientNode:zjf_0589
2016-03-21 14:40:16,733 CreateRoomClientNode:zksmgc
2016-03-21 14:40:16,755 CreateRoomClientNode:zou0708
2016-03-21 14:40:16,768 CreateRoomClientNode:zsqpost
2016-03-21 14:40:16,781 CreateRoomClientNode:zszzsz5432100
2016-03-21 14:40:16,793 CreateRoomClientNode:zwgxdm998
2016-03-21 14:40:16,805 CreateRoomClientNode:zwp681208
2016-03-21 14:40:16,819 CreateRoomClientNode:zym0908
2016-03-21 14:40:16,831 CreateRoomClientNode:zzj135
2016-03-21 14:40:16,852 CreateRoomClientNode:0119907474
2016-03-21 14:40:16,865 CreateRoomClientNode:03123526263liw
2016-03-21 14:40:16,879 CreateRoomClientNode:1017614320
2016-03-21 14:40:16,938 T_OFFMSG DEL
2016-03-21 14:40:16,954 Send:[UPIM_REQ_OFFMSG] userid:1155
2016-03-21 14:40:17,002 FILE: [E:\WORK\Bin\UPIM\Release\fxs\UPIMUser\1155\head\kikiwuqie.jpg]
2016-03-21 14:40:17,039 FILE: [E:\WORK\Bin\UPIM\Release\fxs\UPIMUser\1155\head\youny.jpg]
2016-03-21 14:40:17,443 FILE: [E:\WORK\Bin\UPIM\Release\fxs\UPIMUser\1155\head\1102046259.jpg]
2016-03-21 14:40:17,527 FILE: [E:\WORK\Bin\UPIM\Release\fxs\UPIMUser\1155\head\1102046259.jpg]
2016-03-21 14:40:17,607 FILE: [E:\WORK\Bin\UPIM\Release\fxs\UPIMUser\1155\head\1102046259.jpg]
2016-03-21 14:40:18,191 FILE: [E:\WORK\Bin\UPIM\Release\fxs\UPIMUser\1155\head\1701.jpg]
2016-03-21 14:40:18,374 FILE: [E:\WORK\Bin\UPIM\Release\fxs\UPIMUser\1155\head\1892181.jpg]
2016-03-21 14:40:18,504 FILE: [E:\WORK\Bin\UPIM\Release\fxs\UPIMUser\1155\head\1captain.jpg]
2016-03-21 14:40:18,717 FILE: [E:\WORK\Bin\UPIM\Release\fxs\UPIMUser\1155\head\240192205.jpg]
2016-03-21 14:40:19,018 FILE: [E:\WORK\Bin\UPIM\Release\fxs\UPIMUser\1155\head\388.jpg]
2016-03-21 14:40:19,083 FILE: [E:\WORK\Bin\UPIM\Release\fxs\UPIMUser\1155\head\388.jpg]
2016-03-21 14:40:19,225 FILE: [E:\WORK\Bin\UPIM\Release\fxs\UPIMUser\1155\head\531658080.jpg]
2016-03-21 14:40:19,377 FILE: [E:\WORK\Bin\UPIM\Release\fxs\UPIMUser\1155\head\591.jpg]
2016-03-21 14:40:19,416 FILE: [E:\WORK\Bin\UPIM\Release\fxs\UPIMUser\1155\head\591.jpg]
2016-03-21 14:40:19,557 FILE: [E:\WORK\Bin\UPIM\Release\fxs\UPIMUser\1155\head\6226.jpg]
2016-03-21 14:40:19,681 FILE: [E:\WORK\Bin\UPIM\Release\fxs\UPIMUser\1155\head\728.jpg]
2016-03-21 14:40:19,778 FILE: [E:\WORK\Bin\UPIM\Release\fxs\UPIMUser\1155\head\775.jpg]
2016-03-21 14:40:19,793 FILE: [E:\WORK\Bin\UPIM\Release\fxs\UPIMUser\1155\head\775.jpg]
2016-03-21 14:40:20,148 FILE: [E:\WORK\Bin\UPIM\Release\fxs\UPIMUser\1155\head\862401466.jpg]
2016-03-21 14:40:20,221 FILE: [E:\WORK\Bin\UPIM\Release\fxs\UPIMUser\1155\head\862401466.jpg]
2016-03-21 14:40:20,295 FILE: [E:\WORK\Bin\UPIM\Release\fxs\UPIMUser\1155\head\862401466.jpg]
2016-03-21 14:40:20,408 FILE: [E:\WORK\Bin\UPIM\Release\fxs\UPIMUser\1155\head\99977633.jpg]
2016-03-21 14:40:20,700 FILE: [E:\WORK\Bin\UPIM\Release\fxs\UPIMUser\1155\head\bccfkf.jpg]
2016-03-21 14:40:21,201 FILE: [E:\WORK\Bin\UPIM\Release\fxs\UPIMUser\1155\head\clk201506.jpg]
2016-03-21 14:40:21,226 FILE: [E:\WORK\Bin\UPIM\Release\fxs\UPIMUser\1155\head\clk201506.jpg]
2016-03-21 14:40:21,342 FILE: [E:\WORK\Bin\UPIM\Release\fxs\UPIMUser\1155\head\cr490701.jpg]
2016-03-21 14:40:21,703 FILE: [E:\WORK\Bin\UPIM\Release\fxs\UPIMUser\1155\head\easy0820.jpg]
2016-03-21 14:40:21,887 FILE: [E:\WORK\Bin\UPIM\Release\fxs\UPIMUser\1155\head\farfalla.jpg]
2016-03-21 14:40:21,981 FILE: [E:\WORK\Bin\UPIM\Release\fxs\UPIMUser\1155\head\farfalla.jpg]
2016-03-21 14:40:22,369 FILE: [E:\WORK\Bin\UPIM\Release\fxs\UPIMUser\1155\head\gymrll.jpg]
2016-03-21 14:40:22,963 FILE: [E:\WORK\Bin\UPIM\Release\fxs\UPIMUser\1155\head\jessen09.jpg]
2016-03-21 14:40:23,092 FILE: [E:\WORK\Bin\UPIM\Release\fxs\UPIMUser\1155\head\jhdcf1688.jpg]
2016-03-21 14:40:23,373 FILE: [E:\WORK\Bin\UPIM\Release\fxs\UPIMUser\1155\head\jmdcf1706.jpg]
2016-03-21 14:40:23,440 FILE: [E:\WORK\Bin\UPIM\Release\fxs\UPIMUser\1155\head\jmdgjs.jpg]
2016-03-21 14:40:23,928 FILE: [E:\WORK\Bin\UPIM\Release\fxs\UPIMUser\1155\head\lilang.jpg]
2016-03-21 14:40:23,970 FILE: [E:\WORK\Bin\UPIM\Release\fxs\UPIMUser\1155\head\lilang.jpg]
2016-03-21 14:40:24,292 FILE: [E:\WORK\Bin\UPIM\Release\fxs\UPIMUser\1155\head\luliansong.jpg]
2016-03-21 14:40:24,495 FILE: [E:\WORK\Bin\UPIM\Release\fxs\UPIMUser\1155\head\maqi.jpg]
2016-03-21 14:40:24,586 FILE: [E:\WORK\Bin\UPIM\Release\fxs\UPIMUser\1155\head\michaelowen.jpg]
2016-03-21 14:40:24,613 FILE: [E:\WORK\Bin\UPIM\Release\fxs\UPIMUser\1155\head\michaelowen.jpg]
2016-03-21 14:40:24,884 FILE: [E:\WORK\Bin\UPIM\Release\fxs\UPIMUser\1155\head\mjh_stock.jpg]
2016-03-21 14:40:24,945 FILE: [E:\WORK\Bin\UPIM\Release\fxs\UPIMUser\1155\head\muzili288.jpg]
2016-03-21 14:40:24,967 FILE: [E:\WORK\Bin\UPIM\Release\fxs\UPIMUser\1155\head\mjh_stock.jpg]
2016-03-21 14:40:25,017 FILE: [E:\WORK\Bin\UPIM\Release\fxs\UPIMUser\1155\head\nana93648.jpg]
2016-03-21 14:40:25,050 FILE: [E:\WORK\Bin\UPIM\Release\fxs\UPIMUser\1155\head\mjh_stock.jpg]
2016-03-21 14:40:25,195 FILE: [E:\WORK\Bin\UPIM\Release\fxs\UPIMUser\1155\head\ogame.jpg]
2016-03-21 14:40:25,270 FILE: [E:\WORK\Bin\UPIM\Release\fxs\UPIMUser\1155\head\onleading.jpg]
2016-03-21 14:40:25,341 FILE: [E:\WORK\Bin\UPIM\Release\fxs\UPIMUser\1155\head\paleann.jpg]
2016-03-21 14:40:25,451 FILE: [E:\WORK\Bin\UPIM\Release\fxs\UPIMUser\1155\head\qingdao123--.jpg]
2016-03-21 14:40:25,690 FILE: [E:\WORK\Bin\UPIM\Release\fxs\UPIMUser\1155\head\shazuer.jpg]
2016-03-21 14:40:26,233 FILE: [E:\WORK\Bin\UPIM\Release\fxs\UPIMUser\1155\head\upchina200.jpg]
2016-03-21 14:40:26,304 FILE: [E:\WORK\Bin\UPIM\Release\fxs\UPIMUser\1155\head\uptrade.jpg]
2016-03-21 14:40:26,430 FILE: [E:\WORK\Bin\UPIM\Release\fxs\UPIMUser\1155\head\wanglj569.jpg]
2016-03-21 14:40:27,063 FILE: [E:\WORK\Bin\UPIM\Release\fxs\UPIMUser\1155\head\xiaodao006.jpg]
2016-03-21 14:40:27,478 FILE: [E:\WORK\Bin\UPIM\Release\fxs\UPIMUser\1155\head\y080911.jpg]
2016-03-21 14:40:27,498 FILE: [E:\WORK\Bin\UPIM\Release\fxs\UPIMUser\1155\head\y080911.jpg]
2016-03-21 14:40:27,622 FILE: [E:\WORK\Bin\UPIM\Release\fxs\UPIMUser\1155\head\yaochen0827.jpg]
2016-03-21 14:40:27,737 FILE: [E:\WORK\Bin\UPIM\Release\fxs\UPIMUser\1155\head\ye202006.jpg]
2016-03-21 14:40:28,007 FILE: [E:\WORK\Bin\UPIM\Release\fxs\UPIMUser\1155\head\yt0535.jpg]
2016-03-21 14:40:28,126 Pic size Error [http://q.qlogo.cn/qqapp/1101314223/33657C28A4B6C45293CBD85398D70AE1/40](915)
2016-03-21 14:40:28,146 Pic size Error [http://q.qlogo.cn/qqapp/1101314223/33657C28A4B6C45293CBD85398D70AE1/40](915)
2016-03-21 14:40:28,160 Pic size Error [http://q.qlogo.cn/qqapp/1101314223/33657C28A4B6C45293CBD85398D70AE1/40](915)
2016-03-21 14:40:28,337 FILE: [E:\WORK\Bin\UPIM\Release\fxs\UPIMUser\1155\head\yunlaowang.jpg]
2016-03-21 14:40:28,713 FILE: [E:\WORK\Bin\UPIM\Release\fxs\UPIMUser\1155\head\zdd148.jpg]
2016-03-21 14:40:28,868 FILE: [E:\WORK\Bin\UPIM\Release\fxs\UPIMUser\1155\head\zhanghuang.jpg]
2016-03-21 14:40:28,972 FILE: [E:\WORK\Bin\UPIM\Release\fxs\UPIMUser\1155\head\zhiyuan.jmd.jpg]
2016-03-21 14:40:29,077 FILE: [E:\WORK\Bin\UPIM\Release\fxs\UPIMUser\1155\head\zhongliugema.jpg]
2016-03-21 14:40:29,092 FILE: [E:\WORK\Bin\UPIM\Release\fxs\UPIMUser\1155\head\zhongliugema.jpg]
2016-03-21 14:40:29,225 FILE: [E:\WORK\Bin\UPIM\Release\fxs\UPIMUser\1155\head\zhoumaohu.jpg]
2016-03-21 14:40:29,350 FILE: [E:\WORK\Bin\UPIM\Release\fxs\UPIMUser\1155\head\zksmgc.jpg]
2016-03-21 14:40:29,369 FILE: [E:\WORK\Bin\UPIM\Release\fxs\UPIMUser\1155\head\zksmgc.jpg]
2016-03-21 14:40:29,589 FILE: [E:\WORK\Bin\UPIM\Release\fxs\UPIMUser\1155\head\zzj135.jpg]
2016-03-21 14:42:57,309 Send:[UPIM_REQ_OLNOTIFY] userid:{"ct":2,"it":["TGUSER$1149$kikiwuqie","TGUSER$1149$youny"]}

2016-03-21 14:42:57,537 StopClient
2016-03-21 14:42:57,565 [SUCCESS]Socket Close ConnID:1
2016-03-21 14:42:57,576 1# CMyClient::OnClose
