2016-03-21 14:42:58,750 InitRichEditCom Start!
2016-03-21 14:43:00,337 Socket Connect OK! [ConnID:1]
2016-03-21 14:43:00,425 RecvData: iLength:311 nLen:286 Req:5001
2016-03-21 14:43:00,442 Recv:[UPIM_REQ_CHECKPWD]
2016-03-21 14:43:00,472 Send:[UPIM_REQ_ALLTGROOM] userid:1155
2016-03-21 14:43:00,484 T_OFFMSG ADD
2016-03-21 14:43:00,518 RecvData: iLength:275 nLen:250 Req:5040
2016-03-21 14:43:00,532 Recv:[UPIM_REQ_ALLTGROOM] ItemNum:1
2016-03-21 14:43:00,545 Send:[UPIM_REQ_ALLROOMTOUSER] userid:1155 roomid:1149
2016-03-21 14:43:00,557 CreateTgRoomAccNode PID:1149 PNAME:步步为盈 PNOTE:<p>以日内短线交易为主，顺应趋势为操作思路。在这里，没有模糊的区间，只有精确的做单点位；只有稳定的盈利。步步为营方可步步为盈！</
2016-03-21 14:43:00,586 FILE: [E:\WORK\Bin\UPIM\Release\fxs\UPIMUser\1155\head\my.jpg]
2016-03-21 14:43:00,608 RecvData: iLength:2800 nLen:2775 Req:5042
2016-03-21 14:43:00,619 Recv:[UPIM_REQ_ALLROOMTOUSER] ItemNum:100
2016-03-21 14:43:00,634 Send:[UPIM_REQ_GETGROUP] userid:1155
2016-03-21 14:43:00,644 CreateRoomClientNode:youny
2016-03-21 14:43:00,657 RecvData: iLength:2833 nLen:2808 Req:5042
2016-03-21 14:43:00,669 CreateRoomClientNode:1095587911
2016-03-21 14:43:00,681 Recv:[UPIM_REQ_ALLROOMTOUSER] ItemNum:100
2016-03-21 14:43:00,694 CreateRoomClientNode:1102046259
2016-03-21 14:43:00,713 Send:[UPIM_REQ_GETGROUP] userid:1155
2016-03-21 14:43:00,718 CreateRoomClientNode:1102046259
2016-03-21 14:43:00,730 RecvData: iLength:2880 nLen:2855 Req:5042
2016-03-21 14:43:00,743 CreateRoomClientNode:1198411948
2016-03-21 14:43:00,755 Recv:[UPIM_REQ_ALLROOMTOUSER] ItemNum:100
2016-03-21 14:43:00,767 CreateRoomClientNode:123456wangfy
2016-03-21 14:43:00,791 CreateRoomClientNode:1313800
2016-03-21 14:43:00,792 Send:[UPIM_REQ_GETGROUP] userid:1155
2016-03-21 14:43:00,805 CreateRoomClientNode:12056442
2016-03-21 14:43:00,816 RecvData: iLength:2857 nLen:2832 Req:5042
2016-03-21 14:43:00,830 CreateRoomClientNode:1313800
2016-03-21 14:43:00,841 Recv:[UPIM_REQ_ALLROOMTOUSER] ItemNum:100
2016-03-21 14:43:00,853 CreateRoomClientNode:13629969045mkh
2016-03-21 14:43:00,866 ### Packet Separator ERROR!
2016-03-21 14:43:00,878 CreateRoomClientNode:13678981788
2016-03-21 14:43:00,891 ### Packet Separator ERROR!
2016-03-21 14:43:00,903 CreateRoomClientNode:13801453322
2016-03-21 14:43:00,914 ### Packet Separator ERROR!
2016-03-21 14:43:00,928 CreateRoomClientNode:13818383675
2016-03-21 14:43:00,967 RecvData: iLength:241 nLen:216 Req:5043
2016-03-21 14:43:00,975 CreateRoomClientNode:13852913771
2016-03-21 14:43:00,980 Recv:[UPIM_REQ_GETGROUP] ItemNum:5
2016-03-21 14:43:00,992 CreateRoomClientNode:13877338218
2016-03-21 14:43:01,005 Send:[UPIM_REQ_GETGUSER] userid:1155 ngroupid:12
2016-03-21 14:43:01,018 CreateRoomClientNode:13965993775lcl
2016-03-21 14:43:01,030 Send:[UPIM_REQ_GETGUSER] userid:1155 ngroupid:18
2016-03-21 14:43:01,042 CreateRoomClientNode:13998693491
2016-03-21 14:43:01,055 Send:[UPIM_REQ_GETGUSER] userid:1155 ngroupid:23
2016-03-21 14:43:01,067 CreateRoomClientNode:15161
2016-03-21 14:43:01,079 Send:[UPIM_REQ_GETGUSER] userid:1155 ngroupid:24
2016-03-21 14:43:01,092 CreateRoomClientNode:15328836606
2016-03-21 14:43:01,104 Send:[UPIM_REQ_GETGUSER] userid:1155 ngroupid:25
2016-03-21 14:43:01,117 CreateRoomClientNode:15769405575
2016-03-21 14:43:01,140 CreateRoomClientNode:15801505038
2016-03-21 14:43:01,152 RecvData: iLength:241 nLen:216 Req:5043
2016-03-21 14:43:01,155 CreateRoomClientNode:15827576659
2016-03-21 14:43:01,168 Recv:[UPIM_REQ_GETGROUP] ItemNum:5
2016-03-21 14:43:01,182 CreateRoomClientNode:159951asd
2016-03-21 14:43:01,193 Send:[UPIM_REQ_GETGUSER] userid:1155 ngroupid:12
2016-03-21 14:43:01,207 CreateRoomClientNode:1701
2016-03-21 14:43:01,219 Send:[UPIM_REQ_GETGUSER] userid:1155 ngroupid:18
2016-03-21 14:43:01,233 CreateRoomClientNode:17013226
2016-03-21 14:43:01,245 Send:[UPIM_REQ_GETGUSER] userid:1155 ngroupid:23
2016-03-21 14:43:01,259 CreateRoomClientNode:18358020759
2016-03-21 14:43:01,271 Send:[UPIM_REQ_GETGUSER] userid:1155 ngroupid:24
2016-03-21 14:43:01,285 CreateRoomClientNode:18523159713
2016-03-21 14:43:01,297 Send:[UPIM_REQ_GETGUSER] userid:1155 ngroupid:25
2016-03-21 14:43:01,310 CreateRoomClientNode:18709637618
2016-03-21 14:43:01,322 RecvData: iLength:241 nLen:216 Req:5043
2016-03-21 14:43:01,335 CreateRoomClientNode:1892181
2016-03-21 14:43:01,349 Recv:[UPIM_REQ_GETGROUP] ItemNum:5
2016-03-21 14:43:01,361 CreateRoomClientNode:18927469068
2016-03-21 14:43:01,374 Send:[UPIM_REQ_GETGUSER] userid:1155 ngroupid:12
2016-03-21 14:43:01,387 CreateRoomClientNode:1captain
2016-03-21 14:43:01,400 Send:[UPIM_REQ_GETGUSER] userid:1155 ngroupid:18
2016-03-21 14:43:01,412 CreateRoomClientNode:20004804
2016-03-21 14:43:01,425 Send:[UPIM_REQ_GETGUSER] userid:1155 ngroupid:23
2016-03-21 14:43:01,438 CreateRoomClientNode:2206616977
2016-03-21 14:43:01,451 Send:[UPIM_REQ_GETGUSER] userid:1155 ngroupid:24
2016-03-21 14:43:01,464 CreateRoomClientNode:2229486452
2016-03-21 14:43:01,477 Send:[UPIM_REQ_GETGUSER] userid:1155 ngroupid:25
2016-03-21 14:43:01,490 CreateRoomClientNode:2299038
2016-03-21 14:43:01,503 RecvData: iLength:42 nLen:17 Req:5044
2016-03-21 14:43:01,515 CreateRoomClientNode:23zx456
2016-03-21 14:43:01,530 RecvData: iLength:42 nLen:17 Req:5044
2016-03-21 14:43:01,555 CreateRoomClientNode:240192205
2016-03-21 14:43:01,570 RecvData: iLength:42 nLen:17 Req:5044
2016-03-21 14:43:01,584 CreateRoomClientNode:247751700
2016-03-21 14:43:01,596 RecvData: iLength:42 nLen:17 Req:5044
2016-03-21 14:43:01,610 CreateRoomClientNode:320301
2016-03-21 14:43:01,622 RecvData: iLength:42 nLen:17 Req:5044
2016-03-21 14:43:01,635 CreateRoomClientNode:320524123000
2016-03-21 14:43:01,662 CreateRoomClientNode:33488
2016-03-21 14:43:01,672 RecvData: iLength:42 nLen:17 Req:5044
2016-03-21 14:43:01,673 CreateRoomClientNode:35009533
2016-03-21 14:43:01,699 CreateRoomClientNode:350351223
2016-03-21 14:43:01,713 CreateRoomClientNode:38005860
2016-03-21 14:43:01,725 CreateRoomClientNode:388
2016-03-21 14:43:01,738 CreateRoomClientNode:388878888
2016-03-21 14:43:01,751 CreateRoomClientNode:502
2016-03-21 14:43:01,764 CreateRoomClientNode:520521528
2016-03-21 14:43:01,776 CreateRoomClientNode:531658080
2016-03-21 14:43:01,790 CreateRoomClientNode:549710
2016-03-21 14:43:01,802 CreateRoomClientNode:55zhang
2016-03-21 14:43:01,816 CreateRoomClientNode:591
2016-03-21 14:43:01,828 CreateRoomClientNode:610597372
2016-03-21 14:43:01,840 CreateRoomClientNode:6175153h153
2016-03-21 14:43:01,854 CreateRoomClientNode:6222789
2016-03-21 14:43:01,866 CreateRoomClientNode:6226
2016-03-21 14:43:01,880 CreateRoomClientNode:644293083
2016-03-21 14:43:01,892 CreateRoomClientNode:646222254
2016-03-21 14:43:01,901 RecvData: iLength:42 nLen:17 Req:5044
2016-03-21 14:43:01,906 CreateRoomClientNode:728
2016-03-21 14:43:01,917 RecvData: iLength:42 nLen:17 Req:5044
2016-03-21 14:43:01,931 CreateRoomClientNode:729141877
2016-03-21 14:43:01,943 RecvData: iLength:42 nLen:17 Req:5044
2016-03-21 14:43:01,958 CreateRoomClientNode:775
2016-03-21 14:43:01,969 RecvData: iLength:42 nLen:17 Req:5044
2016-03-21 14:43:01,983 CreateRoomClientNode:77878
2016-03-21 14:43:01,995 RecvData: iLength:42 nLen:17 Req:5044
2016-03-21 14:43:02,009 CreateRoomClientNode:79324609
2016-03-21 14:43:02,021 RecvData: iLength:42 nLen:17 Req:5044
2016-03-21 14:43:02,033 CreateRoomClientNode:80167
2016-03-21 14:43:02,046 RecvData: iLength:42 nLen:17 Req:5044
2016-03-21 14:43:02,059 CreateRoomClientNode:8384997wmw
2016-03-21 14:43:02,072 RecvData: iLength:42 nLen:17 Req:5044
2016-03-21 14:43:02,085 CreateRoomClientNode:862401466
2016-03-21 14:43:02,098 RecvData: iLength:42 nLen:17 Req:5044
2016-03-21 14:43:02,111 CreateRoomClientNode:86461318
2016-03-21 14:43:02,136 CreateRoomClientNode:8820678
2016-03-21 14:43:02,150 CreateRoomClientNode:911zhouhong
2016-03-21 14:43:02,162 CreateRoomClientNode:943862434
2016-03-21 14:43:02,175 CreateRoomClientNode:958437654
2016-03-21 14:43:02,188 CreateRoomClientNode:977075779
2016-03-21 14:43:02,201 CreateRoomClientNode:99977633
2016-03-21 14:43:02,214 CreateRoomClientNode:a2632673
2016-03-21 14:43:02,227 CreateRoomClientNode:aa13998560778
2016-03-21 14:43:02,240 CreateRoomClientNode:abc114384
2016-03-21 14:43:02,251 CreateRoomClientNode:abcdefgycj
2016-03-21 14:43:02,265 CreateRoomClientNode:asd12345asd543
2016-03-21 14:43:02,277 CreateRoomClientNode:azsxdc1990
2016-03-21 14:43:02,378 CreateRoomClientNode:bccfkf
2016-03-21 14:43:02,445 CreateRoomClientNode:bccfw_up
2016-03-21 14:43:02,491 CreateRoomClientNode:bcg4567
2016-03-21 14:43:02,512 CreateRoomClientNode:beihai678
2016-03-21 14:43:02,526 CreateRoomClientNode:bnzyxql
2016-03-21 14:43:02,538 CreateRoomClientNode:bwin188
2016-03-21 14:43:02,552 CreateRoomClientNode:c197202050611
2016-03-21 14:43:02,564 CreateRoomClientNode:cfz123456cfz
2016-03-21 14:43:02,577 CreateRoomClientNode:changkairui88
2016-03-21 14:43:02,590 CreateRoomClientNode:chenhuaqing888
2016-03-21 14:43:02,603 CreateRoomClientNode:cherrygw
2016-03-21 14:43:02,615 CreateRoomClientNode:cjlcy123
2016-03-21 14:43:02,629 CreateRoomClientNode:clk201506
2016-03-21 14:43:02,641 CreateRoomClientNode:cm0218
2016-03-21 14:43:02,653 CreateRoomClientNode:cnitx
2016-03-21 14:43:02,675 CreateRoomClientNode:cr490701
2016-03-21 14:43:02,687 CreateRoomClientNode:cxlbest6508
2016-03-21 14:43:02,703 CreateRoomClientNode:czr6912
2016-03-21 14:43:02,715 CreateRoomClientNode:czsj001902
2016-03-21 14:43:02,729 CreateRoomClientNode:dabobo
2016-03-21 14:43:02,741 CreateRoomClientNode:dafuhaolail
2016-03-21 14:43:02,755 CreateRoomClientNode:datangwlg
2016-03-21 14:43:02,767 CreateRoomClientNode:ddf8
2016-03-21 14:43:02,780 CreateRoomClientNode:ddz1988
2016-03-21 14:43:02,793 CreateRoomClientNode:dengxuedong
2016-03-21 14:43:02,806 CreateRoomClientNode:dongfanghong36
2016-03-21 14:43:02,818 CreateRoomClientNode:easy0820
2016-03-21 14:43:02,832 CreateRoomClientNode:evagj
2016-03-21 14:43:02,844 CreateRoomClientNode:eweqeeee
2016-03-21 14:43:02,858 CreateRoomClientNode:faqlxq
2016-03-21 14:43:02,878 CreateRoomClientNode:farfalla
2016-03-21 14:43:02,892 CreateRoomClientNode:fengliang8523
2016-03-21 14:43:02,904 CreateRoomClientNode:ffs3839295
2016-03-21 14:43:02,916 CreateRoomClientNode:flw20148
2016-03-21 14:43:02,930 CreateRoomClientNode:g13816627635
2016-03-21 14:43:02,942 CreateRoomClientNode:gaobingdong
2016-03-21 14:43:02,956 CreateRoomClientNode:gene
2016-03-21 14:43:02,968 CreateRoomClientNode:gfzhou641030
2016-03-21 14:43:02,996 CreateRoomClientNode:ghqsyyyx
2016-03-21 14:43:03,010 CreateRoomClientNode:glhejunlin
2016-03-21 14:43:03,024 CreateRoomClientNode:gnxuyue
2016-03-21 14:43:03,036 CreateRoomClientNode:gp989sjp939
2016-03-21 14:43:03,051 CreateRoomClientNode:guanxuexin
2016-03-21 14:43:03,064 CreateRoomClientNode:gxgpgcy
2016-03-21 14:43:03,075 CreateRoomClientNode:gymrll
2016-03-21 14:43:03,088 CreateRoomClientNode:happy1989
2016-03-21 14:43:03,101 CreateRoomClientNode:hhpwww
2016-03-21 14:43:03,113 CreateRoomClientNode:hjchjc678
2016-03-21 14:43:03,127 CreateRoomClientNode:hjn_1970
2016-03-21 14:43:03,139 CreateRoomClientNode:hktk11
2016-03-21 14:43:03,151 CreateRoomClientNode:htbf
2016-03-21 14:43:03,165 CreateRoomClientNode:huangjinlian88
2016-03-21 14:43:03,177 CreateRoomClientNode:huiyiersan
2016-03-21 14:43:03,191 CreateRoomClientNode:hushw888
2016-03-21 14:43:03,206 CreateRoomClientNode:hwztiger
2016-03-21 14:43:03,217 CreateRoomClientNode:hxthpy
2016-03-21 14:43:03,229 CreateRoomClientNode:hxttzt
2016-03-21 14:43:03,242 CreateRoomClientNode:hzjddwj
2016-03-21 14:43:03,255 CreateRoomClientNode:hzr123456
2016-03-21 14:43:03,269 CreateRoomClientNode:itsocn68
2016-03-21 14:43:03,281 CreateRoomClientNode:jbhbu
2016-03-21 14:43:03,294 CreateRoomClientNode:jessen09
2016-03-21 14:43:03,306 CreateRoomClientNode:jhdcf1688
2016-03-21 14:43:03,320 CreateRoomClientNode:jhdxx
2016-03-21 14:43:03,332 CreateRoomClientNode:jhjh
2016-03-21 14:43:03,346 CreateRoomClientNode:jinsexingkong
2016-03-21 14:43:03,358 CreateRoomClientNode:jinshouzhi
2016-03-21 14:43:03,370 CreateRoomClientNode:jinwd315
2016-03-21 14:43:03,384 CreateRoomClientNode:jisheng7990
2016-03-21 14:43:03,396 CreateRoomClientNode:jmdcf1706
2016-03-21 14:43:03,410 CreateRoomClientNode:jmdgjs
2016-03-21 14:43:03,423 CreateRoomClientNode:kewei2015
2016-03-21 14:43:03,435 CreateRoomClientNode:kmduqing
2016-03-21 14:43:03,448 CreateRoomClientNode:knight368
2016-03-21 14:43:03,461 CreateRoomClientNode:ksmwx
2016-03-21 14:43:03,475 CreateRoomClientNode:kundera5010
2016-03-21 14:43:03,504 CreateRoomClientNode:l13972526198
2016-03-21 14:43:03,516 CreateRoomClientNode:laowangtx-lsq
2016-03-21 14:43:03,529 CreateRoomClientNode:leon-zrl
2016-03-21 14:43:03,542 CreateRoomClientNode:li66777
2016-03-21 14:43:03,555 CreateRoomClientNode:liao28
2016-03-21 14:43:03,567 CreateRoomClientNode:lifang0823
2016-03-21 14:43:03,581 CreateRoomClientNode:lijunwlx
2016-03-21 14:43:03,593 CreateRoomClientNode:lilang
2016-03-21 14:43:03,606 CreateRoomClientNode:lilii123456
2016-03-21 14:43:03,619 CreateRoomClientNode:lionhu680529
2016-03-21 14:43:03,631 CreateRoomClientNode:liupq8716
2016-03-21 14:43:03,645 CreateRoomClientNode:liuwuyi0501
2016-03-21 14:43:03,658 CreateRoomClientNode:lkx469440143
2016-03-21 14:43:03,688 CreateRoomClientNode:llggcc123456
2016-03-21 14:43:03,699 CreateRoomClientNode:lmjss003
2016-03-21 14:43:03,713 CreateRoomClientNode:lqlzg
2016-03-21 14:43:03,725 CreateRoomClientNode:ltlljl39735
2016-03-21 14:43:03,739 CreateRoomClientNode:luliansong
2016-03-21 14:43:03,751 CreateRoomClientNode:lxc621028
2016-03-21 14:43:03,764 CreateRoomClientNode:lyloffice
2016-03-21 14:43:03,777 CreateRoomClientNode:lym2020
2016-03-21 14:43:03,790 CreateRoomClientNode:lza2211297
2016-03-21 14:43:03,803 CreateRoomClientNode:maqi
2016-03-21 14:43:03,817 CreateRoomClientNode:mayuhuimarty
2016-03-21 14:43:03,829 CreateRoomClientNode:michaelowen
2016-03-21 14:43:03,843 CreateRoomClientNode:michealowen
2016-03-21 14:43:03,854 CreateRoomClientNode:michellezhou
2016-03-21 14:43:03,867 CreateRoomClientNode:mingqwe
2016-03-21 14:43:03,880 CreateRoomClientNode:mjh_stock
2016-03-21 14:43:03,892 CreateRoomClientNode:muzili288
2016-03-21 14:43:03,907 CreateRoomClientNode:nana93648
2016-03-21 14:43:03,918 CreateRoomClientNode:nancy1398
2016-03-21 14:43:03,932 CreateRoomClientNode:nanrenshihai_1
2016-03-21 14:43:03,944 CreateRoomClientNode:nantianyidi
2016-03-21 14:43:03,959 CreateRoomClientNode:ogame
2016-03-21 14:43:03,971 CreateRoomClientNode:onleading
2016-03-21 14:43:03,984 CreateRoomClientNode:ouyang666
2016-03-21 14:43:04,014 CreateRoomClientNode:paleann
2016-03-21 14:43:04,026 CreateRoomClientNode:qingdao123--
2016-03-21 14:43:04,038 CreateRoomClientNode:qwertt1
2016-03-21 14:43:04,051 CreateRoomClientNode:rigzyj321
2016-03-21 14:43:04,064 CreateRoomClientNode:ruofeiliyahoo
2016-03-21 14:43:04,077 CreateRoomClientNode:samuel_yuan
2016-03-21 14:43:04,090 CreateRoomClientNode:sdytmp
2016-03-21 14:43:04,102 CreateRoomClientNode:sgalex
2016-03-21 14:43:04,117 CreateRoomClientNode:shazuer
2016-03-21 14:43:04,129 CreateRoomClientNode:sofia-yang
2016-03-21 14:43:04,142 CreateRoomClientNode:su123321
2016-03-21 14:43:04,153 CreateRoomClientNode:sxdzrj
2016-03-21 14:43:04,166 CreateRoomClientNode:syxs6636
2016-03-21 14:43:04,179 CreateRoomClientNode:szhwzwz-163.co
2016-03-21 14:43:04,191 CreateRoomClientNode:tb7539099_2011
2016-03-21 14:43:04,204 CreateRoomClientNode:tingweng
2016-03-21 14:43:04,216 CreateRoomClientNode:tougu888
2016-03-21 14:43:04,229 CreateRoomClientNode:tqchengg
2016-03-21 14:43:04,241 CreateRoomClientNode:tyjcpljs
2016-03-21 14:43:04,252 CreateRoomClientNode:tyyzfj
2016-03-21 14:43:04,267 CreateRoomClientNode:tzlyb
2016-03-21 14:43:04,277 CreateRoomClientNode:tzweis56
2016-03-21 14:43:04,390 CreateRoomClientNode:tzws01
2016-03-21 14:43:04,402 CreateRoomClientNode:up_call_m_010
2016-03-21 14:43:04,414 CreateRoomClientNode:upchina200
2016-03-21 14:43:04,428 CreateRoomClientNode:uptrade
2016-03-21 14:43:04,443 CreateRoomClientNode:w123_ww
2016-03-21 14:43:04,460 CreateRoomClientNode:wan000000
2016-03-21 14:43:04,472 CreateRoomClientNode:wang711116
2016-03-21 14:43:04,487 CreateRoomClientNode:wanglj569
2016-03-21 14:43:04,511 CreateRoomClientNode:wangxing100
2016-03-21 14:43:04,525 CreateRoomClientNode:wangxinrui1976
2016-03-21 14:43:04,538 CreateRoomClientNode:wanlitian
2016-03-21 14:43:04,550 CreateRoomClientNode:weigu9998
2016-03-21 14:43:04,563 CreateRoomClientNode:whf771223
2016-03-21 14:43:04,575 CreateRoomClientNode:whwhok
2016-03-21 14:43:04,586 CreateRoomClientNode:wjgzhq
2016-03-21 14:43:04,599 CreateRoomClientNode:wlda
2016-03-21 14:43:04,612 CreateRoomClientNode:woniuzuogaotie
2016-03-21 14:43:04,624 CreateRoomClientNode:wudonglei
2016-03-21 14:43:04,636 CreateRoomClientNode:wuhanzd
2016-03-21 14:43:04,650 CreateRoomClientNode:wuye1002
2016-03-21 14:43:04,661 CreateRoomClientNode:wuyoushenlong
2016-03-21 14:43:04,672 CreateRoomClientNode:wyj994175248
2016-03-21 14:43:04,686 CreateRoomClientNode:wywhl
2016-03-21 14:43:04,698 CreateRoomClientNode:xiaodao006
2016-03-21 14:43:04,710 CreateRoomClientNode:xiaoqian88
2016-03-21 14:43:04,722 CreateRoomClientNode:xiehj611
2016-03-21 14:43:04,734 CreateRoomClientNode:xrong62
2016-03-21 14:43:04,747 CreateRoomClientNode:xsdyangjun
2016-03-21 14:43:04,759 CreateRoomClientNode:xshy19658
2016-03-21 14:43:04,772 CreateRoomClientNode:xtsffjtg
2016-03-21 14:43:04,784 CreateRoomClientNode:xubangxin
2016-03-21 14:43:04,796 CreateRoomClientNode:xubaoqing12345
2016-03-21 14:43:04,809 CreateRoomClientNode:xuzhifang
2016-03-21 14:43:04,820 CreateRoomClientNode:xwl1234
2016-03-21 14:43:04,833 CreateRoomClientNode:y080911
2016-03-21 14:43:04,845 CreateRoomClientNode:y13719246136
2016-03-21 14:43:04,858 CreateRoomClientNode:yanghuagp
2016-03-21 14:43:04,870 CreateRoomClientNode:yangjn6189
2016-03-21 14:43:04,882 CreateRoomClientNode:yaochen0827
2016-03-21 14:43:04,895 CreateRoomClientNode:ycchxs
2016-03-21 14:43:04,907 CreateRoomClientNode:ye202006
2016-03-21 14:43:04,920 CreateRoomClientNode:yemh1027
2016-03-21 14:43:04,932 CreateRoomClientNode:yhtcrq
2016-03-21 14:43:04,943 CreateRoomClientNode:yinjr0110
2016-03-21 14:43:04,971 CreateRoomClientNode:yjs033634
2016-03-21 14:43:04,984 CreateRoomClientNode:ysasd
2016-03-21 14:43:04,999 CreateRoomClientNode:ysk666666ysk
2016-03-21 14:43:05,017 CreateRoomClientNode:yt0535
2016-03-21 14:43:05,030 CreateRoomClientNode:yuandelin20
2016-03-21 14:43:05,042 CreateRoomClientNode:yuch0926
2016-03-21 14:43:05,054 CreateRoomClientNode:yunfeiyang1234
2016-03-21 14:43:05,067 CreateRoomClientNode:yunlaowang
2016-03-21 14:43:05,080 CreateRoomClientNode:yuwenhua123
2016-03-21 14:43:05,092 CreateRoomClientNode:ywpr_2008
2016-03-21 14:43:05,104 CreateRoomClientNode:yxgchina
2016-03-21 14:43:05,116 CreateRoomClientNode:z84226175h
2016-03-21 14:43:05,129 CreateRoomClientNode:zbk588
2016-03-21 14:43:05,141 CreateRoomClientNode:zcy7808971005
2016-03-21 14:43:05,154 CreateRoomClientNode:zdd148
2016-03-21 14:43:05,166 CreateRoomClientNode:zfrby8
2016-03-21 14:43:05,177 CreateRoomClientNode:zhanghuang
2016-03-21 14:43:05,190 CreateRoomClientNode:zhiyuan.jmd
2016-03-21 14:43:05,202 CreateRoomClientNode:zhizhu358
2016-03-21 14:43:05,215 CreateRoomClientNode:zhongliugema
2016-03-21 14:43:05,227 CreateRoomClientNode:zhouchao1958
2016-03-21 14:43:05,240 CreateRoomClientNode:zhoumaohu
2016-03-21 14:43:05,252 CreateRoomClientNode:ziyouzizai5757
2016-03-21 14:43:05,264 CreateRoomClientNode:zjbsjzly
2016-03-21 14:43:05,277 CreateRoomClientNode:zjf_0589
2016-03-21 14:43:05,289 CreateRoomClientNode:zksmgc
2016-03-21 14:43:05,302 CreateRoomClientNode:zou0708
2016-03-21 14:43:05,313 CreateRoomClientNode:zsqpost
2016-03-21 14:43:05,325 CreateRoomClientNode:zszzsz5432100
2016-03-21 14:43:05,338 CreateRoomClientNode:zwgxdm998
2016-03-21 14:43:05,350 CreateRoomClientNode:zwp681208
2016-03-21 14:43:05,363 CreateRoomClientNode:zym0908
2016-03-21 14:43:05,374 CreateRoomClientNode:zzj135
2016-03-21 14:43:05,389 CreateRoomClientNode:0119907474
2016-03-21 14:43:05,399 CreateRoomClientNode:03123526263liw
2016-03-21 14:43:05,411 CreateRoomClientNode:1017614320
2016-03-21 14:43:05,424 CreateRoomClientNode:1063713111
2016-03-21 14:43:05,568 T_OFFMSG DEL
2016-03-21 14:43:05,594 Send:[UPIM_REQ_OFFMSG] userid:1155
2016-03-21 14:43:15,036 Pic size Error [http://q.qlogo.cn/qqapp/1101314223/33657C28A4B6C45293CBD85398D70AE1/40](915)
2016-03-21 14:43:15,041 Pic size Error [http://q.qlogo.cn/qqapp/1101314223/33657C28A4B6C45293CBD85398D70AE1/40](915)
2016-03-21 14:43:15,371 Pic size Error [http://q.qlogo.cn/qqapp/1101314223/33657C28A4B6C45293CBD85398D70AE1/40](915)
2016-03-21 14:43:17,809 RecvData: iLength:61 nLen:36 Req:5033
2016-03-21 14:43:43,767 RecvData: iLength:204 nLen:179 Req:5011
2016-03-21 14:43:46,253 MsgDlg:(1631,932,1889,1040)
2016-03-21 14:47:52,638 RecvData: iLength:61 nLen:36 Req:5033
2016-03-21 14:48:10,541 RecvData: iLength:61 nLen:36 Req:5033
2016-03-21 14:48:14,039 RecvData: iLength:201 nLen:176 Req:5011
2016-03-21 14:48:27,062 MsgDlg:(1628,932,1886,1040)
2016-03-21 14:48:27,457 MsgDlg:(1630,932,1888,1040)
2016-03-21 14:48:31,366 RecvData: iLength:73 nLen:48 Req:5010
2016-03-21 14:48:31,653 RecvData: iLength:150 nLen:125 Req:5038
2016-03-21 14:48:40,153 RecvData: iLength:73 nLen:48 Req:5010
2016-03-21 14:48:40,449 RecvData: iLength:150 nLen:125 Req:5038
2016-03-21 14:48:45,521 RecvData: iLength:73 nLen:48 Req:5010
2016-03-21 14:48:45,760 RecvData: iLength:150 nLen:125 Req:5038
2016-03-21 14:49:30,903 RecvData: iLength:73 nLen:48 Req:5010
2016-03-21 14:49:31,127 RecvData: iLength:150 nLen:125 Req:5038
2016-03-21 14:49:58,432 Send:[UPIM_REQ_OLNOTIFY] userid:{"ct":2,"it":["TGUSER$1149$kikiwuqie","TGUSER$1149$youny"]}

2016-03-21 14:49:58,871 StopClient
2016-03-21 14:49:58,891 [SUCCESS]Socket Close ConnID:1
2016-03-21 14:49:58,903 1# CMyClient::OnClose
