2016-05-26 17:16:31,305 InitRichEditCom Start!
2016-05-26 17:16:35,370 Socket Connect OK! [ConnID:1]
2016-05-26 17:16:35,410 RecvData: iLength:311 nLen:286 Req:5001
2016-05-26 17:16:35,422 Recv:[UPIM_REQ_CHECKPWD]
2016-05-26 17:16:35,435 OnCheckPwdAns:m_strUserid = 1148 --m_strUserName = 吴俊铭
2016-05-26 17:16:35,447 验证密码结束，开始登录服务器:29986777
2016-05-26 17:16:35,465 Send:[UPIM_REQ_ALLTGROOM] userid:1148
2016-05-26 17:16:35,481 T_OFFMSG ADD
2016-05-26 17:16:35,517 RecvData: iLength:191 nLen:166 Req:5040
2016-05-26 17:16:35,531 Recv:[UPIM_REQ_ALLTGROOM] ItemNum:1
2016-05-26 17:16:35,545 Send:[UPIM_REQ_ALLROOMTOUSER] userid:1148 roomid:1146
2016-05-26 17:16:35,557 CreateTgRoomAccNode PID:1146 PNAME:量化交易 PNOTE:<p>量化模型结合时空趋势，精准出击！<br /></p>
2016-05-26 17:16:35,620 RecvData: iLength:2359 nLen:2334 Req:5042
2016-05-26 17:16:35,632 Recv:[UPIM_REQ_ALLROOMTOUSER] ItemNum:100
2016-05-26 17:16:43,784 FILE: [E:\testim\UPIM\..\Bin\UPIM\Debug\UPIMUser\吴俊铭\head\my.jpg]
2016-05-26 17:16:43,785 Send:[UPIM_REQ_GETGROUP] userid:1148
2016-05-26 17:16:43,842 RecvData: iLength:2359 nLen:2334 Req:5042
2016-05-26 17:16:43,872 增加房间客户成功
2016-05-26 17:16:43,905 Recv:[UPIM_REQ_ALLROOMTOUSER] ItemNum:100
2016-05-26 17:16:45,044 T_OFFMSG DEL
2016-05-26 17:16:45,104 Send:[UPIM_REQ_OFFMSG] userid:1148
2016-05-26 17:16:45,116 Send:[UPIM_REQ_GETGROUP] userid:1148
2016-05-26 17:16:45,147 RecvData: iLength:2359 nLen:2334 Req:5042
2016-05-26 17:16:45,155 增加房间客户成功
2016-05-26 17:16:45,168 Recv:[UPIM_REQ_ALLROOMTOUSER] ItemNum:100
2016-05-26 17:16:46,308 Send:[UPIM_REQ_GETGROUP] userid:1148
2016-05-26 17:16:46,332 ### 解析： 622-622
2016-05-26 17:16:46,334 增加房间客户成功
2016-05-26 17:16:46,350 RecvData: iLength:2307 nLen:2282 Req:5042
2016-05-26 17:16:46,374 Recv:[UPIM_REQ_ALLROOMTOUSER] ItemNum:100
2016-05-26 17:16:47,732 Send:[UPIM_REQ_GETGROUP] userid:1148
2016-05-26 17:16:47,751 大于 iBufferIndex = 2929 
2016-05-26 17:16:47,756 增加房间客户成功
2016-05-26 17:16:47,761 小于 iBufferIndex = 4096 
2016-05-26 17:16:47,786 RecvData: iLength:2259 nLen:2234 Req:5042
2016-05-26 17:16:47,798 Recv:[UPIM_REQ_ALLROOMTOUSER] ItemNum:100
2016-05-26 17:16:47,874 Send:[UPIM_REQ_GETGROUP] userid:1148
2016-05-26 17:16:47,893 ### 解析： 1092-1092
2016-05-26 17:16:47,900 增加房间客户成功
2016-05-26 17:16:47,903 RecvData: iLength:2259 nLen:2234 Req:5042
2016-05-26 17:16:47,928 Recv:[UPIM_REQ_ALLROOMTOUSER] ItemNum:100
2016-05-26 17:16:48,013 Send:[UPIM_REQ_GETGROUP] userid:1148
2016-05-26 17:16:48,031 大于 iBufferIndex = 3351 
2016-05-26 17:16:48,038 增加房间客户成功
2016-05-26 17:16:48,042 小于 iBufferIndex = 4096 
2016-05-26 17:16:48,067 RecvData: iLength:894 nLen:869 Req:5042
2016-05-26 17:16:48,079 Recv:[UPIM_REQ_ALLROOMTOUSER] ItemNum:38
2016-05-26 17:16:48,137 Send:[UPIM_REQ_GETGROUP] userid:1148
2016-05-26 17:16:48,145 增加房间客户成功
2016-05-26 17:16:48,156 ### 解析： 149-149
2016-05-26 17:16:48,213 RecvData: iLength:38 nLen:13 Req:5043
2016-05-26 17:16:48,455 RecvData: iLength:38 nLen:13 Req:5043
2016-05-26 17:16:48,471 RecvData: iLength:38 nLen:13 Req:5043
2016-05-26 17:16:48,483 RecvData: iLength:38 nLen:13 Req:5043
2016-05-26 17:16:48,497 RecvData: iLength:38 nLen:13 Req:5043
2016-05-26 17:16:48,509 RecvData: iLength:38 nLen:13 Req:5043
2016-05-26 17:16:48,520 RecvData: iLength:38 nLen:13 Req:5043
2016-05-26 17:16:58,992 Send:[UPIM_REQ_OLNOTIFY] userid:{"ct":50,"it":["TGUSER$1146$10044818","TGUSER$1146$10352218","TGUSER$1146$10428282","TGUSER$1146$10452907","TGUSER$1146$10518429","TGUSER$1146$10524756","TGUSER$1146$10526716","TGUSER$1146$10587395","TGUSER$1146$10596021","TGUSER$1146$10628286","TGUSER$1146$10640561","TGUSER$1146$10643996","TGUSER$1146$10652627","TGUSER$1146$10656185","TGUSER$1146$10657609","TGUSER$1146$10666056","TGUSER$1146$10673762","TGUSER$1146$10702000","TGUSER$1146$10730117","TGUSER$1146$10734715","TGUSER$1146$10737166","TGUSER$1146$10781821","TGUSER$1146$10791342","TGUSER$1146$10807304","TGUSER$1146$10815039","TGUSER$1146$10864074","TGUSER$1146$10889214","TGUSER$1146$10899403","TGUSER$1146$10923026","TGUSER$1146$10924071","TGUSER$1146$10932631","TGUSER$1146$10950466","TGUSER$1146$10968084","TGUSER$1146$10983641","TGUSER$1146$10998552","TGUSER$1146$11025635","TGUSER$1146$11058232","TGUSER$1146$11058454","TGUSER$1146$11060662","TGUSER$1146$11076501","TGUSER$1146$11077207","TGUSER$1146$11091497","TGUSER$1146$11095765","TGUSER$1146$11100921","TGUSER$1146$11126083","TGUSER$1146$11135701","TGUSER$1146$11140880","TGUSER$1146$11141983","TGUSER$1146$11142276","TGUSER$1146$11145188"]}

2016-05-26 17:16:59,046 Send:[UPIM_REQ_OLNOTIFY] userid:{"ct":50,"it":["TGUSER$1146$11149313","TGUSER$1146$11158313","TGUSER$1146$11160596","TGUSER$1146$11165202","TGUSER$1146$11168250","TGUSER$1146$11176945","TGUSER$1146$11186578","TGUSER$1146$11189786","TGUSER$1146$11193251","TGUSER$1146$11205357","TGUSER$1146$11206916","TGUSER$1146$11222765","TGUSER$1146$11225032","TGUSER$1146$11241496","TGUSER$1146$11247259","TGUSER$1146$11259733","TGUSER$1146$6009941","TGUSER$1146$6117402","TGUSER$1146$6144486","TGUSER$1146$6300563","TGUSER$1146$6301950","TGUSER$1146$6322400","TGUSER$1146$6322532","TGUSER$1146$6322680","TGUSER$1146$6327843","TGUSER$1146$6363889","TGUSER$1146$6674571","TGUSER$1146$6679130","TGUSER$1146$6679633","TGUSER$1146$6776282","TGUSER$1146$6795269","TGUSER$1146$6798746","TGUSER$1146$6811544","TGUSER$1146$6848757","TGUSER$1146$7030790","TGUSER$1146$7093646","TGUSER$1146$7145190","TGUSER$1146$7168267","TGUSER$1146$7168667","TGUSER$1146$7192659","TGUSER$1146$7229549","TGUSER$1146$7316628","TGUSER$1146$7673944","TGUSER$1146$7980562","TGUSER$1146$8067247","TGUSER$1146$8186705","TGUSER$1146$8273759","TGUSER$1146$8276569","TGUSER$1146$8499305","TGUSER$1146$8499313"]}

2016-05-26 17:16:59,063 Send:[UPIM_REQ_OLNOTIFY] userid:{"ct":9,"it":["TGUSER$1146$8518487","TGUSER$1146$8535900","TGUSER$1146$8748928","TGUSER$1146$9056040","TGUSER$1146$9063615","TGUSER$1146$9173585","TGUSER$1146$9559834","TGUSER$1146$9588771","TGUSER$1146$9725412"]}

2016-05-26 17:16:59,201 StopClient
2016-05-26 17:16:59,213 [SUCCESS]Socket Close ConnID:1
2016-05-26 17:16:59,224 1# CMyClient::OnClose
