2016-06-03 10:41:36,404 InitRichEditCom Start!
2016-06-03 10:41:38,846 Socket Connect OK! [ConnID:1]
2016-06-03 10:41:38,907 RecvData: iLength:311 nLen:286 Req:5001
2016-06-03 10:41:38,921 Recv:[UPIM_REQ_CHECKPWD]
2016-06-03 10:41:38,935 OnCheckPwdAns:m_strUserid = 1142 --m_strUserName = 吴锲
2016-06-03 10:41:38,947 验证密码结束，开始登录服务器:6491279
2016-06-03 10:41:39,071 Send:[UPIM_REQ_ALLTGROOM] userid:1142
2016-06-03 10:41:39,084 T_OFFMSG ADD
2016-06-03 10:41:39,120 RecvData: iLength:207 nLen:182 Req:5040
2016-06-03 10:41:39,134 Recv:[UPIM_REQ_ALLTGROOM] ItemNum:1
2016-06-03 10:41:39,147 Send:[UPIM_REQ_ALLROOMTOUSER] userid:1142 roomid:1143
2016-06-03 10:41:39,160 CreateTgRoomAccNode PID:1143 PNAME:大赢家（VIP） PNOTE:<p>大道至简，用专业改变格局！</p><p>6666666666666666</p>
2016-06-03 10:41:39,250 RecvData: iLength:2359 nLen:2334 Req:5042
2016-06-03 10:41:39,261 Recv:[UPIM_REQ_ALLROOMTOUSER] ItemNum:100
2016-06-03 10:41:39,282 Send:[UPIM_REQ_GETGROUP] userid:1142
2016-06-03 10:41:39,305 RecvData: iLength:2340 nLen:2315 Req:5042
2016-06-03 10:41:39,316 Recv:[UPIM_REQ_ALLROOMTOUSER] ItemNum:100
2016-06-03 10:41:39,344 Send:[UPIM_REQ_GETGROUP] userid:1142
2016-06-03 10:41:39,362 RecvData: iLength:2259 nLen:2234 Req:5042
2016-06-03 10:41:39,379 Pic size Error [http://img.upchinafund.com/upimg/201509/25165357751.jpg](1163)
2016-06-03 10:41:39,381 Recv:[UPIM_REQ_ALLROOMTOUSER] ItemNum:100
2016-06-03 10:41:39,428 Send:[UPIM_REQ_GETGROUP] userid:1142
2016-06-03 10:41:39,444 RecvData: iLength:2082 nLen:2057 Req:5042
2016-06-03 10:41:39,449 增加房间客户成功
2016-06-03 10:41:39,456 Recv:[UPIM_REQ_ALLROOMTOUSER] ItemNum:92
2016-06-03 10:41:39,470 增加房间客户成功
2016-06-03 10:41:39,508 Send:[UPIM_REQ_GETGROUP] userid:1142
2016-06-03 10:41:39,514 增加房间客户成功
2016-06-03 10:41:39,525 RecvData: iLength:38 nLen:13 Req:5043
2016-06-03 10:41:39,539 增加房间客户成功
2016-06-03 10:41:39,550 RecvData: iLength:38 nLen:13 Req:5043
2016-06-03 10:41:39,599 RecvData: iLength:38 nLen:13 Req:5043
2016-06-03 10:41:39,820 RecvData: iLength:38 nLen:13 Req:5043
2016-06-03 10:41:41,732 T_OFFMSG DEL
2016-06-03 10:41:41,750 Send:[UPIM_REQ_OFFMSG] userid:1142
2016-06-03 10:41:53,683 StopClient
2016-06-03 10:41:53,704 [SUCCESS]Socket Close ConnID:1
2016-06-03 10:41:53,716 1# CMyClient::OnClose
