2016-07-11 19:01:59,756 [8] ERROR errLoger - 消息监听及委托||set_message_listener_call_back||Newtonsoft.Json.JsonReaderException: Unexpected character encountered while parsing value: 测. Path 'data', line 1, position 25.
   在 Newtonsoft.Json.JsonTextReader.ParseValue()
   在 Newtonsoft.Json.JsonTextReader.ReadInternal()
   在 Newtonsoft.Json.JsonTextReader.Read()
   在 Newtonsoft.Json.Linq.JContainer.ReadContentFrom(JsonReader r)
   在 Newtonsoft.Json.Linq.JContainer.ReadTokenFrom(JsonReader reader)
   在 Newtonsoft.Json.Linq.JObject.Load(JsonReader reader)
   在 Newtonsoft.Json.Linq.JObject.Parse(String json)
   在 IMCRM.ClientDemo.FrmMain.message_dealwith(String json_str) 位置 E:\Work\IMCRM\IMCRM.ClientDemo\FrmMain.cs:行号 135
2016-07-11 19:01:59,776 [8] ERROR errLoger - 消息监听及委托||set_message_listener_call_back||Newtonsoft.Json.JsonReaderException: Unexpected character encountered while parsing value: 测. Path 'data', line 1, position 25.
   在 Newtonsoft.Json.JsonTextReader.ParseValue()
   在 Newtonsoft.Json.JsonTextReader.ReadInternal()
   在 Newtonsoft.Json.JsonTextReader.Read()
   在 Newtonsoft.Json.Linq.JContainer.ReadContentFrom(JsonReader r)
   在 Newtonsoft.Json.Linq.JContainer.ReadTokenFrom(JsonReader reader)
   在 Newtonsoft.Json.Linq.JObject.Load(JsonReader reader)
   在 Newtonsoft.Json.Linq.JObject.Parse(String json)
   在 IMCRM.ClientDemo.FrmMain.message_dealwith(String json_str) 位置 E:\Work\IMCRM\IMCRM.ClientDemo\FrmMain.cs:行号 135
2016-07-11 19:01:59,790 [8] ERROR errLoger - 消息监听及委托||set_message_listener_call_back||Newtonsoft.Json.JsonReaderException: Unexpected character encountered while parsing value: 测. Path 'data', line 1, position 25.
   在 Newtonsoft.Json.JsonTextReader.ParseValue()
   在 Newtonsoft.Json.JsonTextReader.ReadInternal()
   在 Newtonsoft.Json.JsonTextReader.Read()
   在 Newtonsoft.Json.Linq.JContainer.ReadContentFrom(JsonReader r)
   在 Newtonsoft.Json.Linq.JContainer.ReadTokenFrom(JsonReader reader)
   在 Newtonsoft.Json.Linq.JObject.Load(JsonReader reader)
   在 Newtonsoft.Json.Linq.JObject.Parse(String json)
   在 IMCRM.ClientDemo.FrmMain.message_dealwith(String json_str) 位置 E:\Work\IMCRM\IMCRM.ClientDemo\FrmMain.cs:行号 135
2016-07-11 19:01:59,809 [8] ERROR errLoger - 消息监听及委托||set_message_listener_call_back||Newtonsoft.Json.JsonReaderException: Unexpected character encountered while parsing value: 测. Path 'data', line 1, position 25.
   在 Newtonsoft.Json.JsonTextReader.ParseValue()
   在 Newtonsoft.Json.JsonTextReader.ReadInternal()
   在 Newtonsoft.Json.JsonTextReader.Read()
   在 Newtonsoft.Json.Linq.JContainer.ReadContentFrom(JsonReader r)
   在 Newtonsoft.Json.Linq.JContainer.ReadTokenFrom(JsonReader reader)
   在 Newtonsoft.Json.Linq.JObject.Load(JsonReader reader)
   在 Newtonsoft.Json.Linq.JObject.Parse(String json)
   在 IMCRM.ClientDemo.FrmMain.message_dealwith(String json_str) 位置 E:\Work\IMCRM\IMCRM.ClientDemo\FrmMain.cs:行号 135
2016-07-11 19:01:59,823 [8] ERROR errLoger - 消息监听及委托||set_message_listener_call_back||Newtonsoft.Json.JsonReaderException: Unexpected character encountered while parsing value: 测. Path 'data', line 1, position 25.
   在 Newtonsoft.Json.JsonTextReader.ParseValue()
   在 Newtonsoft.Json.JsonTextReader.ReadInternal()
   在 Newtonsoft.Json.JsonTextReader.Read()
   在 Newtonsoft.Json.Linq.JContainer.ReadContentFrom(JsonReader r)
   在 Newtonsoft.Json.Linq.JContainer.ReadTokenFrom(JsonReader reader)
   在 Newtonsoft.Json.Linq.JObject.Load(JsonReader reader)
   在 Newtonsoft.Json.Linq.JObject.Parse(String json)
   在 IMCRM.ClientDemo.FrmMain.message_dealwith(String json_str) 位置 E:\Work\IMCRM\IMCRM.ClientDemo\FrmMain.cs:行号 135
2016-07-11 19:02:10,407 [8] ERROR errLoger - 消息监听及委托||set_message_listener_call_back||Newtonsoft.Json.JsonReaderException: Unexpected character encountered while parsing value: 测. Path 'data', line 1, position 25.
   在 Newtonsoft.Json.JsonTextReader.ParseValue()
   在 Newtonsoft.Json.JsonTextReader.ReadInternal()
   在 Newtonsoft.Json.JsonTextReader.Read()
   在 Newtonsoft.Json.Linq.JContainer.ReadContentFrom(JsonReader r)
   在 Newtonsoft.Json.Linq.JContainer.ReadTokenFrom(JsonReader reader)
   在 Newtonsoft.Json.Linq.JObject.Load(JsonReader reader)
   在 Newtonsoft.Json.Linq.JObject.Parse(String json)
   在 IMCRM.ClientDemo.FrmMain.message_dealwith(String json_str) 位置 E:\Work\IMCRM\IMCRM.ClientDemo\FrmMain.cs:行号 135
